Log file open, 08/03/21 00:26:44
LogWindows: Failed to load 'aqProf.dll' (GetLastError=126)
LogWindows: File 'aqProf.dll' does not exist
LogWindows: Failed to load 'VtuneApi.dll' (GetLastError=126)
LogWindows: File 'VtuneApi.dll' does not exist
LogWindows: Failed to load 'VtuneApi32e.dll' (GetLastError=126)
LogWindows: File 'VtuneApi32e.dll' does not exist
LogInit: Display: Running engine for game: SecondProject
LogPlatformFile: Not using cached read wrapper
LogInit: Display: RandInit(-2055179541) SRandInit(-2055179541).
LogInit: Read version file with build ID '3944462'
LogInit: Overriding engine version to CL 4033788, compatible CL 3944462
LogInit: Registered custom module enumerator with build ID '3944462'
LogTaskGraph: Started task graph with 5 named threads and 23 total threads with 3 sets of task threads.
LogStats: Stats thread started at 0.371078
LogD3D11RHI: Aftermath initialized
LogICUInternationalization: Display: ICU TimeZone Detection - Raw Offset: +9:00, Platform Override: ''
LogModuleManager: Display: Found up-to-date module file ../../../Engine/Plugins/2D/Paper2D/Binaries/Win64/UE4Editor-Paper2D.dll (API version 3944462).
LogModuleManager: Display: Found up-to-date module file ../../../Engine/Plugins/2D/Paper2D/Binaries/Win64/UE4Editor-Paper2DEditor.dll (API version 3944462).
LogModuleManager: Display: Found up-to-date module file ../../../Engine/Plugins/2D/Paper2D/Binaries/Win64/UE4Editor-PaperSpriteSheetImporter.dll (API version 3944462).
LogModuleManager: Display: Found up-to-date module file ../../../Engine/Plugins/2D/Paper2D/Binaries/Win64/UE4Editor-PaperTiledImporter.dll (API version 3944462).
LogModuleManager: Display: Found up-to-date module file ../../../Engine/Plugins/2D/Paper2D/Binaries/Win64/UE4Editor-SmartSnapping.dll (API version 3944462).
LogModuleManager: Display: Found up-to-date module file ../../../Engine/Plugins/Blendables/LightPropagationVolume/Binaries/Win64/UE4Editor-LightPropagationVolumeRuntime.dll (API version 3944462).
LogModuleManager: Display: Found up-to-date module file ../../../Engine/Plugins/Blendables/LightPropagationVolume/Binaries/Win64/UE4Editor-LightPropagationVolumeEditor.dll (API version 3944462).
LogModuleManager: Display: Found up-to-date module file ../../../Engine/Plugins/Developer/CLionSourceCodeAccess/Binaries/Win64/UE4Editor-CLionSourceCodeAccess.dll (API version 3944462).
LogModuleManager: Display: Found up-to-date module file ../../../Engine/Plugins/Developer/GitSourceControl/Binaries/Win64/UE4Editor-GitSourceControl.dll (API version 3944462).
LogModuleManager: Display: Found up-to-date module file ../../../Engine/Plugins/Developer/PerforceSourceControl/Binaries/Win64/UE4Editor-PerforceSourceControl.dll (API version 3944462).
LogModuleManager: Display: Found up-to-date module file ../../../Engine/Plugins/Developer/SubversionSourceControl/Binaries/Win64/UE4Editor-SubversionSourceControl.dll (API version 3944462).
LogModuleManager: Display: Found up-to-date module file ../../../Engine/Plugins/Developer/UObjectPlugin/Binaries/Win64/UE4Editor-UObjectPlugin.dll (API version 3944462).
LogModuleManager: Display: Found up-to-date module file ../../../Engine/Plugins/Developer/VisualStudioCodeSourceCodeAccess/Binaries/Win64/UE4Editor-VisualStudioCodeSourceCodeAccess.dll (API version 3944462).
LogModuleManager: Display: Found up-to-date module file ../../../Engine/Plugins/Developer/VisualStudioSourceCodeAccess/Binaries/Win64/UE4Editor-VisualStudioSourceCodeAccess.dll (API version 3944462).
LogModuleManager: Display: Found up-to-date module file ../../../Engine/Plugins/Editor/AssetManagerEditor/Binaries/Win64/UE4Editor-AssetManagerEditor.dll (API version 3944462).
LogModuleManager: Display: Found up-to-date module file ../../../Engine/Plugins/Editor/CryptoKeys/Binaries/Win64/UE4Editor-CryptoKeys.dll (API version 3944462).
LogModuleManager: Display: Found up-to-date module file ../../../Engine/Plugins/Editor/CryptoKeys/Binaries/Win64/UE4Editor-CryptoKeysOpenSSL.dll (API version 3944462).
LogModuleManager: Display: Found up-to-date module file ../../../Engine/Plugins/Editor/DataValidation/Binaries/Win64/UE4Editor-DataValidation.dll (API version 3944462).
LogModuleManager: Display: Found up-to-date module file ../../../Engine/Plugins/Editor/FacialAnimation/Binaries/Win64/UE4Editor-FacialAnimation.dll (API version 3944462).
LogModuleManager: Display: Found up-to-date module file ../../../Engine/Plugins/Editor/FacialAnimation/Binaries/Win64/UE4Editor-FacialAnimationEditor.dll (API version 3944462).
LogModuleManager: Display: Found up-to-date module file ../../../Engine/Plugins/Editor/GameplayTagsEditor/Binaries/Win64/UE4Editor-GameplayTagsEditor.dll (API version 3944462).
LogModuleManager: Display: Found up-to-date module file ../../../Engine/Plugins/Editor/MobileLauncherProfileWizard/Binaries/Win64/UE4Editor-MobileLauncherProfileWizard.dll (API version 3944462).
LogModuleManager: Display: Found up-to-date module file ../../../Engine/Plugins/Editor/PluginBrowser/Binaries/Win64/UE4Editor-PluginBrowser.dll (API version 3944462).
LogModuleManager: Display: Found up-to-date module file ../../../Engine/Plugins/Editor/SpeedTreeImporter/Binaries/Win64/UE4Editor-SpeedTreeImporter.dll (API version 3944462).
LogModuleManager: Display: Found up-to-date module file ../../../Engine/Plugins/Enterprise/DatasmithContent/Binaries/Win64/UE4Editor-DatasmithContent.dll (API version 3944462).
LogModuleManager: Display: Found up-to-date module file ../../../Engine/Plugins/Experimental/AlembicImporter/Binaries/Win64/UE4Editor-AlembicImporter.dll (API version 3944462).
LogModuleManager: Display: Found up-to-date module file ../../../Engine/Plugins/Experimental/AlembicImporter/Binaries/Win64/UE4Editor-AlembicLibrary.dll (API version 3944462).
LogModuleManager: Display: Found up-to-date module file ../../../Engine/Plugins/Experimental/CharacterAI/Binaries/Win64/UE4Editor-CharacterAI.dll (API version 3944462).
LogModuleManager: Display: Found up-to-date module file ../../../Engine/Plugins/Experimental/HTML5Networking/Binaries/Win64/UE4Editor-HTML5Networking.dll (API version 3944462).
LogModuleManager: Display: Found up-to-date module file ../../../Engine/Plugins/Media/AndroidMedia/Binaries/Win64/UE4Editor-AndroidMediaEditor.dll (API version 3944462).
LogModuleManager: Display: Found up-to-date module file ../../../Engine/Plugins/Media/AndroidMedia/Binaries/Win64/UE4Editor-AndroidMediaFactory.dll (API version 3944462).
LogModuleManager: Display: Found up-to-date module file ../../../Engine/Plugins/Media/AvfMedia/Binaries/Win64/UE4Editor-AvfMediaEditor.dll (API version 3944462).
LogModuleManager: Display: Found up-to-date module file ../../../Engine/Plugins/Media/AvfMedia/Binaries/Win64/UE4Editor-AvfMediaFactory.dll (API version 3944462).
LogModuleManager: Display: Found up-to-date module file ../../../Engine/Plugins/Media/AvfMedia/Binaries/Win64/UE4Editor-AvfMediaFactory.dll (API version 3944462).
LogModuleManager: Display: Found up-to-date module file ../../../Engine/Plugins/Media/ImgMedia/Binaries/Win64/UE4Editor-ImgMedia.dll (API version 3944462).
LogModuleManager: Display: Found up-to-date module file ../../../Engine/Plugins/Media/ImgMedia/Binaries/Win64/UE4Editor-ImgMediaEditor.dll (API version 3944462).
LogModuleManager: Display: Found up-to-date module file ../../../Engine/Plugins/Media/ImgMedia/Binaries/Win64/UE4Editor-ImgMediaFactory.dll (API version 3944462).
LogModuleManager: Display: Found up-to-date module file ../../../Engine/Plugins/Media/ImgMedia/Binaries/Win64/UE4Editor-ImgMediaFactory.dll (API version 3944462).
LogModuleManager: Display: Found up-to-date module file ../../../Engine/Plugins/Media/ImgMedia/Binaries/Win64/UE4Editor-OpenExrWrapper.dll (API version 3944462).
LogModuleManager: Display: Found up-to-date module file ../../../Engine/Plugins/Media/LinearTimecode/Binaries/Win64/UE4Editor-LinearTimecode.dll (API version 3944462).
LogModuleManager: Display: Found up-to-date module file ../../../Engine/Plugins/Media/MediaCompositing/Binaries/Win64/UE4Editor-MediaCompositing.dll (API version 3944462).
LogModuleManager: Display: Found up-to-date module file ../../../Engine/Plugins/Media/MediaCompositing/Binaries/Win64/UE4Editor-MediaCompositingEditor.dll (API version 3944462).
LogModuleManager: Display: Found up-to-date module file ../../../Engine/Plugins/Media/MediaPlayerEditor/Binaries/Win64/UE4Editor-MediaPlayerEditor.dll (API version 3944462).
LogModuleManager: Display: Found up-to-date module file ../../../Engine/Plugins/Media/WmfMedia/Binaries/Win64/UE4Editor-WmfMedia.dll (API version 3944462).
LogModuleManager: Display: Found up-to-date module file ../../../Engine/Plugins/Media/WmfMedia/Binaries/Win64/UE4Editor-WmfMediaEditor.dll (API version 3944462).
LogModuleManager: Display: Found up-to-date module file ../../../Engine/Plugins/Media/WmfMedia/Binaries/Win64/UE4Editor-WmfMediaFactory.dll (API version 3944462).
LogModuleManager: Display: Found up-to-date module file ../../../Engine/Plugins/Media/WmfMedia/Binaries/Win64/UE4Editor-WmfMediaFactory.dll (API version 3944462).
LogModuleManager: Display: Found up-to-date module file ../../../Engine/Plugins/Messaging/TcpMessaging/Binaries/Win64/UE4Editor-TcpMessaging.dll (API version 3944462).
LogModuleManager: Display: Found up-to-date module file ../../../Engine/Plugins/Messaging/UdpMessaging/Binaries/Win64/UE4Editor-UdpMessaging.dll (API version 3944462).
LogModuleManager: Display: Found up-to-date module file ../../../Engine/Plugins/MovieScene/ActorSequence/Binaries/Win64/UE4Editor-ActorSequence.dll (API version 3944462).
LogModuleManager: Display: Found up-to-date module file ../../../Engine/Plugins/MovieScene/LevelSequenceEditor/Binaries/Win64/UE4Editor-LevelSequenceEditor.dll (API version 3944462).
LogModuleManager: Display: Found up-to-date module file ../../../Engine/Plugins/MovieScene/MatineeToLevelSequence/Binaries/Win64/UE4Editor-MatineeToLevelSequence.dll (API version 3944462).
LogModuleManager: Display: Found up-to-date module file ../../../Engine/Plugins/NetcodeUnitTest/NetcodeUnitTest/Binaries/Win64/UE4Editor-NetcodeUnitTest.dll (API version 3944462).
LogModuleManager: Display: Found up-to-date module file ../../../Engine/Plugins/NetcodeUnitTest/NUTUnrealEngine4/Binaries/Win64/UE4Editor-NUTUnrealEngine4.dll (API version 3944462).
LogModuleManager: Display: Found up-to-date module file ../../../Engine/Plugins/Online/OnlineSubsystem/Binaries/Win64/UE4Editor-OnlineSubsystem.dll (API version 3944462).
LogModuleManager: Display: Found up-to-date module file ../../../Engine/Plugins/Runtime/AndroidPermission/Binaries/Win64/UE4Editor-AndroidPermission.dll (API version 3944462).
LogModuleManager: Display: Found up-to-date module file ../../../Engine/Plugins/Online/OnlineSubsystemNull/Binaries/Win64/UE4Editor-OnlineSubsystemNull.dll (API version 3944462).
LogModuleManager: Display: Found up-to-date module file ../../../Engine/Plugins/Online/OnlineSubsystemUtils/Binaries/Win64/UE4Editor-OnlineSubsystemUtils.dll (API version 3944462).
LogModuleManager: Display: Found up-to-date module file ../../../Engine/Plugins/Online/OnlineSubsystemUtils/Binaries/Win64/UE4Editor-OnlineBlueprintSupport.dll (API version 3944462).
LogModuleManager: Display: Found up-to-date module file ../../../Engine/Plugins/Runtime/AndroidDeviceProfileSelector/Binaries/Win64/UE4Editor-AndroidDeviceProfileSelector.dll (API version 3944462).
LogModuleManager: Display: Found up-to-date module file ../../../Engine/Plugins/Runtime/AppleARKit/Binaries/Win64/UE4Editor-AppleARKit.dll (API version 3944462).
LogModuleManager: Display: Found up-to-date module file ../../../Engine/Plugins/Runtime/ProceduralMeshComponent/Binaries/Win64/UE4Editor-ProceduralMeshComponent.dll (API version 3944462).
LogModuleManager: Display: Found up-to-date module file ../../../Engine/Plugins/Runtime/ProceduralMeshComponent/Binaries/Win64/UE4Editor-ProceduralMeshComponentEditor.dll (API version 3944462).
LogModuleManager: Display: Found up-to-date module file ../../../Engine/Plugins/Animation/LiveLink/Binaries/Win64/UE4Editor-LiveLink.dll (API version 3944462).
LogModuleManager: Display: Found up-to-date module file ../../../Engine/Plugins/Animation/LiveLink/Binaries/Win64/UE4Editor-LiveLinkEditor.dll (API version 3944462).
LogModuleManager: Display: Found up-to-date module file ../../../Engine/Plugins/Runtime/ArchVisCharacter/Binaries/Win64/UE4Editor-ArchVisCharacter.dll (API version 3944462).
LogModuleManager: Display: Found up-to-date module file ../../../Engine/Plugins/Runtime/AudioCapture/Binaries/Win64/UE4Editor-AudioCapture.dll (API version 3944462).
LogModuleManager: Display: Found up-to-date module file ../../../Engine/Plugins/Runtime/AudioCapture/Binaries/Win64/UE4Editor-AudioCaptureEditor.dll (API version 3944462).
LogModuleManager: Display: Found up-to-date module file ../../../Engine/Plugins/Runtime/CableComponent/Binaries/Win64/UE4Editor-CableComponent.dll (API version 3944462).
LogModuleManager: Display: Found up-to-date module file ../../../Engine/Plugins/Runtime/CustomMeshComponent/Binaries/Win64/UE4Editor-CustomMeshComponent.dll (API version 3944462).
LogModuleManager: Display: Found up-to-date module file ../../../Engine/Plugins/Runtime/ExampleDeviceProfileSelector/Binaries/Win64/UE4Editor-ExampleDeviceProfileSelector.dll (API version 3944462).
LogModuleManager: Display: Found up-to-date module file ../../../Engine/Plugins/Runtime/ImmediatePhysics/Binaries/Win64/UE4Editor-ImmediatePhysics.dll (API version 3944462).
LogModuleManager: Display: Found up-to-date module file ../../../Engine/Plugins/Runtime/ImmediatePhysics/Binaries/Win64/UE4Editor-ImmediatePhysicsEditor.dll (API version 3944462).
LogModuleManager: Display: Found up-to-date module file ../../../Engine/Plugins/Runtime/LocationServicesBPLibrary/Binaries/Win64/UE4Editor-LocationServicesBPLibrary.dll (API version 3944462).
LogModuleManager: Display: Found up-to-date module file ../../../Engine/Plugins/Runtime/MobilePatchingUtils/Binaries/Win64/UE4Editor-MobilePatchingUtils.dll (API version 3944462).
LogModuleManager: Display: Found up-to-date module file ../../../Engine/Plugins/Runtime/Oculus/OculusVR/Binaries/Win64/UE4Editor-OculusHMD.dll (API version 3944462).
LogModuleManager: Display: Found up-to-date module file ../../../Engine/Plugins/Runtime/Oculus/OculusVR/Binaries/Win64/UE4Editor-OculusInput.dll (API version 3944462).
LogModuleManager: Display: Found up-to-date module file ../../../Engine/Plugins/Runtime/Oculus/OculusVR/Binaries/Win64/UE4Editor-OculusEditor.dll (API version 3944462).
LogModuleManager: Display: Found up-to-date module file ../../../Engine/Plugins/Runtime/PhysXVehicles/Binaries/Win64/UE4Editor-PhysXVehicles.dll (API version 3944462).
LogModuleManager: Display: Found up-to-date module file ../../../Engine/Plugins/Runtime/PhysXVehicles/Binaries/Win64/UE4Editor-PhysXVehiclesEditor.dll (API version 3944462).
LogModuleManager: Display: Found up-to-date module file ../../../Engine/Plugins/Runtime/RuntimePhysXCooking/Binaries/Win64/UE4Editor-RuntimePhysXCooking.dll (API version 3944462).
LogModuleManager: Display: Found up-to-date module file ../../../Engine/Plugins/Runtime/Steam/SteamVR/Binaries/Win64/UE4Editor-SteamVR.dll (API version 3944462).
LogModuleManager: Display: Found up-to-date module file ../../../Engine/Plugins/Runtime/Steam/SteamVR/Binaries/Win64/UE4Editor-SteamVRController.dll (API version 3944462).
LogModuleManager: Display: Found up-to-date module file ../../../Engine/Plugins/Runtime/WindowsMoviePlayer/Binaries/Win64/UE4Editor-WindowsMoviePlayer.dll (API version 3944462).
LogPluginManager: Mounting plugin Paper2D
LogPluginManager: Mounting plugin LiveLink
LogPluginManager: Mounting plugin LightPropagationVolume
LogPluginManager: Mounting plugin CLionSourceCodeAccess
LogPluginManager: Mounting plugin CodeLiteSourceCodeAccess
LogPluginManager: Mounting plugin GitSourceControl
LogPluginManager: Mounting plugin KDevelopSourceCodeAccess
LogPluginManager: Mounting plugin NullSourceCodeAccess
LogPluginManager: Mounting plugin PerforceSourceControl
LogPluginManager: Mounting plugin SubversionSourceControl
LogPluginManager: Mounting plugin UObjectPlugin
LogPluginManager: Mounting plugin VisualStudioCodeSourceCodeAccess
LogPluginManager: Mounting plugin VisualStudioSourceCodeAccess
LogPluginManager: Mounting plugin XCodeSourceCodeAccess
LogPluginManager: Mounting plugin AssetManagerEditor
LogPluginManager: Mounting plugin CryptoKeys
LogPluginManager: Mounting plugin DataValidation
LogPluginManager: Mounting plugin FacialAnimation
LogPluginManager: Mounting plugin GameplayTagsEditor
LogPluginManager: Mounting plugin MobileLauncherProfileWizard
LogPluginManager: Mounting plugin PluginBrowser
LogPluginManager: Mounting plugin SpeedTreeImporter
LogPluginManager: Mounting plugin DatasmithContent
LogPluginManager: Mounting plugin AlembicImporter
LogPluginManager: Mounting plugin CharacterAI
LogPluginManager: Mounting plugin HTML5Networking
LogPluginManager: Mounting plugin AndroidMedia
LogPluginManager: Mounting plugin AvfMedia
LogPluginManager: Mounting plugin ImgMedia
LogPluginManager: Mounting plugin LinearTimecode
LogPluginManager: Mounting plugin MediaCompositing
LogPluginManager: Mounting plugin MediaPlayerEditor
LogPluginManager: Mounting plugin WmfMedia
LogPluginManager: Mounting plugin TcpMessaging
LogPluginManager: Mounting plugin UdpMessaging
LogPluginManager: Mounting plugin ActorSequence
LogPluginManager: Mounting plugin LevelSequenceEditor
LogPluginManager: Mounting plugin MatineeToLevelSequence
LogPluginManager: Mounting plugin NetcodeUnitTest
LogPluginManager: Mounting plugin NUTUnrealEngine4
LogPluginManager: Mounting plugin OnlineSubsystemGooglePlay
LogPluginManager: Mounting plugin OnlineSubsystemIOS
LogPluginManager: Mounting plugin OnlineSubsystem
LogPluginManager: Mounting plugin OnlineSubsystemNull
LogPluginManager: Mounting plugin OnlineSubsystemUtils
LogPluginManager: Mounting plugin AndroidDeviceProfileSelector
LogPluginManager: Mounting plugin AndroidMoviePlayer
LogPluginManager: Mounting plugin AndroidPermission
LogPluginManager: Mounting plugin AppleARKit
LogPluginManager: Mounting plugin AppleMoviePlayer
LogPluginManager: Mounting plugin ArchVisCharacter
LogPluginManager: Mounting plugin AudioCapture
LogPluginManager: Mounting plugin CableComponent
LogPluginManager: Mounting plugin CustomMeshComponent
LogPluginManager: Mounting plugin ExampleDeviceProfileSelector
LogPluginManager: Mounting plugin GoogleCloudMessaging
LogPluginManager: Mounting plugin ImmediatePhysics
LogPluginManager: Mounting plugin IOSDeviceProfileSelector
LogPluginManager: Mounting plugin LinuxDeviceProfileSelector
LogPluginManager: Mounting plugin LocationServicesBPLibrary
LogPluginManager: Mounting plugin MobilePatchingUtils
LogPluginManager: Mounting plugin OculusVR
LogPluginManager: Plugin shader directory ../../../Engine/Plugins/Runtime/Oculus/OculusVR/Shaders found
LogPluginManager: Mapping shader source directory ../../../Engine/Plugins/Runtime/Oculus/OculusVR/Shaders to virtual directory /Plugin/OculusVR
LogPluginManager: Mounting plugin PhysXVehicles
LogPluginManager: Mounting plugin ProceduralMeshComponent
LogPluginManager: Mounting plugin RuntimePhysXCooking
LogPluginManager: Mounting plugin SteamVR
LogPluginManager: Mounting plugin WindowsMoviePlayer
LogStreaming: Display: Took  0.931s to configure plugins.
LogInit: Using libcurl 7.47.1
LogInit:  - built for x86_64-pc-win32
LogInit:  - supports SSL with OpenSSL/1.0.2g
LogInit:  - supports HTTP deflate (compression) using libz 1.2.8
LogInit:  - other features:
LogInit:      CURL_VERSION_SSL
LogInit:      CURL_VERSION_LIBZ
LogInit:      CURL_VERSION_IPV6
LogInit:      CURL_VERSION_ASYNCHDNS
LogInit:      CURL_VERSION_LARGEFILE
LogInit:      CURL_VERSION_IDN
LogInit:  CurlRequestOptions (configurable via config and command line):
LogInit:  - bVerifyPeer = false  - Libcurl will NOT verify peer certificate
LogInit:  - bUseHttpProxy = false  - Libcurl will NOT use HTTP proxy
LogInit:  - bDontReuseConnections = false  - Libcurl will reuse connections
LogInit:  - CertBundlePath = nullptr  - Libcurl will use whatever was configured at build time.
LogInit:  - MaxHostConnections = 16  - Libcurl will limit the number of connections to a host
LogInit:  - LocalHostAddr = Default
LogInit: WinSock: version 1.1 (2.2), MaxSocks=32767, MaxUdp=65467
LogInit: WinSock: I am DESKTOP-VOKIBB8 (172.30.1.39:0)
LogInit: Build: ++UE4+Release-4.19-CL-4033788
LogInit: Engine Version: 4.19.2-4033788+++UE4+Release-4.19
LogInit: Compatible Engine Version: 4.19.0-3944462+++UE4+Release-4.19
LogInit: Net CL: 3944462
LogDevObjectVersion: Number of dev versions registered: 18
LogDevObjectVersion:   Dev-Blueprints (B0D832E4-1F89-4F0D-ACCF-7EB736FD4AA2): 10
LogDevObjectVersion:   Dev-Build (E1C64328-A22C-4D53-A36C-8E866417BD8C): 0
LogDevObjectVersion:   Dev-Core (375EC13C-06E4-48FB-B500-84F0262A717E): 2
LogDevObjectVersion:   Dev-Editor (E4B068ED-F494-42E9-A231-DA0B2E46BB41): 23
LogDevObjectVersion:   Dev-Framework (CFFC743F-43B0-4480-9391-14DF171D2073): 33
LogDevObjectVersion:   Dev-Mobile (B02B49B5-BB20-44E9-A304-32B752E40360): 2
LogDevObjectVersion:   Dev-Networking (A4E4105C-59A1-49B5-A7C5-40C4547EDFEE): 0
LogDevObjectVersion:   Dev-Online (39C831C9-5AE6-47DC-9A44-9C173E1C8E7C): 0
LogDevObjectVersion:   Dev-Physics (78F01B33-EBEA-4F98-B9B4-84EACCB95AA2): 0
LogDevObjectVersion:   Dev-Platform (6631380F-2D4D-43E0-8009-CF276956A95A): 0
LogDevObjectVersion:   Dev-Rendering (12F88B9F-8875-4AFC-A67C-D90C383ABD29): 25
LogDevObjectVersion:   Dev-Sequencer (7B5AE74C-D270-4C10-A958-57980B212A5A): 6
LogDevObjectVersion:   Dev-VR (D7296918-1DD6-4BDD-9DE2-64A83CC13884): 1
LogDevObjectVersion:   Dev-LoadTimes (C2A15278-BFE7-4AFE-6C17-90FF531DF755): 1
LogDevObjectVersion:   Private-Geometry (6EACA3D4-40EC-4CC1-B786-8BED09428FC5): 2
LogDevObjectVersion:   Dev-AnimPhys (29E575DD-E0A3-4627-9D10-D276232CDCEA): 16
LogDevObjectVersion:   Dev-ReflectionCapture (6B266CEC-1EC7-4B8F-A30B-E4D90942FC07): 1
LogDevObjectVersion:   Dev-Automation (0DF73D61-A23F-47EA-B727-89E90C41499A): 1
LogInit: Compiled (64-bit): Apr 27 2018 02:06:57
LogInit: Compiled with Visual C++: 19.00.24215.01
LogInit: Build Configuration: Development
LogInit: Branch Name: ++UE4+Release-4.19
LogInit: Command Line: -EpicPortal  -epicusername="mmindoong" -epicuserid=e896afdaab544be5ba68f6d3e5458d58 -epiclocale=ko
LogInit: Base Directory: C:/Program Files/Epic Games/UE_4.19/Engine/Binaries/Win64/
LogInit: Installed Engine Build: 1
LogStreaming: Display: Took  0.002s to delete old logs.
LogInit: Presizing for max 8388607 objects, including 0 objects not considered by GC, pre-allocating 0 bytes for permanent pool.
LogInit: Object subsystem initialized
[2021.08.02-15.26.45:743][  0]LogInit: Selected Device Profile: [Windows]
[2021.08.02-15.26.45:743][  0]LogInit: Applying CVar settings loaded from the selected device profile: [Windows]
[2021.08.02-15.26.45:753][  0]LogInit: Computer: DESKTOP-VOKIBB8
[2021.08.02-15.26.45:753][  0]LogInit: User: MJ
[2021.08.02-15.26.45:753][  0]LogInit: CPU Page size=4096, Cores=4
[2021.08.02-15.26.45:753][  0]LogInit: High frequency timer resolution =10.000000 MHz
[2021.08.02-15.26.45:753][  0]LogMemory: Memory total: Physical=7.7GB (8GB approx)
[2021.08.02-15.26.45:753][  0]LogMemory: Platform Memory Stats for Windows
[2021.08.02-15.26.45:753][  0]LogMemory: Process Physical Memory: 275.84 MB used, 275.85 MB peak
[2021.08.02-15.26.45:753][  0]LogMemory: Process Virtual Memory: 264.81 MB used, 264.81 MB peak
[2021.08.02-15.26.45:753][  0]LogMemory: Physical Memory: 7061.98 MB used,  839.68 MB free, 7901.66 MB total
[2021.08.02-15.26.45:753][  0]LogMemory: Virtual Memory: 4779.51 MB used,  839.68 MB free, 134217728.00 MB total
[2021.08.02-15.26.45:768][  0]LogInit: Using OS detected language (ko-KR).
[2021.08.02-15.26.45:768][  0]LogInit: Using OS detected locale (ko-KR).
[2021.08.02-15.26.45:771][  0]LogTextLocalizationManager: No specific localization for 'ko-KR' exists, so the 'ko' localization will be used.
[2021.08.02-15.26.46:156][  0]LogStreaming: Display: Took  0.388s to EndInitTextLocalization.
[2021.08.02-15.26.46:156][  0]LogInit: Setting process to per monitor DPI aware
[2021.08.02-15.26.46:229][  0]LogSlate: New Slate User Created.  User Index 0, Is Virtual User: 0
[2021.08.02-15.26.46:229][  0]LogSlate: Slate User Registered.  User Index 0, Is Virtual User: 0
[2021.08.02-15.26.46:488][  0]LogD3D11RHI: D3D11 adapters:
[2021.08.02-15.26.46:718][  0]LogD3D11RHI:    0. 'Intel(R) Iris(R) Plus Graphics' (Feature Level 11_0)
[2021.08.02-15.26.46:718][  0]LogD3D11RHI:       128/0/3950 MB DedicatedVideo/DedicatedSystem/SharedSystem, Outputs:2, VendorId:0x8086
[2021.08.02-15.26.46:720][  0]LogD3D11RHI:    1. 'Microsoft Basic Render Driver' (Feature Level 11_0)
[2021.08.02-15.26.46:720][  0]LogD3D11RHI:       0/0/3950 MB DedicatedVideo/DedicatedSystem/SharedSystem, Outputs:0, VendorId:0x1414
[2021.08.02-15.26.46:720][  0]LogD3D11RHI: Chosen D3D11 Adapter: 0
[2021.08.02-15.26.46:726][  0]LogD3D11RHI: Creating new Direct3DDevice
[2021.08.02-15.26.46:727][  0]LogD3D11RHI:     GPU DeviceId: 0x8a52 (for the marketing name, search the web for "GPU Device Id")
[2021.08.02-15.26.46:727][  0]LogWindows: EnumDisplayDevices:
[2021.08.02-15.26.46:727][  0]LogWindows:    0. 'Intel(R) Iris(R) Plus Graphics' (P:0 D:1)
[2021.08.02-15.26.46:727][  0]LogWindows:    1. 'Intel(R) Iris(R) Plus Graphics' (P:1 D:1)
[2021.08.02-15.26.46:728][  0]LogWindows:    2. 'Intel(R) Iris(R) Plus Graphics' (P:0 D:0)
[2021.08.02-15.26.46:728][  0]LogWindows: DebugString: GetVideoDriverDetailsInvalid PrimaryIsNotTheChoosenAdapter GetVideoDriverDetailsInvalid PrimaryIsNotTheChoosenAdapter GetVideoDriverDetailsInvalid PrimaryIsNotTheChoosenAdapter FoundDriverCount:0 
[2021.08.02-15.26.46:728][  0]LogD3D11RHI:     Adapter Name: Intel(R) Iris(R) Plus Graphics
[2021.08.02-15.26.46:728][  0]LogD3D11RHI:   Driver Version: Unknown (internal:Unknown, unified:Unknown)
[2021.08.02-15.26.46:728][  0]LogD3D11RHI:      Driver Date: Unknown
[2021.08.02-15.26.46:728][  0]LogRHI: Texture pool is 1472 MB (70% of 2103 MB)
[2021.08.02-15.26.46:924][  0]LogD3D11RHI: Async texture creation enabled
[2021.08.02-15.26.46:929][  0]LogD3D11RHI: GPU Timing Frequency: 19.200000 (Debug: 2 0)
[2021.08.02-15.26.46:930][  0]LogShaderCompilers: Guid format shader working directory is -24 characters bigger than the processId version (../../../../../../Users/alswj/Documents/Unreal Projects/SecondProject/Intermediate/Shaders/WorkingDirectory/12344/).
[2021.08.02-15.26.46:930][  0]LogShaderCompilers: Cleaned the shader compiler working directory 'C:/Users/alswj/AppData/Local/Temp/UnrealShaderWorkingDir/B5AF5B7841F25653C5D2AAA25BA1E417/'.
[2021.08.02-15.26.47:150][  0]LogTemp: Display: Loaded TP AllDesktopTargetPlatform
[2021.08.02-15.26.47:164][  0]LogTemp: Display: Loaded TP MacClientTargetPlatform
[2021.08.02-15.26.47:177][  0]LogTemp: Display: Loaded TP MacNoEditorTargetPlatform
[2021.08.02-15.26.47:191][  0]LogTemp: Display: Loaded TP MacServerTargetPlatform
[2021.08.02-15.26.47:205][  0]LogTemp: Display: Loaded TP MacTargetPlatform
[2021.08.02-15.26.47:219][  0]LogTemp: Display: Loaded TP WindowsClientTargetPlatform
[2021.08.02-15.26.47:233][  0]LogTemp: Display: Loaded TP WindowsNoEditorTargetPlatform
[2021.08.02-15.26.47:247][  0]LogTemp: Display: Loaded TP WindowsServerTargetPlatform
[2021.08.02-15.26.47:255][  0]LogTemp: Display: Loaded TP WindowsTargetPlatform
[2021.08.02-15.26.47:267][  0]LogTemp: Display: Loaded TP Android_ASTCTargetPlatform
[2021.08.02-15.26.47:282][  0]LogTemp: Display: Loaded TP Android_ATCTargetPlatform
[2021.08.02-15.26.47:295][  0]LogTemp: Display: Loaded TP Android_DXTTargetPlatform
[2021.08.02-15.26.47:308][  0]LogTemp: Display: Loaded TP Android_ETC1aTargetPlatform
[2021.08.02-15.26.47:319][  0]LogTemp: Display: Loaded TP Android_ETC1TargetPlatform
[2021.08.02-15.26.47:331][  0]LogTemp: Display: Loaded TP Android_ETC2TargetPlatform
[2021.08.02-15.26.47:357][  0]LogTemp: Display: Loaded TP Android_MultiTargetPlatform
[2021.08.02-15.26.47:357][  0]LogTemp: Display: Loaded TP Android_PVRTCTargetPlatform
[2021.08.02-15.26.47:370][  0]LogTemp: Display: Loaded TP AndroidTargetPlatform
[2021.08.02-15.26.47:372][  0]LogTemp: Display: Loaded TP HTML5TargetPlatform
[2021.08.02-15.26.47:409][  0]LogTemp: Display: Loaded TP IOSTargetPlatform
[2021.08.02-15.26.47:420][  0]LogTemp: Display: Loaded TP TVOSTargetPlatform
[2021.08.02-15.26.47:433][  0]LogTemp: Display: Loaded TP LinuxClientTargetPlatform
[2021.08.02-15.26.47:444][  0]LogTemp: Display: Loaded TP LinuxNoEditorTargetPlatform
[2021.08.02-15.26.47:457][  0]LogTemp: Display: Loaded TP LinuxServerTargetPlatform
[2021.08.02-15.26.47:468][  0]LogTemp: Display: Loaded TP LinuxTargetPlatform
[2021.08.02-15.26.47:468][  0]LogTargetPlatformManager: Display: Building Assets For Windows
[2021.08.02-15.26.47:569][  0]LogXGEController: Cannot use XGE Controller as Incredibuild is not installed on this machine.
[2021.08.02-15.26.47:569][  0]LogShaderCompilers: Cannot use XGE Shader Compiler as Incredibuild is not installed on this machine.
[2021.08.02-15.26.47:569][  0]LogShaderCompilers: Display: Using Local Shader Compiler.
[2021.08.02-15.26.48:266][  0]LogDerivedDataCache: Display: Max Cache Size: 512 MB
[2021.08.02-15.26.48:325][  0]LogDerivedDataCache: Loaded boot cache 0.06s 74MB C:/Users/alswj/AppData/Local/UnrealEngine/4.19/DerivedDataCache/Boot.ddc.
[2021.08.02-15.26.48:325][  0]LogDerivedDataCache: Display: Loaded Boot cache: C:/Users/alswj/AppData/Local/UnrealEngine/4.19/DerivedDataCache/Boot.ddc
[2021.08.02-15.26.48:325][  0]LogDerivedDataCache: FDerivedDataBackendGraph:  Pak pak cache file ../../../../../../Users/alswj/Documents/Unreal Projects/SecondProject/DerivedDataCache/DDC.ddp not found, will not use a pak cache.
[2021.08.02-15.26.48:325][  0]LogDerivedDataCache: Unable to find inner node Pak for hierarchical cache Hierarchy.
[2021.08.02-15.26.48:325][  0]LogDerivedDataCache: FDerivedDataBackendGraph:  CompressedPak pak cache file ../../../../../../Users/alswj/Documents/Unreal Projects/SecondProject/DerivedDataCache/Compressed.ddp not found, will not use a pak cache.
[2021.08.02-15.26.48:325][  0]LogDerivedDataCache: Unable to find inner node CompressedPak for hierarchical cache Hierarchy.
[2021.08.02-15.26.48:340][  0]LogDerivedDataCache: Display: Pak cache opened for reading ../../../Engine/DerivedDataCache/Compressed.ddp.
[2021.08.02-15.26.48:352][  0]LogDerivedDataCache: Using Local data cache path C:/Users/alswj/AppData/Local/UnrealEngine/Common/DerivedDataCache: Writable
[2021.08.02-15.26.48:352][  0]LogDerivedDataCache: Shared data cache path not found in *engine.ini, will not use an Shared cache.
[2021.08.02-15.26.48:352][  0]LogDerivedDataCache: Unable to find inner node Shared for hierarchical cache Hierarchy.
[2021.08.02-15.26.48:363][  0]LogMaterial: Verifying Global Shaders for PCD3D_SM5
[2021.08.02-15.26.48:363][  0]LogSlate: Using Freetype 2.6.0
[2021.08.02-15.26.48:364][  0]LogSlate: SlateFontCache - WITH_FREETYPE: 1, WITH_HARFBUZZ: 1
[2021.08.02-15.26.48:364][  0]LogSlate: SlateFontCache - WITH_FREETYPE: 1, WITH_HARFBUZZ: 1
[2021.08.02-15.26.48:481][  0]LogAssetRegistry: FAssetRegistry took 0.0270 seconds to start up
[2021.08.02-15.26.48:770][  0]LogInit: Selected Device Profile: [Windows]
[2021.08.02-15.26.48:907][  0]LogSimplygon: Simplygon DLL not present - disabling.
[2021.08.02-15.26.48:910][  0]LogMeshReduction: Using SimplygonSwarm for distributed automatic mesh merging
[2021.08.02-15.26.48:910][  0]LogMeshReduction: Using QuadricMeshReduction for automatic static mesh reduction
[2021.08.02-15.26.48:910][  0]LogMeshReduction: No automatic skeletal mesh reduction module available
[2021.08.02-15.26.48:910][  0]LogMeshReduction: No automatic mesh merging module available
[2021.08.02-15.26.48:910][  0]LogMeshMerging: No automatic mesh merging module available
[2021.08.02-15.26.48:938][  0]LogNetVersion: SecondProject , NetCL: 3944462, EngineNetVer: 2, GameNetVer: 0 (Checksum: 2937410924)
[2021.08.02-15.26.49:333][  0]LogPackageLocalizationCache: Processed 9 localized package path(s) for 2 prioritized culture(s) in 0.073879 seconds
[2021.08.02-15.26.49:337][  0]LogUObjectArray: 36728 objects as part of root set at end of initial load.
[2021.08.02-15.26.49:337][  0]LogUObjectAllocator: 7314304 out of 0 bytes used by permanent object pool.
[2021.08.02-15.26.49:337][  0]LogUObjectArray: CloseDisregardForGC: 0/0 objects in disregard for GC pool
[2021.08.02-15.26.50:806][  0]LogTcpMessaging: Initializing TcpMessaging bridge
[2021.08.02-15.26.50:833][  0]LogUdpMessaging: Initializing bridge on interface 0.0.0.0:0 to multicast group 230.0.0.1:6666.
[2021.08.02-15.26.51:134][  0]SourceControl: 소스 콘트롤이 꺼졌습니다.
[2021.08.02-15.26.51:134][  0]SourceControl: 소스 콘트롤이 꺼졌습니다.
[2021.08.02-15.26.51:148][  0]SourceControl: 소스 콘트롤이 꺼졌습니다.
[2021.08.02-15.26.51:163][  0]SourceControl: 소스 콘트롤이 꺼졌습니다.
[2021.08.02-15.26.51:598][  0]LogAndroidPermission: UAndroidPermissionCallbackProxy::GetInstance
[2021.08.02-15.26.51:763][  0]LogOcInput: OculusInput pre-init called
[2021.08.02-15.26.51:857][  0]LogEngine: Initializing Engine...
[2021.08.02-15.26.51:859][  0]LogHMD: Failed to initialize OpenVR with code 110
[2021.08.02-15.26.51:860][  0]LogStats: UGameplayTagsManager::ConstructGameplayTagTree: Construct from data asset -  0.000 s
[2021.08.02-15.26.51:860][  0]LogStats: UGameplayTagsManager::ConstructGameplayTagTree: GameplayTagTreeChangedEvent.Broadcast -  0.000 s
[2021.08.02-15.26.52:067][  0]LogAIModule: Creating AISystem for world Untitled
[2021.08.02-15.26.52:098][  0]LogInit: XAudio2 using 'Speakers(Synaptics SmartAudio HD)' : 2 channels at 48 kHz using 32 bits per sample (channel mask 0x3)
[2021.08.02-15.26.52:162][  0]LogInit: FAudioDevice initialized.
[2021.08.02-15.26.52:206][  0]LogDerivedDataCache: Saved boot cache 0.04s 74MB C:/Users/alswj/AppData/Local/UnrealEngine/4.19/DerivedDataCache/Boot.ddc.
[2021.08.02-15.26.52:218][  0]LogInit: Texture streaming: Enabled
[2021.08.02-15.26.52:233][  0]LogEngineSessionManager: EngineSessionManager initialized
[2021.08.02-15.26.52:245][  0]LogInit: Transaction tracking system initialized
[2021.08.02-15.26.52:263][  0]BlueprintLog: New page: 에디터 로드
[2021.08.02-15.26.52:328][  0]LocalizationService: 현지화 서비스가 비활성화되었습니다.
[2021.08.02-15.26.52:424][  0]LogConsoleResponse: Display: 
[2021.08.02-15.26.52:567][  0]LogCook: Display: Max memory allowance for cook 16384mb min free memory 0mb
[2021.08.02-15.26.52:567][  0]LogCook: Display: Mobile HDR setting 1
[2021.08.02-15.26.52:567][  0]LogGameplayTags: Display: UGameplayTagsManager::DoneAddingNativeTags. DelegateIsBound: 0
[2021.08.02-15.26.52:567][  0]LogStats: UGameplayTagsManager::ConstructGameplayTagTree: Construct from data asset -  0.000 s
[2021.08.02-15.26.52:567][  0]LogStats: UGameplayTagsManager::ConstructGameplayTagTree: GameplayTagTreeChangedEvent.Broadcast -  0.000 s
[2021.08.02-15.26.52:891][  0]LogFileCache: Scanning file cache for directory 'C:/Users/alswj/Documents/Unreal Projects/SecondProject/Content/' took 0.02s
[2021.08.02-15.26.52:891][  0]SourceControl: 소스 콘트롤이 꺼졌습니다.
[2021.08.02-15.26.52:891][  0]Cmd: MAP LOAD FILE="../../../../../../Users/alswj/Documents/Unreal Projects/SecondProject/Content/Maps/Stage01/PNStage01_Top.umap" TEMPLATE=0 SHOWPROGRESS=1 FEATURELEVEL=3
[2021.08.02-15.26.52:898][  0]LightingResults: New page: 라이팅 빌드
[2021.08.02-15.26.52:901][  0]MapCheck: New page: 맵 체크
[2021.08.02-15.26.52:901][  0]LightingResults: New page: 라이팅 빌드
[2021.08.02-15.26.52:924][  0]LogAIModule: Creating AISystem for world PNStage01_Top
[2021.08.02-15.26.52:926][  0]LogStreaming: Display: ULevelStreaming::RequestLevel(/Game/Maps/Stage01/PNStage01_GB) is flushing async loading
[2021.08.02-15.26.53:015][  0]LogUObjectGlobals: Created PersistentFrame Addr=0x0000021d4701a340, Size=304, Default__PNGateActor_C Function /Game/Blueprints/PNGateActor.PNGateActor_C:ExecuteUbergraph_PNGateActor
[2021.08.02-15.26.53:020][  0]LogUObjectGlobals: Destroyed PersistentFrame Addr=0x0000021d4701a340, Size=304
[2021.08.02-15.26.53:020][  0]LogUObjectGlobals: Created PersistentFrame Addr=0x0000021d4701a340, Size=304, Default__PNGateActor_C Function /Engine/Transient.REINST_PNGateActor_C_1:ExecuteUbergraph_PNGateActor
[2021.08.02-15.26.53:023][  0]LogUObjectGlobals: Created PersistentFrame Addr=0x0000021d4701a200, Size=304, Default__PNGateActor_C Function /Game/Blueprints/PNGateActor.PNGateActor_C:ExecuteUbergraph_PNGateActor
[2021.08.02-15.26.53:171][  0]LogUObjectGlobals: Created PersistentFrame Addr=0x0000021d4aab3a00, Size=240, Default__PNPlayerPawn_C Function /Game/Blueprints/PNPlayerPawn.PNPlayerPawn_C:ExecuteUbergraph_PNPlayerPawn
[2021.08.02-15.26.53:177][  0]LogUObjectGlobals: Destroyed PersistentFrame Addr=0x0000021d4aab3a00, Size=240
[2021.08.02-15.26.53:177][  0]LogUObjectGlobals: Created PersistentFrame Addr=0x0000021d4aab3a00, Size=240, Default__PNPlayerPawn_C Function /Engine/Transient.REINST_PNPlayerPawn_C_7:ExecuteUbergraph_PNPlayerPawn
[2021.08.02-15.26.53:184][  0]LogUObjectGlobals: Created PersistentFrame Addr=0x0000021d4aab8a00, Size=240, Default__PNPlayerPawn_C Function /Game/Blueprints/PNPlayerPawn.PNPlayerPawn_C:ExecuteUbergraph_PNPlayerPawn
[2021.08.02-15.26.53:214][  0]LogUObjectGlobals: Created PersistentFrame Addr=0x0000021d372ca980, Size=352, Default__PNPickupCoinActor_C Function /Game/Blueprints/PNPickupCoinActor.PNPickupCoinActor_C:ExecuteUbergraph_PNPickupCoinActor
[2021.08.02-15.26.53:217][  0]LogUObjectGlobals: Destroyed PersistentFrame Addr=0x0000021d372ca980, Size=352
[2021.08.02-15.26.53:217][  0]LogUObjectGlobals: Created PersistentFrame Addr=0x0000021d4aa11000, Size=352, Default__PNPickupCoinActor_C Function /Engine/Transient.REINST_PNPickupCoinActor_C_9:ExecuteUbergraph_PNPickupCoinActor
[2021.08.02-15.26.53:218][  0]LogUObjectGlobals: Created PersistentFrame Addr=0x0000021d4a9f7100, Size=352, Default__PNPickupCoinActor_C Function /Game/Blueprints/PNPickupCoinActor.PNPickupCoinActor_C:ExecuteUbergraph_PNPickupCoinActor
[2021.08.02-15.26.53:250][  0]LogUObjectGlobals: Created PersistentFrame Addr=0x0000021d4aa434c0, Size=184, Default__PNPickupScroll_C Function /Game/Blueprints/PNPickupScroll.PNPickupScroll_C:ExecuteUbergraph_PNPickupScroll
[2021.08.02-15.26.53:252][  0]LogUObjectGlobals: Destroyed PersistentFrame Addr=0x0000021d4aa434c0, Size=184
[2021.08.02-15.26.53:252][  0]LogUObjectGlobals: Created PersistentFrame Addr=0x0000021d4aa434c0, Size=184, Default__PNPickupScroll_C Function /Engine/Transient.REINST_PNPickupScroll_C_11:ExecuteUbergraph_PNPickupScroll
[2021.08.02-15.26.53:253][  0]LogUObjectGlobals: Created PersistentFrame Addr=0x0000021d4aa41780, Size=184, Default__PNPickupScroll_C Function /Game/Blueprints/PNPickupScroll.PNPickupScroll_C:ExecuteUbergraph_PNPickupScroll
[2021.08.02-15.26.53:269][  0]LogUObjectGlobals: Created PersistentFrame Addr=0x0000021d4a9f5180, Size=344, Default__PNSwitchActor_C Function /Game/Blueprints/PNSwitchActor.PNSwitchActor_C:ExecuteUbergraph_PNSwitchActor
[2021.08.02-15.26.53:272][  0]LogUObjectGlobals: Destroyed PersistentFrame Addr=0x0000021d4a9f5180, Size=344
[2021.08.02-15.26.53:272][  0]LogUObjectGlobals: Created PersistentFrame Addr=0x0000021d4a9a3280, Size=344, Default__PNSwitchActor_C Function /Engine/Transient.REINST_PNSwitchActor_C_13:ExecuteUbergraph_PNSwitchActor
[2021.08.02-15.26.53:275][  0]LogUObjectGlobals: Created PersistentFrame Addr=0x0000021d4a983a00, Size=344, Default__PNSwitchActor_C Function /Game/Blueprints/PNSwitchActor.PNSwitchActor_C:ExecuteUbergraph_PNSwitchActor
[2021.08.02-15.26.53:315][  0]LogUObjectGlobals: Created PersistentFrame Addr=0x0000021d4aaa8680, Size=288, Default__PNStage01_GB_C Function /Game/Maps/Stage01/PNStage01_GB.PNStage01_GB_C:ExecuteUbergraph_PNStage01_GB
[2021.08.02-15.26.53:318][  0]LogUObjectGlobals: Destroyed PersistentFrame Addr=0x0000021d4aaa8680, Size=288
[2021.08.02-15.26.53:318][  0]LogUObjectGlobals: Created PersistentFrame Addr=0x0000021d4a737600, Size=288, Default__PNStage01_GB_C Function /Engine/Transient.REINST_PNStage01_GB_C_15:ExecuteUbergraph_PNStage01_GB
[2021.08.02-15.26.53:321][  0]LogUObjectGlobals: Created PersistentFrame Addr=0x0000021d4a736e80, Size=288, Default__PNStage01_GB_C Function /Game/Maps/Stage01/PNStage01_GB.PNStage01_GB_C:ExecuteUbergraph_PNStage01_GB
[2021.08.02-15.26.53:596][  0]LogSkeletalMesh: Skeletal Mesh found in DDC [6.774300ms] /Game/Characters/SK_Ninja.SK_Ninja
[2021.08.02-15.26.53:683][  0]LogStreaming: Display: ULevelStreaming::RequestLevel(/Game/Maps/Stage01/PNStage01_SM) is flushing async loading
[2021.08.02-15.26.53:917][  0]LogEditorServer: Finished looking for orphan Actors (0.000 secs)
[2021.08.02-15.26.53:931][  0]LogUObjectGlobals: Destroyed PersistentFrame Addr=0x0000021d4701a340, Size=304
[2021.08.02-15.26.53:931][  0]LogUObjectGlobals: Destroyed PersistentFrame Addr=0x0000021d4aab3a00, Size=240
[2021.08.02-15.26.53:931][  0]LogUObjectGlobals: Destroyed PersistentFrame Addr=0x0000021d4aa11000, Size=352
[2021.08.02-15.26.53:931][  0]LogUObjectGlobals: Destroyed PersistentFrame Addr=0x0000021d4aa434c0, Size=184
[2021.08.02-15.26.53:931][  0]LogUObjectGlobals: Destroyed PersistentFrame Addr=0x0000021d4a9a3280, Size=344
[2021.08.02-15.26.53:931][  0]LogUObjectGlobals: Destroyed PersistentFrame Addr=0x0000021d4a737600, Size=288
[2021.08.02-15.26.53:932][  0]Cmd: MAP CHECKDEP NOCLEARLOG
[2021.08.02-15.26.53:985][  0]MapCheck: 맵 체크 완료: 오류 0 회, 경고 0 회, 소요 시간 52.228ms.
[2021.08.02-15.26.53:985][  0]LogFileHelpers: Loading map 'PNStage01_Top' took 1.093
[2021.08.02-15.26.54:201][  0]LogCollectionManager: Loaded 0 collections in 0.001251 seconds
[2021.08.02-15.26.54:267][  0]LogFileCache: Scanning file cache for directory 'C:/Users/alswj/Documents/Unreal Projects/SecondProject/Saved/Collections/' took 0.01s
[2021.08.02-15.26.54:267][  0]LogFileCache: Scanning file cache for directory 'C:/Users/alswj/Documents/Unreal Projects/SecondProject/Content/Developers/MJ/Collections/' took 0.01s
[2021.08.02-15.26.54:267][  0]LogFileCache: Scanning file cache for directory 'C:/Users/alswj/Documents/Unreal Projects/SecondProject/Content/Collections/' took 0.01s
[2021.08.02-15.26.54:267][  0]LogCollectionManager: Rebuilt the GUID cache for 0 collections in 0.000001 seconds
[2021.08.02-15.26.54:279][  0]LogContentBrowser: Native class hierarchy populated in 0.0100 seconds. Added 2452 classes and 558 folders.
[2021.08.02-15.26.54:293][  0]LogContentBrowser: Native class hierarchy updated for 'WidgetCarousel' in 0.0003 seconds. Added 0 classes and 0 folders.
[2021.08.02-15.26.54:653][  0]LogContentBrowser: Native class hierarchy updated for 'AddContentDialog' in 0.0003 seconds. Added 0 classes and 0 folders.
[2021.08.02-15.26.54:662][  0]LogContentBrowser: Native class hierarchy updated for 'SceneOutliner' in 0.0002 seconds. Added 1 classes and 2 folders.
[2021.08.02-15.26.54:688][  0]LogContentBrowser: Native class hierarchy updated for 'WorldBrowser' in 0.0002 seconds. Added 2 classes and 3 folders.
[2021.08.02-15.26.54:823][  0]LogSlate: Took 0.000320 seconds to synchronously load lazily loaded font '../../../Engine/Content/Slate/Fonts/Roboto-Regular.ttf' (155K)
[2021.08.02-15.26.54:828][  0]LogSlate: Took 0.002827 seconds to synchronously load lazily loaded font '../../../Engine/Content/Editor/Slate/Fonts/NanumGothic.ttf' (4243K)
[2021.08.02-15.26.54:832][  0]LogSlate: Took 0.002534 seconds to synchronously load lazily loaded font '../../../Engine/Content/Editor/Slate/Fonts/NanumGothicBold.ttf' (4188K)
[2021.08.02-15.26.54:832][  0]LogSlate: Took 0.000169 seconds to synchronously load lazily loaded font '../../../Engine/Content/Slate/Fonts/Roboto-Bold.ttf' (160K)
[2021.08.02-15.26.54:848][  0]LogSlate: Took 0.010910 seconds to synchronously load lazily loaded font '../../../Engine/Content/Editor/Slate/Fonts/FontAwesome.ttf' (139K)
[2021.08.02-15.26.55:093][  0]LogRenderer: Reallocating scene render targets to support 952x420 Format 10 NumSamples 1 (Frame:1).
[2021.08.02-15.26.55:279][  0]LogContentBrowser: Native class hierarchy updated for 'HierarchicalLODOutliner' in 0.0002 seconds. Added 0 classes and 0 folders.
[2021.08.02-15.26.55:280][  0]LogLoad: (Engine Initialization) Total time: 11.92 seconds
[2021.08.02-15.26.55:280][  0]LogLoad: (Engine Initialization) Total Blueprint compile time: 0.00 seconds
[2021.08.02-15.26.55:316][  0]LogContentStreaming: Texture pool size now 1000 MB
[2021.08.02-15.26.55:370][  0]LogSlate: Took 0.005826 seconds to synchronously load lazily loaded font '../../../Engine/Content/Slate/Fonts/Roboto-Light.ttf' (167K)
[2021.08.02-15.26.55:430][  1]LogAssetRegistry: Asset discovery search completed in 6.9722 seconds
[2021.08.02-15.26.55:433][  1]LogCollectionManager: Rebuilt the object cache for 0 collections in 0.000000 seconds (found 0 objects)
[2021.08.02-15.26.55:433][  1]LogCollectionManager: Fixed up redirectors for 0 collections in 0.000103 seconds (updated 0 objects)
[2021.08.02-15.26.56:244][ 13]LogContentStreaming: Texture: "LightMapTexture2D /Game/Maps/Stage01/PNStage01_SM_BuiltData.PNStage01_SM_BuiltData:HQ_Lightmap0_1", ResidentMips: 7/11, RequestedMips: 11, WantedMips: 11, Boost: 0.2 (updated)
[2021.08.02-15.27.11:301][868]LogSlate: FSceneViewport::OnFocusLost() reason 0
[2021.08.02-15.27.11:409][872]LogRenderer: Reallocating scene render targets to support 1192x548 Format 10 NumSamples 1 (Frame:6).
[2021.08.02-15.27.16:107][117]LogSlate: Only BGRA pngs, bmps or icos are supported in by External Image Picker
[2021.08.02-15.27.16:912][119]LogTemp: Executing iPhonePackager certificates Engine -bundlename com.YourCompany.SecondProject
[2021.08.02-15.27.16:912][119]LogTemp: CWD: C:\Program Files\Epic Games\UE_4.19\Engine\Binaries\DotNET\IOS
[2021.08.02-15.27.16:912][119]LogTemp: Initial Dir: C:\Program Files\Epic Games\UE_4.19
[2021.08.02-15.27.16:912][119]LogTemp: Env CWD: C:\Program Files\Epic Games\UE_4.19\Engine\Binaries\DotNET\IOS
[2021.08.02-15.27.16:912][119]LogTemp: BranchPath = DESKTOP-VOKIBB8/C/Program Files/Epic Games/UE_4.19/Engine/Binaries --- GameBranchPath = DESKTOP-VOKIBB8/C/Program Files/Epic Games/UE_4.19/Engine/Binaries
[2021.08.02-15.27.16:912][119]LogTemp: IPP ERROR: Could not find provision directory 'C:\Users\alswj\AppData\Local/Apple Computer/MobileDevice/Provisioning Profiles/'.
[2021.08.02-15.27.18:123][172]LogUObjectGlobals: Created PersistentFrame Addr=0x0000021d81586520, Size=144, Default__PNGameMode_C Function /Game/Blueprints/PNGameMode.PNGameMode_C:ExecuteUbergraph_PNGameMode
[2021.08.02-15.27.18:126][172]LogUObjectGlobals: Destroyed PersistentFrame Addr=0x0000021d81586520, Size=144
[2021.08.02-15.27.18:126][172]LogUObjectGlobals: Created PersistentFrame Addr=0x0000021d81585260, Size=144, Default__PNGameMode_C Function /Engine/Transient.REINST_PNGameMode_C_17:ExecuteUbergraph_PNGameMode
[2021.08.02-15.27.18:131][172]LogUObjectGlobals: Created PersistentFrame Addr=0x0000021d81584ae0, Size=144, Default__PNGameMode_C Function /Game/Blueprints/PNGameMode.PNGameMode_C:ExecuteUbergraph_PNGameMode
[2021.08.02-15.28.05:409][970]LogSlate: Window '프로젝트 세팅' being destroyed
[2021.08.02-15.28.05:414][970]LogSlate: Window '프로젝트 세팅' being destroyed
[2021.08.02-15.28.28:699][846]LogSlate: Window '레벨 다른 이름으로 저장' being destroyed
[2021.08.02-15.28.35:881][273]LogUObjectGlobals: Destroyed PersistentFrame Addr=0x0000021d81585260, Size=144
[2021.08.02-15.29.22:918][400]LogSlate: Window 'SecondProject - 언리얼 에디터' being destroyed
[2021.08.02-15.29.22:923][400]LogWindowsTextInputMethodSystem: Display: IME system now activated using TSF (Microsoft 입력기).
[2021.08.02-15.29.23:256][401]Cmd: QUIT_EDITOR
[2021.08.02-15.29.23:331][401]LogSlate: Slate User Destroyed.  User Index 0, Is Virtual User: 0
[2021.08.02-15.29.23:332][401]LogExit: Preparing to exit.
[2021.08.02-15.29.23:996][401]LogDirectoryWatcher: A directory notification for 'C:/Users/alswj/Documents/Unreal Projects/SecondProject/Content/' was aborted.
[2021.08.02-15.29.24:045][401]LogExit: Editor shut down
[2021.08.02-15.29.24:059][401]LogExit: Transaction tracking system shut down
[2021.08.02-15.29.24:059][401]LogUObjectGlobals: Destroyed PersistentFrame Addr=0x0000021d4701a200, Size=304
[2021.08.02-15.29.24:059][401]LogUObjectGlobals: Destroyed PersistentFrame Addr=0x0000021d81584ae0, Size=144
[2021.08.02-15.29.24:059][401]LogUObjectGlobals: Destroyed PersistentFrame Addr=0x0000021d4aab8a00, Size=240
[2021.08.02-15.29.24:060][401]LogUObjectGlobals: Destroyed PersistentFrame Addr=0x0000021d4a9f7100, Size=352
[2021.08.02-15.29.24:060][401]LogUObjectGlobals: Destroyed PersistentFrame Addr=0x0000021d4aa41780, Size=184
[2021.08.02-15.29.24:060][401]LogUObjectGlobals: Destroyed PersistentFrame Addr=0x0000021d4a983a00, Size=344
[2021.08.02-15.29.24:060][401]LogUObjectGlobals: Destroyed PersistentFrame Addr=0x0000021d4a736e80, Size=288
[2021.08.02-15.29.24:230][401]LogDirectoryWatcher: A directory notification for '../../../Engine/Content/' was aborted.
[2021.08.02-15.29.24:230][401]LogDirectoryWatcher: A directory notification for '../../../../../../Users/alswj/Documents/Unreal Projects/SecondProject/Content/' was aborted.
[2021.08.02-15.29.24:230][401]LogDirectoryWatcher: A directory notification for '../../Plugins/2D/Paper2D/Content/' was aborted.
[2021.08.02-15.29.24:230][401]LogDirectoryWatcher: A directory notification for '../../Plugins/Enterprise/DatasmithContent/Content/' was aborted.
[2021.08.02-15.29.24:230][401]LogDirectoryWatcher: A directory notification for '../../Plugins/Media/MediaCompositing/Content/' was aborted.
[2021.08.02-15.29.24:230][401]LogDirectoryWatcher: A directory notification for '../../Plugins/Runtime/AppleARKit/Content/' was aborted.
[2021.08.02-15.29.24:230][401]LogDirectoryWatcher: A directory notification for '../../Plugins/Runtime/Oculus/OculusVR/Content/' was aborted.
[2021.08.02-15.29.24:230][401]LogDirectoryWatcher: A directory notification for '../../Plugins/Runtime/Steam/SteamVR/Content/' was aborted.
[2021.08.02-15.29.24:346][401]LogExit: Object subsystem successfully closed.
[2021.08.02-15.29.24:405][401]LogShaderCompilers: Display: Shaders left to compile 0
[2021.08.02-15.29.24:409][401]LogD3D11RHI: Shutdown
[2021.08.02-15.29.24:410][401]LogD3D11RHI: CleanupD3DDevice
[2021.08.02-15.29.24:422][401]LogD3D11RHI: ~FD3D11DynamicRHI
[2021.08.02-15.29.24:498][401]LogModuleManager: Shutting down and abandoning module ExternalImagePicker (578)
[2021.08.02-15.29.24:498][401]LogModuleManager: Shutting down and abandoning module HierarchicalLODOutliner (576)
[2021.08.02-15.29.24:498][401]LogModuleManager: Shutting down and abandoning module WorldBrowser (574)
[2021.08.02-15.29.24:498][401]LogModuleManager: Shutting down and abandoning module SceneOutliner (572)
[2021.08.02-15.29.24:499][401]LogModuleManager: Shutting down and abandoning module AddContentDialog (570)
[2021.08.02-15.29.24:499][401]LogDirectoryWatcher: A directory notification for 'C:/Program Files/Epic Games/UE_4.19/FeaturePacks/' was aborted.
[2021.08.02-15.29.24:499][401]LogModuleManager: Shutting down and abandoning module WidgetCarousel (569)
[2021.08.02-15.29.24:499][401]LogModuleManager: Shutting down and abandoning module EditorWidgets (566)
[2021.08.02-15.29.24:499][401]LogModuleManager: Shutting down and abandoning module CollectionManager (564)
[2021.08.02-15.29.24:500][401]LogDirectoryWatcher: A directory notification for 'C:/Users/alswj/Documents/Unreal Projects/SecondProject/Content/Collections/' was aborted.
[2021.08.02-15.29.24:500][401]LogDirectoryWatcher: A directory notification for 'C:/Users/alswj/Documents/Unreal Projects/SecondProject/Content/Developers/MJ/Collections/' was aborted.
[2021.08.02-15.29.24:500][401]LogDirectoryWatcher: A directory notification for 'C:/Users/alswj/Documents/Unreal Projects/SecondProject/Saved/Collections/' was aborted.
[2021.08.02-15.29.24:500][401]LogModuleManager: Shutting down and abandoning module StatsViewer (562)
[2021.08.02-15.29.24:500][401]LogModuleManager: Shutting down and abandoning module FoliageEdit (560)
[2021.08.02-15.29.24:500][401]LogModuleManager: Shutting down and abandoning module LandscapeEditor (558)
[2021.08.02-15.29.24:503][401]LogModuleManager: Shutting down and abandoning module MeshPaintMode (556)
[2021.08.02-15.29.24:503][401]LogModuleManager: Shutting down and abandoning module SceneDepthPickerMode (554)
[2021.08.02-15.29.24:503][401]LogModuleManager: Shutting down and abandoning module ActorPickerMode (552)
[2021.08.02-15.29.24:503][401]LogModuleManager: Shutting down and abandoning module GeometryMode (550)
[2021.08.02-15.29.24:503][401]LogModuleManager: Shutting down and abandoning module TextureAlignMode (548)
[2021.08.02-15.29.24:503][401]LogModuleManager: Shutting down and abandoning module BspMode (546)
[2021.08.02-15.29.24:504][401]LogModuleManager: Shutting down and abandoning module PIEPreviewDeviceProfileSelector (544)
[2021.08.02-15.29.24:504][401]LogModuleManager: Shutting down and abandoning module HardwareSurvey (542)
[2021.08.02-15.29.24:504][401]LogModuleManager: Shutting down and abandoning module SequenceRecorderSections (540)
[2021.08.02-15.29.24:504][401]LogModuleManager: Shutting down and abandoning module AutomationWorker (538)
[2021.08.02-15.29.24:504][401]LogModuleManager: Shutting down and abandoning module AudioCaptureEditor (536)
[2021.08.02-15.29.24:504][401]LogModuleManager: Shutting down and abandoning module SequenceRecorder (535)
[2021.08.02-15.29.24:505][401]LogModuleManager: Shutting down and abandoning module MatineeToLevelSequence (532)
[2021.08.02-15.29.24:506][401]LogModuleManager: Shutting down and abandoning module LevelSequenceEditor (530)
[2021.08.02-15.29.24:507][401]LogModuleManager: Shutting down and abandoning module PlacementMode (529)
[2021.08.02-15.29.24:507][401]LogModuleManager: Shutting down and abandoning module MaterialEditor (528)
[2021.08.02-15.29.24:510][401]LogModuleManager: Shutting down and abandoning module WmfMediaFactory (524)
[2021.08.02-15.29.24:510][401]LogModuleManager: Shutting down and abandoning module WmfMediaEditor (522)
[2021.08.02-15.29.24:510][401]LogModuleManager: Shutting down and abandoning module MediaPlayerEditor (520)
[2021.08.02-15.29.24:511][401]LogModuleManager: Shutting down and abandoning module OpenExrWrapper (518)
[2021.08.02-15.29.24:511][401]LogModuleManager: Shutting down and abandoning module ImgMediaFactory (516)
[2021.08.02-15.29.24:511][401]LogModuleManager: Shutting down and abandoning module ImgMediaEditor (514)
[2021.08.02-15.29.24:511][401]LogModuleManager: Shutting down and abandoning module AvfMediaFactory (512)
[2021.08.02-15.29.24:511][401]LogModuleManager: Shutting down and abandoning module AvfMediaEditor (510)
[2021.08.02-15.29.24:511][401]LogModuleManager: Shutting down and abandoning module AndroidMediaFactory (508)
[2021.08.02-15.29.24:511][401]LogModuleManager: Shutting down and abandoning module AndroidMediaEditor (506)
[2021.08.02-15.29.24:511][401]LogModuleManager: Shutting down and abandoning module CharacterAI (504)
[2021.08.02-15.29.24:511][401]LogModuleManager: Shutting down and abandoning module SmartSnapping (502)
[2021.08.02-15.29.24:511][401]LogModuleManager: Shutting down and abandoning module SessionServices (500)
[2021.08.02-15.29.24:511][401]LogModuleManager: Shutting down and abandoning module ViewportSnapping (498)
[2021.08.02-15.29.24:511][401]LogModuleManager: Shutting down and abandoning module ViewportInteraction (496)
[2021.08.02-15.29.24:511][401]LogModuleManager: Shutting down and abandoning module ClothPainter (494)
[2021.08.02-15.29.24:512][401]LogModuleManager: Shutting down and abandoning module SkeletalMeshEditor (493)
[2021.08.02-15.29.24:514][401]LogModuleManager: Shutting down and abandoning module LogVisualizer (490)
[2021.08.02-15.29.24:515][401]LogModuleManager: Shutting down and abandoning module IntroTutorials (488)
[2021.08.02-15.29.24:517][401]LogModuleManager: Shutting down and abandoning module GameProjectGeneration (487)
[2021.08.02-15.29.24:517][401]LogModuleManager: Shutting down and abandoning module IOSPlatformEditor (484)
[2021.08.02-15.29.24:517][401]LogModuleManager: Shutting down and abandoning module HTML5PlatformEditor (482)
[2021.08.02-15.29.24:517][401]LogModuleManager: Shutting down and abandoning module AndroidPlatformEditor (480)
[2021.08.02-15.29.24:517][401]LogModuleManager: Shutting down and abandoning module AndroidDeviceDetection (479)
[2021.08.02-15.29.25:461][401]LogModuleManager: Shutting down and abandoning module WindowsPlatformEditor (476)
[2021.08.02-15.29.25:461][401]LogModuleManager: Shutting down and abandoning module IOSRuntimeSettings (474)
[2021.08.02-15.29.25:461][401]LogModuleManager: Shutting down and abandoning module AndroidRuntimeSettings (472)
[2021.08.02-15.29.25:461][401]LogModuleManager: Shutting down and abandoning module InputBindingEditor (470)
[2021.08.02-15.29.25:462][401]LogModuleManager: Shutting down and abandoning module MergeActors (468)
[2021.08.02-15.29.25:463][401]LogModuleManager: Shutting down and abandoning module LocalizationDashboard (466)
[2021.08.02-15.29.25:463][401]LogModuleManager: Shutting down and abandoning module LocalizationService (465)
[2021.08.02-15.29.25:464][401]LogModuleManager: Shutting down and abandoning module HardwareTargeting (462)
[2021.08.02-15.29.25:464][401]LogModuleManager: Shutting down and abandoning module DeviceProfileEditor (460)
[2021.08.02-15.29.25:464][401]LogModuleManager: Shutting down and abandoning module UndoHistory (458)
[2021.08.02-15.29.25:464][401]LogModuleManager: Shutting down and abandoning module XmlParser (456)
[2021.08.02-15.29.25:465][401]LogModuleManager: Shutting down and abandoning module Blutility (454)
[2021.08.02-15.29.25:465][401]LogModuleManager: Shutting down and abandoning module ProjectSettingsViewer (452)
[2021.08.02-15.29.25:465][401]LogModuleManager: Shutting down and abandoning module ProjectTargetPlatformEditor (451)
[2021.08.02-15.29.25:465][401]LogModuleManager: Shutting down and abandoning module EditorSettingsViewer (448)
[2021.08.02-15.29.25:465][401]LogModuleManager: Shutting down and abandoning module SettingsEditor (446)
[2021.08.02-15.29.25:465][401]LogModuleManager: Shutting down and abandoning module ProjectLauncher (444)
[2021.08.02-15.29.25:466][401]LogModuleManager: Shutting down and abandoning module SessionFrontend (442)
[2021.08.02-15.29.25:466][401]LogModuleManager: Shutting down and abandoning module ProfilerClient (440)
[2021.08.02-15.29.25:466][401]LogModuleManager: Shutting down and abandoning module DeviceManager (438)
[2021.08.02-15.29.25:467][401]LogModuleManager: Shutting down and abandoning module TargetDeviceServices (437)
[2021.08.02-15.29.25:511][401]LogModuleManager: Shutting down and abandoning module AutomationController (434)
[2021.08.02-15.29.25:513][401]LogModuleManager: Shutting down and abandoning module AutomationWindow (432)
[2021.08.02-15.29.25:514][401]LogModuleManager: Shutting down and abandoning module Layers (430)
[2021.08.02-15.29.25:517][401]LogModuleManager: Shutting down and abandoning module ComponentVisualizers (428)
[2021.08.02-15.29.25:517][401]LogModuleManager: Shutting down and abandoning module DetailCustomizations (426)
[2021.08.02-15.29.25:517][401]LogModuleManager: Shutting down and abandoning module PackagesDialog (424)
[2021.08.02-15.29.25:518][401]LogModuleManager: Shutting down and abandoning module Persona (422)
[2021.08.02-15.29.25:520][401]LogModuleManager: Shutting down and abandoning module AdvancedPreviewScene (421)
[2021.08.02-15.29.25:520][401]LogModuleManager: Shutting down and abandoning module AnimGraph (419)
[2021.08.02-15.29.25:520][401]LogModuleManager: Shutting down and abandoning module Kismet (416)
[2021.08.02-15.29.25:521][401]LogModuleManager: Shutting down and abandoning module GraphEditor (414)
[2021.08.02-15.29.25:523][401]LogModuleManager: Shutting down and abandoning module ClassViewer (412)
[2021.08.02-15.29.25:523][401]LogModuleManager: Shutting down and abandoning module Toolbox (410)
[2021.08.02-15.29.25:523][401]LogModuleManager: Shutting down and abandoning module ModuleUI (408)
[2021.08.02-15.29.25:524][401]LogModuleManager: Shutting down and abandoning module MovieSceneTools (406)
[2021.08.02-15.29.25:526][401]LogModuleManager: Shutting down and abandoning module OutputLog (404)
[2021.08.02-15.29.25:526][401]LogModuleManager: Shutting down and abandoning module GammaUI (402)
[2021.08.02-15.29.25:526][401]LogModuleManager: Shutting down and abandoning module Documentation (400)
[2021.08.02-15.29.25:526][401]LogModuleManager: Shutting down and abandoning module MovieSceneTracks (398)
[2021.08.02-15.29.25:526][401]LogModuleManager: Shutting down and abandoning module MovieScene (396)
[2021.08.02-15.29.25:526][401]LogModuleManager: Shutting down and abandoning module StreamingPauseRendering (394)
[2021.08.02-15.29.25:526][401]LogModuleManager: Shutting down and abandoning module LauncherPlatform (392)
[2021.08.02-15.29.25:526][401]LogModuleManager: Shutting down and abandoning module AnalyticsET (390)
[2021.08.02-15.29.25:526][401]LogModuleManager: Shutting down and abandoning module PortalServices (388)
[2021.08.02-15.29.25:526][401]LogModuleManager: Shutting down and abandoning module PortalRpc (386)
[2021.08.02-15.29.25:526][401]LogModuleManager: Shutting down and abandoning module MessagingRpc (384)
[2021.08.02-15.29.25:526][401]LogModuleManager: Shutting down and abandoning module AIModule (382)
[2021.08.02-15.29.25:526][401]LogModuleManager: Shutting down and abandoning module GameplayDebugger (381)
[2021.08.02-15.29.25:526][401]LogModuleManager: Shutting down and abandoning module AITestSuite (379)
[2021.08.02-15.29.25:527][401]LogModuleManager: Shutting down and abandoning module DesktopPlatform (376)
[2021.08.02-15.29.25:527][401]LogModuleManager: Shutting down and abandoning module ProfilerService (374)
[2021.08.02-15.29.25:634][401]LogModuleManager: Shutting down and abandoning module TaskGraph (372)
[2021.08.02-15.29.25:636][401]LogModuleManager: Shutting down and abandoning module SteamVRController (370)
[2021.08.02-15.29.25:636][401]LogModuleManager: Shutting down and abandoning module ProceduralMeshComponentEditor (368)
[2021.08.02-15.29.25:636][401]LogModuleManager: Shutting down and abandoning module ProceduralMeshComponent (366)
[2021.08.02-15.29.25:636][401]LogModuleManager: Shutting down and abandoning module OculusInput (364)
[2021.08.02-15.29.25:636][401]LogModuleManager: Shutting down and abandoning module MobilePatchingUtils (362)
[2021.08.02-15.29.25:636][401]LogModuleManager: Shutting down and abandoning module CustomMeshComponent (360)
[2021.08.02-15.29.25:636][401]LogModuleManager: Shutting down and abandoning module CableComponent (358)
[2021.08.02-15.29.25:636][401]LogModuleManager: Shutting down and abandoning module AudioCapture (356)
[2021.08.02-15.29.25:636][401]LogModuleManager: Shutting down and abandoning module ArchVisCharacter (354)
[2021.08.02-15.29.25:636][401]LogModuleManager: Shutting down and abandoning module AndroidPermission (352)
[2021.08.02-15.29.25:636][401]LogModuleManager: Shutting down and abandoning module NUTUnrealEngine4 (348)
[2021.08.02-15.29.25:636][401]LogModuleManager: Shutting down and abandoning module NetcodeUnitTest (346)
[2021.08.02-15.29.25:638][401]LogModuleManager: Shutting down and abandoning module MediaCompositingEditor (344)
[2021.08.02-15.29.25:639][401]LogModuleManager: Shutting down and abandoning module MediaCompositing (342)
[2021.08.02-15.29.25:639][401]LogModuleManager: Shutting down and abandoning module LinearTimecode (340)
[2021.08.02-15.29.25:639][401]LogModuleManager: Shutting down and abandoning module ImgMedia (338)
[2021.08.02-15.29.25:642][401]LogModuleManager: Shutting down and abandoning module HTML5Networking (336)
[2021.08.02-15.29.25:642][401]LogModuleManager: Shutting down and abandoning module AlembicImporter (334)
[2021.08.02-15.29.25:642][401]LogModuleManager: Shutting down and abandoning module AlembicLibrary (333)
[2021.08.02-15.29.25:642][401]LogModuleManager: Shutting down and abandoning module GeometryCache (332)
[2021.08.02-15.29.25:642][401]LogModuleManager: Shutting down and abandoning module GeometryCacheEd (331)
[2021.08.02-15.29.25:642][401]LogModuleManager: Shutting down and abandoning module DatasmithContent (326)
[2021.08.02-15.29.25:642][401]LogModuleManager: Shutting down and abandoning module SpeedTreeImporter (324)
[2021.08.02-15.29.25:642][401]LogModuleManager: Shutting down and abandoning module PluginBrowser (322)
[2021.08.02-15.29.25:645][401]LogModuleManager: Shutting down and abandoning module MobileLauncherProfileWizard (320)
[2021.08.02-15.29.25:645][401]LogModuleManager: Shutting down and abandoning module CryptoKeysOpenSSL (318)
[2021.08.02-15.29.25:646][401]LogModuleManager: Shutting down and abandoning module CryptoKeys (316)
[2021.08.02-15.29.25:646][401]LogModuleManager: Shutting down and abandoning module VisualStudioSourceCodeAccess (314)
[2021.08.02-15.29.25:646][401]LogModuleManager: Shutting down and abandoning module VisualStudioCodeSourceCodeAccess (312)
[2021.08.02-15.29.25:646][401]LogModuleManager: Shutting down and abandoning module UObjectPlugin (310)
[2021.08.02-15.29.25:646][401]LogModuleManager: Shutting down and abandoning module SubversionSourceControl (308)
[2021.08.02-15.29.25:647][401]LogModuleManager: Shutting down and abandoning module PerforceSourceControl (306)
[2021.08.02-15.29.25:648][401]LogModuleManager: Shutting down and abandoning module GitSourceControl (304)
[2021.08.02-15.29.25:649][401]LogModuleManager: Shutting down and abandoning module SourceControl (303)
[2021.08.02-15.29.25:649][401]LogModuleManager: Shutting down and abandoning module CLionSourceCodeAccess (300)
[2021.08.02-15.29.25:649][401]LogModuleManager: Shutting down and abandoning module LightPropagationVolumeEditor (298)
[2021.08.02-15.29.25:649][401]LogModuleManager: Shutting down and abandoning module PaperTiledImporter (296)
[2021.08.02-15.29.25:649][401]LogModuleManager: Shutting down and abandoning module PaperSpriteSheetImporter (294)
[2021.08.02-15.29.25:649][401]LogModuleManager: Shutting down and abandoning module Paper2DEditor (292)
[2021.08.02-15.29.25:650][401]LogModuleManager: Shutting down and abandoning module MeshPaint (291)
[2021.08.02-15.29.25:650][401]LogModuleManager: Shutting down and abandoning module RuntimePhysXCooking (288)
[2021.08.02-15.29.25:650][401]LogModuleManager: Shutting down and abandoning module PhysXVehiclesEditor (286)
[2021.08.02-15.29.25:651][401]LogModuleManager: Shutting down and abandoning module PhysXVehicles (284)
[2021.08.02-15.29.25:651][401]LogModuleManager: Shutting down and abandoning module OculusEditor (282)
[2021.08.02-15.29.25:651][401]LogModuleManager: Shutting down and abandoning module LocationServicesBPLibrary (280)
[2021.08.02-15.29.25:651][401]LogModuleManager: Shutting down and abandoning module ImmediatePhysicsEditor (278)
[2021.08.02-15.29.25:651][401]LogModuleManager: Shutting down and abandoning module ImmediatePhysics (276)
[2021.08.02-15.29.25:651][401]LogModuleManager: Shutting down and abandoning module ActorSequence (274)
[2021.08.02-15.29.25:651][401]LogModuleManager: Shutting down and abandoning module UdpMessaging (272)
[2021.08.02-15.29.25:751][401]LogModuleManager: Shutting down and abandoning module TcpMessaging (270)
[2021.08.02-15.29.25:852][401]LogModuleManager: Shutting down and abandoning module GameplayTagsEditor (268)
[2021.08.02-15.29.25:854][401]LogModuleManager: Shutting down and abandoning module FacialAnimationEditor (266)
[2021.08.02-15.29.25:854][401]LogModuleManager: Shutting down and abandoning module FacialAnimation (264)
[2021.08.02-15.29.25:855][401]LogModuleManager: Shutting down and abandoning module DataValidation (262)
[2021.08.02-15.29.25:855][401]LogModuleManager: Shutting down and abandoning module AssetManagerEditor (260)
[2021.08.02-15.29.25:857][401]LogModuleManager: Shutting down and abandoning module LevelEditor (259)
[2021.08.02-15.29.25:862][401]LogModuleManager: Shutting down and abandoning module PixelInspectorModule (258)
[2021.08.02-15.29.25:863][401]LogModuleManager: Shutting down and abandoning module CommonMenuExtensions (256)
[2021.08.02-15.29.25:864][401]LogModuleManager: Shutting down and abandoning module MainFrame (254)
[2021.08.02-15.29.25:864][401]LogModuleManager: Shutting down and abandoning module HotReload (253)
[2021.08.02-15.29.25:865][401]LogModuleManager: Shutting down and abandoning module ContentBrowser (249)
[2021.08.02-15.29.25:867][401]LogModuleManager: Shutting down and abandoning module TreeMap (247)
[2021.08.02-15.29.25:869][401]LogModuleManager: Shutting down and abandoning module LightPropagationVolumeRuntime (244)
[2021.08.02-15.29.25:870][401]LogModuleManager: Shutting down and abandoning module LiveLinkEditor (242)
[2021.08.02-15.29.25:870][401]LogModuleManager: Shutting down and abandoning module LiveLink (240)
[2021.08.02-15.29.26:640][401]LogModuleManager: Shutting down and abandoning module Paper2D (238)
[2021.08.02-15.29.26:640][401]LogModuleManager: Shutting down and abandoning module WindowsMoviePlayer (236)
[2021.08.02-15.29.26:641][401]LogModuleManager: Shutting down and abandoning module WmfMedia (234)
[2021.08.02-15.29.26:645][401]LogModuleManager: Shutting down and abandoning module Media (233)
[2021.08.02-15.29.26:652][401]LogModuleManager: Shutting down and abandoning module PacketHandler (230)
[2021.08.02-15.29.26:652][401]LogModuleManager: Shutting down and abandoning module ClothingSystemEditor (228)
[2021.08.02-15.29.26:652][401]LogModuleManager: Shutting down and abandoning module ClothingSystemRuntime (226)
[2021.08.02-15.29.26:653][401]LogModuleManager: Shutting down and abandoning module MediaAssets (224)
[2021.08.02-15.29.26:653][401]LogModuleManager: Shutting down and abandoning module Overlay (222)
[2021.08.02-15.29.26:653][401]LogModuleManager: Shutting down and abandoning module OverlayEditor (221)
[2021.08.02-15.29.26:653][401]LogModuleManager: Shutting down and abandoning module VREditor (218)
[2021.08.02-15.29.26:655][401]LogModuleManager: Shutting down and abandoning module StringTableEditor (216)
[2021.08.02-15.29.26:655][401]LogModuleManager: Shutting down and abandoning module GameplayTasksEditor (214)
[2021.08.02-15.29.26:655][401]LogModuleManager: Shutting down and abandoning module BehaviorTreeEditor (212)
[2021.08.02-15.29.26:657][401]LogModuleManager: Shutting down and abandoning module FunctionalTesting (210)
[2021.08.02-15.29.26:657][401]LogModuleManager: Shutting down and abandoning module CollisionAnalyzer (208)
[2021.08.02-15.29.26:660][401]LogModuleManager: Shutting down and abandoning module WorkspaceMenuStructure (207)
[2021.08.02-15.29.26:662][401]LogModuleManager: Shutting down and abandoning module UMG (204)
[2021.08.02-15.29.26:662][401]LogModuleManager: Shutting down and abandoning module UMGEditor (203)
[2021.08.02-15.29.26:665][401]LogModuleManager: Shutting down and abandoning module Sequencer (202)
[2021.08.02-15.29.26:666][401]LogModuleManager: Shutting down and abandoning module MessageLog (199)
[2021.08.02-15.29.26:666][401]LogModuleManager: Shutting down and abandoning module SlateReflector (194)
[2021.08.02-15.29.26:667][401]LogModuleManager: Shutting down and abandoning module Slate (192)
[2021.08.02-15.29.26:667][401]LogModuleManager: Shutting down and abandoning module EditorStyle (190)
[2021.08.02-15.29.26:669][401]LogModuleManager: Shutting down and abandoning module MRMesh (188)
[2021.08.02-15.29.26:669][401]LogModuleManager: Shutting down and abandoning module SourceCodeAccess (186)
[2021.08.02-15.29.26:669][401]LogModuleManager: Shutting down and abandoning module HeadMountedDisplay (184)
[2021.08.02-15.29.26:669][401]LogModuleManager: Shutting down and abandoning module XAudio2 (182)
[2021.08.02-15.29.26:670][401]LogModuleManager: Shutting down and abandoning module Networking (180)
[2021.08.02-15.29.26:670][401]LogModuleManager: Shutting down and abandoning module Core (178)
[2021.08.02-15.29.26:670][401]LogModuleManager: Shutting down and abandoning module LevelSequence (176)
[2021.08.02-15.29.26:670][401]LogModuleManager: Shutting down and abandoning module KismetCompiler (174)
[2021.08.02-15.29.26:670][401]LogModuleManager: Shutting down and abandoning module MeshUtilities (172)
[2021.08.02-15.29.26:670][401]LogModuleManager: Shutting down and abandoning module MeshMergeUtilities (171)
[2021.08.02-15.29.26:670][401]LogModuleManager: Shutting down and abandoning module MeshReductionInterface (170)
[2021.08.02-15.29.26:670][401]LogModuleManager: Shutting down and abandoning module SimplygonSwarm (169)
[2021.08.02-15.29.26:670][401]LogModuleManager: Shutting down and abandoning module SimplygonMeshReduction (167)
[2021.08.02-15.29.26:671][401]LogModuleManager: Shutting down and abandoning module QuadricMeshReduction (165)
[2021.08.02-15.29.26:672][401]LogModuleManager: Shutting down and abandoning module MaterialBaking (161)
[2021.08.02-15.29.26:672][401]LogModuleManager: Shutting down and abandoning module DirectoryWatcher (157)
[2021.08.02-15.29.26:672][401]LogModuleManager: Shutting down and abandoning module DerivedDataCache (154)
[2021.08.02-15.29.26:742][401]LogDerivedDataCache: Shutdown
[2021.08.02-15.29.26:742][401]LogModuleManager: Shutting down and abandoning module XGEController (152)
[2021.08.02-15.29.26:742][401]LogModuleManager: Shutting down and abandoning module TargetPlatform (150)
[2021.08.02-15.29.26:742][401]LogModuleManager: Shutting down and abandoning module VulkanShaderFormat (149)
[2021.08.02-15.29.26:743][401]LogModuleManager: Shutting down and abandoning module ShaderFormatVectorVM (147)
[2021.08.02-15.29.26:743][401]LogModuleManager: Shutting down and abandoning module ShaderFormatOpenGL (145)
[2021.08.02-15.29.26:743][401]LogModuleManager: Shutting down and abandoning module ShaderFormatD3D (143)
[2021.08.02-15.29.26:743][401]LogModuleManager: Shutting down and abandoning module MetalShaderFormat (141)
[2021.08.02-15.29.26:744][401]LogModuleManager: Shutting down and abandoning module TextureFormatUncompressed (139)
[2021.08.02-15.29.26:744][401]LogModuleManager: Shutting down and abandoning module TextureFormatPVR (137)
[2021.08.02-15.29.26:744][401]LogModuleManager: Shutting down and abandoning module TextureFormatDXT (135)
[2021.08.02-15.29.26:744][401]LogModuleManager: Shutting down and abandoning module TextureFormatIntelISPCTexComp (133)
[2021.08.02-15.29.26:745][401]LogModuleManager: Shutting down and abandoning module TextureFormatASTC (131)
[2021.08.02-15.29.26:745][401]LogModuleManager: Shutting down and abandoning module ImageWrapper (130)
[2021.08.02-15.29.26:745][401]LogModuleManager: Shutting down and abandoning module TextureFormatAndroid (127)
[2021.08.02-15.29.26:745][401]LogModuleManager: Shutting down and abandoning module AudioFormatOpus (125)
[2021.08.02-15.29.26:745][401]LogModuleManager: Shutting down and abandoning module AudioFormatOgg (123)
[2021.08.02-15.29.26:745][401]LogModuleManager: Shutting down and abandoning module AudioFormatADPCM (121)
[2021.08.02-15.29.26:745][401]LogModuleManager: Shutting down and abandoning module LinuxTargetPlatform (119)
[2021.08.02-15.29.26:745][401]LogModuleManager: Shutting down and abandoning module LinuxServerTargetPlatform (117)
[2021.08.02-15.29.26:745][401]LogModuleManager: Shutting down and abandoning module LinuxNoEditorTargetPlatform (115)
[2021.08.02-15.29.26:745][401]LogModuleManager: Shutting down and abandoning module LinuxClientTargetPlatform (113)
[2021.08.02-15.29.26:745][401]LogModuleManager: Shutting down and abandoning module TVOSTargetPlatform (111)
[2021.08.02-15.29.26:745][401]LogModuleManager: Shutting down and abandoning module Messaging (109)
[2021.08.02-15.29.26:745][401]LogModuleManager: Shutting down and abandoning module IOSTargetPlatform (107)
[2021.08.02-15.29.26:745][401]LogModuleManager: Shutting down and abandoning module HTML5TargetPlatform (105)
[2021.08.02-15.29.26:745][401]LogModuleManager: Shutting down and abandoning module AndroidTargetPlatform (103)
[2021.08.02-15.29.26:745][401]LogModuleManager: Shutting down and abandoning module Android_PVRTCTargetPlatform (101)
[2021.08.02-15.29.26:745][401]LogModuleManager: Shutting down and abandoning module Android_MultiTargetPlatform (99)
[2021.08.02-15.29.26:745][401]LogModuleManager: Shutting down and abandoning module Android_ETC2TargetPlatform (97)
[2021.08.02-15.29.26:745][401]LogModuleManager: Shutting down and abandoning module Android_ETC1TargetPlatform (95)
[2021.08.02-15.29.26:745][401]LogModuleManager: Shutting down and abandoning module Android_ETC1aTargetPlatform (93)
[2021.08.02-15.29.26:745][401]LogModuleManager: Shutting down and abandoning module Android_DXTTargetPlatform (91)
[2021.08.02-15.29.26:745][401]LogModuleManager: Shutting down and abandoning module Android_ATCTargetPlatform (89)
[2021.08.02-15.29.26:745][401]LogModuleManager: Shutting down and abandoning module Android_ASTCTargetPlatform (87)
[2021.08.02-15.29.26:745][401]LogModuleManager: Shutting down and abandoning module WindowsTargetPlatform (85)
[2021.08.02-15.29.26:745][401]LogModuleManager: Shutting down and abandoning module WindowsServerTargetPlatform (83)
[2021.08.02-15.29.26:746][401]LogModuleManager: Shutting down and abandoning module WindowsNoEditorTargetPlatform (81)
[2021.08.02-15.29.26:746][401]LogModuleManager: Shutting down and abandoning module WindowsClientTargetPlatform (79)
[2021.08.02-15.29.26:746][401]LogModuleManager: Shutting down and abandoning module MacTargetPlatform (77)
[2021.08.02-15.29.26:746][401]LogModuleManager: Shutting down and abandoning module MacServerTargetPlatform (75)
[2021.08.02-15.29.26:746][401]LogModuleManager: Shutting down and abandoning module MacNoEditorTargetPlatform (73)
[2021.08.02-15.29.26:746][401]LogModuleManager: Shutting down and abandoning module MacClientTargetPlatform (71)
[2021.08.02-15.29.26:746][401]LogModuleManager: Shutting down and abandoning module AllDesktopTargetPlatform (69)
[2021.08.02-15.29.26:746][401]LogModuleManager: Shutting down and abandoning module InputCore (66)
[2021.08.02-15.29.26:746][401]LogModuleManager: Shutting down and abandoning module Settings (64)
[2021.08.02-15.29.26:746][401]LogModuleManager: Shutting down and abandoning module PhysXCooking (62)
[2021.08.02-15.29.26:746][401]LogModuleManager: Shutting down and abandoning module SteamVR (60)
[2021.08.02-15.29.26:746][401]LogModuleManager: Shutting down and abandoning module OculusHMD (58)
[2021.08.02-15.29.26:746][401]LogModuleManager: Shutting down and abandoning module ExampleDeviceProfileSelector (56)
[2021.08.02-15.29.26:746][401]LogModuleManager: Shutting down and abandoning module AppleARKit (54)
[2021.08.02-15.29.26:746][401]LogModuleManager: Shutting down and abandoning module AugmentedReality (51)
[2021.08.02-15.29.26:746][401]LogModuleManager: Shutting down and abandoning module OnlineBlueprintSupport (48)
[2021.08.02-15.29.26:746][401]LogModuleManager: Shutting down and abandoning module OnlineSubsystem (44)
[2021.08.02-15.29.26:746][401]LogModuleManager: Shutting down and abandoning module XMPP (43)
[2021.08.02-15.29.26:748][401]LogModuleManager: Shutting down and abandoning module HTTP (41)
[2021.08.02-15.29.26:748][401]LogHttp: Display: Http module shutting down, but needs to wait on 1 outstanding Http requests:
[2021.08.02-15.29.26:748][401]LogHttp: Display: 	verb=[POST] url=[https://datarouter.ol.epicgames.com/datarouter/api/v1/public/data?SessionID=%7BAAAFC38D-460E-5D53-3806-B2BE3249E00C%7D&AppID=UEEditor.Rocket.Release&AppVersion=4.19.2-4033788%2B%2B%2BUE4%2BRelease-4.19&UserID=827661ce4b2b61f8d7cf33b3b8a588e5%7Ce896afdaab544be5ba68f6d3e5458d58%7Ccb31ac42-24cc-46b3-9823-c889a4c36331&AppEnvironment=datacollector-binary&UploadType=eteventstream] status=Processing
[2021.08.02-15.29.26:772][401]LogModuleManager: Shutting down and abandoning module SSL (40)
[2021.08.02-15.29.26:774][401]LogModuleManager: Shutting down and abandoning module AnimationModifiers (36)
[2021.08.02-15.29.26:775][401]LogModuleManager: Shutting down and abandoning module PropertyEditor (35)
[2021.08.02-15.29.26:775][401]LogModuleManager: Shutting down and abandoning module AudioEditor (32)
[2021.08.02-15.29.26:776][401]LogModuleManager: Shutting down and abandoning module TextureCompressor (30)
[2021.08.02-15.29.26:778][401]LogModuleManager: Shutting down and abandoning module ShaderCore (28)
[2021.08.02-15.29.26:778][401]LogModuleManager: Shutting down and abandoning module Landscape (26)
[2021.08.02-15.29.26:778][401]LogModuleManager: Shutting down and abandoning module SlateRHIRenderer (24)
[2021.08.02-15.29.26:781][401]LogModuleManager: Shutting down and abandoning module OpenGLDrv (22)
[2021.08.02-15.29.26:782][401]LogModuleManager: Shutting down and abandoning module D3D11RHI (20)
[2021.08.02-15.29.26:782][401]LogModuleManager: Shutting down and abandoning module AnimGraphRuntime (18)
[2021.08.02-15.29.26:782][401]LogModuleManager: Shutting down and abandoning module Renderer (16)
[2021.08.02-15.29.26:782][401]LogModuleManager: Shutting down and abandoning module Engine (14)
[2021.08.02-15.29.26:782][401]LogModuleManager: Shutting down and abandoning module CoreUObject (12)
[2021.08.02-15.29.26:782][401]LogModuleManager: Shutting down and abandoning module NetworkFile (10)
[2021.08.02-15.29.26:782][401]LogModuleManager: Shutting down and abandoning module CookedIterativeFile (8)
[2021.08.02-15.29.26:782][401]LogModuleManager: Shutting down and abandoning module StreamingFile (6)
[2021.08.02-15.29.26:782][401]LogModuleManager: Shutting down and abandoning module SandboxFile (4)
[2021.08.02-15.29.26:782][401]LogModuleManager: Shutting down and abandoning module PakFile (2)
[2021.08.02-15.29.26:788][401]LogExit: Exiting.
[2021.08.02-15.29.26:798][401]Log file closed, 08/03/21 00:29:26
