Log file open, 07/28/21 23:53:16
LogWindows: Failed to load 'aqProf.dll' (GetLastError=126)
LogWindows: File 'aqProf.dll' does not exist
LogWindows: Failed to load 'VtuneApi.dll' (GetLastError=126)
LogWindows: File 'VtuneApi.dll' does not exist
LogWindows: Failed to load 'VtuneApi32e.dll' (GetLastError=126)
LogWindows: File 'VtuneApi32e.dll' does not exist
LogInit: Display: Running engine for game: SecondProject
LogPlatformFile: Not using cached read wrapper
LogInit: Display: RandInit(88369238) SRandInit(88369239).
LogInit: Read version file with build ID '3944462'
LogInit: Overriding engine version to CL 4033788, compatible CL 3944462
LogInit: Registered custom module enumerator with build ID '3944462'
LogTaskGraph: Started task graph with 5 named threads and 23 total threads with 3 sets of task threads.
LogStats: Stats thread started at 0.353606
LogD3D11RHI: Aftermath initialized
LogICUInternationalization: Display: ICU TimeZone Detection - Raw Offset: +9:00, Platform Override: ''
LogModuleManager: Display: Found up-to-date module file ../../../Engine/Plugins/2D/Paper2D/Binaries/Win64/UE4Editor-Paper2D.dll (API version 3944462).
LogModuleManager: Display: Found up-to-date module file ../../../Engine/Plugins/2D/Paper2D/Binaries/Win64/UE4Editor-Paper2DEditor.dll (API version 3944462).
LogModuleManager: Display: Found up-to-date module file ../../../Engine/Plugins/2D/Paper2D/Binaries/Win64/UE4Editor-PaperSpriteSheetImporter.dll (API version 3944462).
LogModuleManager: Display: Found up-to-date module file ../../../Engine/Plugins/2D/Paper2D/Binaries/Win64/UE4Editor-PaperTiledImporter.dll (API version 3944462).
LogModuleManager: Display: Found up-to-date module file ../../../Engine/Plugins/2D/Paper2D/Binaries/Win64/UE4Editor-SmartSnapping.dll (API version 3944462).
LogModuleManager: Display: Found up-to-date module file ../../../Engine/Plugins/Blendables/LightPropagationVolume/Binaries/Win64/UE4Editor-LightPropagationVolumeRuntime.dll (API version 3944462).
LogModuleManager: Display: Found up-to-date module file ../../../Engine/Plugins/Blendables/LightPropagationVolume/Binaries/Win64/UE4Editor-LightPropagationVolumeEditor.dll (API version 3944462).
LogModuleManager: Display: Found up-to-date module file ../../../Engine/Plugins/Developer/CLionSourceCodeAccess/Binaries/Win64/UE4Editor-CLionSourceCodeAccess.dll (API version 3944462).
LogModuleManager: Display: Found up-to-date module file ../../../Engine/Plugins/Developer/GitSourceControl/Binaries/Win64/UE4Editor-GitSourceControl.dll (API version 3944462).
LogModuleManager: Display: Found up-to-date module file ../../../Engine/Plugins/Developer/PerforceSourceControl/Binaries/Win64/UE4Editor-PerforceSourceControl.dll (API version 3944462).
LogModuleManager: Display: Found up-to-date module file ../../../Engine/Plugins/Developer/SubversionSourceControl/Binaries/Win64/UE4Editor-SubversionSourceControl.dll (API version 3944462).
LogModuleManager: Display: Found up-to-date module file ../../../Engine/Plugins/Developer/UObjectPlugin/Binaries/Win64/UE4Editor-UObjectPlugin.dll (API version 3944462).
LogModuleManager: Display: Found up-to-date module file ../../../Engine/Plugins/Developer/VisualStudioCodeSourceCodeAccess/Binaries/Win64/UE4Editor-VisualStudioCodeSourceCodeAccess.dll (API version 3944462).
LogModuleManager: Display: Found up-to-date module file ../../../Engine/Plugins/Developer/VisualStudioSourceCodeAccess/Binaries/Win64/UE4Editor-VisualStudioSourceCodeAccess.dll (API version 3944462).
LogModuleManager: Display: Found up-to-date module file ../../../Engine/Plugins/Editor/AssetManagerEditor/Binaries/Win64/UE4Editor-AssetManagerEditor.dll (API version 3944462).
LogModuleManager: Display: Found up-to-date module file ../../../Engine/Plugins/Editor/CryptoKeys/Binaries/Win64/UE4Editor-CryptoKeys.dll (API version 3944462).
LogModuleManager: Display: Found up-to-date module file ../../../Engine/Plugins/Editor/CryptoKeys/Binaries/Win64/UE4Editor-CryptoKeysOpenSSL.dll (API version 3944462).
LogModuleManager: Display: Found up-to-date module file ../../../Engine/Plugins/Editor/DataValidation/Binaries/Win64/UE4Editor-DataValidation.dll (API version 3944462).
LogModuleManager: Display: Found up-to-date module file ../../../Engine/Plugins/Editor/FacialAnimation/Binaries/Win64/UE4Editor-FacialAnimation.dll (API version 3944462).
LogModuleManager: Display: Found up-to-date module file ../../../Engine/Plugins/Editor/FacialAnimation/Binaries/Win64/UE4Editor-FacialAnimationEditor.dll (API version 3944462).
LogModuleManager: Display: Found up-to-date module file ../../../Engine/Plugins/Editor/GameplayTagsEditor/Binaries/Win64/UE4Editor-GameplayTagsEditor.dll (API version 3944462).
LogModuleManager: Display: Found up-to-date module file ../../../Engine/Plugins/Editor/MobileLauncherProfileWizard/Binaries/Win64/UE4Editor-MobileLauncherProfileWizard.dll (API version 3944462).
LogModuleManager: Display: Found up-to-date module file ../../../Engine/Plugins/Editor/PluginBrowser/Binaries/Win64/UE4Editor-PluginBrowser.dll (API version 3944462).
LogModuleManager: Display: Found up-to-date module file ../../../Engine/Plugins/Editor/SpeedTreeImporter/Binaries/Win64/UE4Editor-SpeedTreeImporter.dll (API version 3944462).
LogModuleManager: Display: Found up-to-date module file ../../../Engine/Plugins/Enterprise/DatasmithContent/Binaries/Win64/UE4Editor-DatasmithContent.dll (API version 3944462).
LogModuleManager: Display: Found up-to-date module file ../../../Engine/Plugins/Experimental/AlembicImporter/Binaries/Win64/UE4Editor-AlembicImporter.dll (API version 3944462).
LogModuleManager: Display: Found up-to-date module file ../../../Engine/Plugins/Experimental/AlembicImporter/Binaries/Win64/UE4Editor-AlembicLibrary.dll (API version 3944462).
LogModuleManager: Display: Found up-to-date module file ../../../Engine/Plugins/Experimental/CharacterAI/Binaries/Win64/UE4Editor-CharacterAI.dll (API version 3944462).
LogModuleManager: Display: Found up-to-date module file ../../../Engine/Plugins/Experimental/HTML5Networking/Binaries/Win64/UE4Editor-HTML5Networking.dll (API version 3944462).
LogModuleManager: Display: Found up-to-date module file ../../../Engine/Plugins/Media/AndroidMedia/Binaries/Win64/UE4Editor-AndroidMediaEditor.dll (API version 3944462).
LogModuleManager: Display: Found up-to-date module file ../../../Engine/Plugins/Media/AndroidMedia/Binaries/Win64/UE4Editor-AndroidMediaFactory.dll (API version 3944462).
LogModuleManager: Display: Found up-to-date module file ../../../Engine/Plugins/Media/AvfMedia/Binaries/Win64/UE4Editor-AvfMediaEditor.dll (API version 3944462).
LogModuleManager: Display: Found up-to-date module file ../../../Engine/Plugins/Media/AvfMedia/Binaries/Win64/UE4Editor-AvfMediaFactory.dll (API version 3944462).
LogModuleManager: Display: Found up-to-date module file ../../../Engine/Plugins/Media/AvfMedia/Binaries/Win64/UE4Editor-AvfMediaFactory.dll (API version 3944462).
LogModuleManager: Display: Found up-to-date module file ../../../Engine/Plugins/Media/ImgMedia/Binaries/Win64/UE4Editor-ImgMedia.dll (API version 3944462).
LogModuleManager: Display: Found up-to-date module file ../../../Engine/Plugins/Media/ImgMedia/Binaries/Win64/UE4Editor-ImgMediaEditor.dll (API version 3944462).
LogModuleManager: Display: Found up-to-date module file ../../../Engine/Plugins/Media/ImgMedia/Binaries/Win64/UE4Editor-ImgMediaFactory.dll (API version 3944462).
LogModuleManager: Display: Found up-to-date module file ../../../Engine/Plugins/Media/ImgMedia/Binaries/Win64/UE4Editor-ImgMediaFactory.dll (API version 3944462).
LogModuleManager: Display: Found up-to-date module file ../../../Engine/Plugins/Media/ImgMedia/Binaries/Win64/UE4Editor-OpenExrWrapper.dll (API version 3944462).
LogModuleManager: Display: Found up-to-date module file ../../../Engine/Plugins/Media/LinearTimecode/Binaries/Win64/UE4Editor-LinearTimecode.dll (API version 3944462).
LogModuleManager: Display: Found up-to-date module file ../../../Engine/Plugins/Media/MediaCompositing/Binaries/Win64/UE4Editor-MediaCompositing.dll (API version 3944462).
LogModuleManager: Display: Found up-to-date module file ../../../Engine/Plugins/Media/MediaCompositing/Binaries/Win64/UE4Editor-MediaCompositingEditor.dll (API version 3944462).
LogModuleManager: Display: Found up-to-date module file ../../../Engine/Plugins/Media/MediaPlayerEditor/Binaries/Win64/UE4Editor-MediaPlayerEditor.dll (API version 3944462).
LogModuleManager: Display: Found up-to-date module file ../../../Engine/Plugins/Media/WmfMedia/Binaries/Win64/UE4Editor-WmfMedia.dll (API version 3944462).
LogModuleManager: Display: Found up-to-date module file ../../../Engine/Plugins/Media/WmfMedia/Binaries/Win64/UE4Editor-WmfMediaEditor.dll (API version 3944462).
LogModuleManager: Display: Found up-to-date module file ../../../Engine/Plugins/Media/WmfMedia/Binaries/Win64/UE4Editor-WmfMediaFactory.dll (API version 3944462).
LogModuleManager: Display: Found up-to-date module file ../../../Engine/Plugins/Media/WmfMedia/Binaries/Win64/UE4Editor-WmfMediaFactory.dll (API version 3944462).
LogModuleManager: Display: Found up-to-date module file ../../../Engine/Plugins/Messaging/TcpMessaging/Binaries/Win64/UE4Editor-TcpMessaging.dll (API version 3944462).
LogModuleManager: Display: Found up-to-date module file ../../../Engine/Plugins/Messaging/UdpMessaging/Binaries/Win64/UE4Editor-UdpMessaging.dll (API version 3944462).
LogModuleManager: Display: Found up-to-date module file ../../../Engine/Plugins/MovieScene/ActorSequence/Binaries/Win64/UE4Editor-ActorSequence.dll (API version 3944462).
LogModuleManager: Display: Found up-to-date module file ../../../Engine/Plugins/MovieScene/LevelSequenceEditor/Binaries/Win64/UE4Editor-LevelSequenceEditor.dll (API version 3944462).
LogModuleManager: Display: Found up-to-date module file ../../../Engine/Plugins/MovieScene/MatineeToLevelSequence/Binaries/Win64/UE4Editor-MatineeToLevelSequence.dll (API version 3944462).
LogModuleManager: Display: Found up-to-date module file ../../../Engine/Plugins/NetcodeUnitTest/NetcodeUnitTest/Binaries/Win64/UE4Editor-NetcodeUnitTest.dll (API version 3944462).
LogModuleManager: Display: Found up-to-date module file ../../../Engine/Plugins/NetcodeUnitTest/NUTUnrealEngine4/Binaries/Win64/UE4Editor-NUTUnrealEngine4.dll (API version 3944462).
LogModuleManager: Display: Found up-to-date module file ../../../Engine/Plugins/Online/OnlineSubsystem/Binaries/Win64/UE4Editor-OnlineSubsystem.dll (API version 3944462).
LogModuleManager: Display: Found up-to-date module file ../../../Engine/Plugins/Runtime/AndroidPermission/Binaries/Win64/UE4Editor-AndroidPermission.dll (API version 3944462).
LogModuleManager: Display: Found up-to-date module file ../../../Engine/Plugins/Online/OnlineSubsystemNull/Binaries/Win64/UE4Editor-OnlineSubsystemNull.dll (API version 3944462).
LogModuleManager: Display: Found up-to-date module file ../../../Engine/Plugins/Online/OnlineSubsystemUtils/Binaries/Win64/UE4Editor-OnlineSubsystemUtils.dll (API version 3944462).
LogModuleManager: Display: Found up-to-date module file ../../../Engine/Plugins/Online/OnlineSubsystemUtils/Binaries/Win64/UE4Editor-OnlineBlueprintSupport.dll (API version 3944462).
LogModuleManager: Display: Found up-to-date module file ../../../Engine/Plugins/Runtime/AndroidDeviceProfileSelector/Binaries/Win64/UE4Editor-AndroidDeviceProfileSelector.dll (API version 3944462).
LogModuleManager: Display: Found up-to-date module file ../../../Engine/Plugins/Runtime/AppleARKit/Binaries/Win64/UE4Editor-AppleARKit.dll (API version 3944462).
LogModuleManager: Display: Found up-to-date module file ../../../Engine/Plugins/Runtime/ProceduralMeshComponent/Binaries/Win64/UE4Editor-ProceduralMeshComponent.dll (API version 3944462).
LogModuleManager: Display: Found up-to-date module file ../../../Engine/Plugins/Runtime/ProceduralMeshComponent/Binaries/Win64/UE4Editor-ProceduralMeshComponentEditor.dll (API version 3944462).
LogModuleManager: Display: Found up-to-date module file ../../../Engine/Plugins/Animation/LiveLink/Binaries/Win64/UE4Editor-LiveLink.dll (API version 3944462).
LogModuleManager: Display: Found up-to-date module file ../../../Engine/Plugins/Animation/LiveLink/Binaries/Win64/UE4Editor-LiveLinkEditor.dll (API version 3944462).
LogModuleManager: Display: Found up-to-date module file ../../../Engine/Plugins/Runtime/ArchVisCharacter/Binaries/Win64/UE4Editor-ArchVisCharacter.dll (API version 3944462).
LogModuleManager: Display: Found up-to-date module file ../../../Engine/Plugins/Runtime/AudioCapture/Binaries/Win64/UE4Editor-AudioCapture.dll (API version 3944462).
LogModuleManager: Display: Found up-to-date module file ../../../Engine/Plugins/Runtime/AudioCapture/Binaries/Win64/UE4Editor-AudioCaptureEditor.dll (API version 3944462).
LogModuleManager: Display: Found up-to-date module file ../../../Engine/Plugins/Runtime/CableComponent/Binaries/Win64/UE4Editor-CableComponent.dll (API version 3944462).
LogModuleManager: Display: Found up-to-date module file ../../../Engine/Plugins/Runtime/CustomMeshComponent/Binaries/Win64/UE4Editor-CustomMeshComponent.dll (API version 3944462).
LogModuleManager: Display: Found up-to-date module file ../../../Engine/Plugins/Runtime/ExampleDeviceProfileSelector/Binaries/Win64/UE4Editor-ExampleDeviceProfileSelector.dll (API version 3944462).
LogModuleManager: Display: Found up-to-date module file ../../../Engine/Plugins/Runtime/ImmediatePhysics/Binaries/Win64/UE4Editor-ImmediatePhysics.dll (API version 3944462).
LogModuleManager: Display: Found up-to-date module file ../../../Engine/Plugins/Runtime/ImmediatePhysics/Binaries/Win64/UE4Editor-ImmediatePhysicsEditor.dll (API version 3944462).
LogModuleManager: Display: Found up-to-date module file ../../../Engine/Plugins/Runtime/LocationServicesBPLibrary/Binaries/Win64/UE4Editor-LocationServicesBPLibrary.dll (API version 3944462).
LogModuleManager: Display: Found up-to-date module file ../../../Engine/Plugins/Runtime/MobilePatchingUtils/Binaries/Win64/UE4Editor-MobilePatchingUtils.dll (API version 3944462).
LogModuleManager: Display: Found up-to-date module file ../../../Engine/Plugins/Runtime/Oculus/OculusVR/Binaries/Win64/UE4Editor-OculusHMD.dll (API version 3944462).
LogModuleManager: Display: Found up-to-date module file ../../../Engine/Plugins/Runtime/Oculus/OculusVR/Binaries/Win64/UE4Editor-OculusInput.dll (API version 3944462).
LogModuleManager: Display: Found up-to-date module file ../../../Engine/Plugins/Runtime/Oculus/OculusVR/Binaries/Win64/UE4Editor-OculusEditor.dll (API version 3944462).
LogModuleManager: Display: Found up-to-date module file ../../../Engine/Plugins/Runtime/PhysXVehicles/Binaries/Win64/UE4Editor-PhysXVehicles.dll (API version 3944462).
LogModuleManager: Display: Found up-to-date module file ../../../Engine/Plugins/Runtime/PhysXVehicles/Binaries/Win64/UE4Editor-PhysXVehiclesEditor.dll (API version 3944462).
LogModuleManager: Display: Found up-to-date module file ../../../Engine/Plugins/Runtime/RuntimePhysXCooking/Binaries/Win64/UE4Editor-RuntimePhysXCooking.dll (API version 3944462).
LogModuleManager: Display: Found up-to-date module file ../../../Engine/Plugins/Runtime/Steam/SteamVR/Binaries/Win64/UE4Editor-SteamVR.dll (API version 3944462).
LogModuleManager: Display: Found up-to-date module file ../../../Engine/Plugins/Runtime/Steam/SteamVR/Binaries/Win64/UE4Editor-SteamVRController.dll (API version 3944462).
LogModuleManager: Display: Found up-to-date module file ../../../Engine/Plugins/Runtime/WindowsMoviePlayer/Binaries/Win64/UE4Editor-WindowsMoviePlayer.dll (API version 3944462).
LogPluginManager: Mounting plugin Paper2D
LogPluginManager: Mounting plugin LiveLink
LogPluginManager: Mounting plugin LightPropagationVolume
LogPluginManager: Mounting plugin CLionSourceCodeAccess
LogPluginManager: Mounting plugin CodeLiteSourceCodeAccess
LogPluginManager: Mounting plugin GitSourceControl
LogPluginManager: Mounting plugin KDevelopSourceCodeAccess
LogPluginManager: Mounting plugin NullSourceCodeAccess
LogPluginManager: Mounting plugin PerforceSourceControl
LogPluginManager: Mounting plugin SubversionSourceControl
LogPluginManager: Mounting plugin UObjectPlugin
LogPluginManager: Mounting plugin VisualStudioCodeSourceCodeAccess
LogPluginManager: Mounting plugin VisualStudioSourceCodeAccess
LogPluginManager: Mounting plugin XCodeSourceCodeAccess
LogPluginManager: Mounting plugin AssetManagerEditor
LogPluginManager: Mounting plugin CryptoKeys
LogPluginManager: Mounting plugin DataValidation
LogPluginManager: Mounting plugin FacialAnimation
LogPluginManager: Mounting plugin GameplayTagsEditor
LogPluginManager: Mounting plugin MobileLauncherProfileWizard
LogPluginManager: Mounting plugin PluginBrowser
LogPluginManager: Mounting plugin SpeedTreeImporter
LogPluginManager: Mounting plugin DatasmithContent
LogPluginManager: Mounting plugin AlembicImporter
LogPluginManager: Mounting plugin CharacterAI
LogPluginManager: Mounting plugin HTML5Networking
LogPluginManager: Mounting plugin AndroidMedia
LogPluginManager: Mounting plugin AvfMedia
LogPluginManager: Mounting plugin ImgMedia
LogPluginManager: Mounting plugin LinearTimecode
LogPluginManager: Mounting plugin MediaCompositing
LogPluginManager: Mounting plugin MediaPlayerEditor
LogPluginManager: Mounting plugin WmfMedia
LogPluginManager: Mounting plugin TcpMessaging
LogPluginManager: Mounting plugin UdpMessaging
LogPluginManager: Mounting plugin ActorSequence
LogPluginManager: Mounting plugin LevelSequenceEditor
LogPluginManager: Mounting plugin MatineeToLevelSequence
LogPluginManager: Mounting plugin NetcodeUnitTest
LogPluginManager: Mounting plugin NUTUnrealEngine4
LogPluginManager: Mounting plugin OnlineSubsystemGooglePlay
LogPluginManager: Mounting plugin OnlineSubsystemIOS
LogPluginManager: Mounting plugin OnlineSubsystem
LogPluginManager: Mounting plugin OnlineSubsystemNull
LogPluginManager: Mounting plugin OnlineSubsystemUtils
LogPluginManager: Mounting plugin AndroidDeviceProfileSelector
LogPluginManager: Mounting plugin AndroidMoviePlayer
LogPluginManager: Mounting plugin AndroidPermission
LogPluginManager: Mounting plugin AppleARKit
LogPluginManager: Mounting plugin AppleMoviePlayer
LogPluginManager: Mounting plugin ArchVisCharacter
LogPluginManager: Mounting plugin AudioCapture
LogPluginManager: Mounting plugin CableComponent
LogPluginManager: Mounting plugin CustomMeshComponent
LogPluginManager: Mounting plugin ExampleDeviceProfileSelector
LogPluginManager: Mounting plugin GoogleCloudMessaging
LogPluginManager: Mounting plugin ImmediatePhysics
LogPluginManager: Mounting plugin IOSDeviceProfileSelector
LogPluginManager: Mounting plugin LinuxDeviceProfileSelector
LogPluginManager: Mounting plugin LocationServicesBPLibrary
LogPluginManager: Mounting plugin MobilePatchingUtils
LogPluginManager: Mounting plugin OculusVR
LogPluginManager: Plugin shader directory ../../../Engine/Plugins/Runtime/Oculus/OculusVR/Shaders found
LogPluginManager: Mapping shader source directory ../../../Engine/Plugins/Runtime/Oculus/OculusVR/Shaders to virtual directory /Plugin/OculusVR
LogPluginManager: Mounting plugin PhysXVehicles
LogPluginManager: Mounting plugin ProceduralMeshComponent
LogPluginManager: Mounting plugin RuntimePhysXCooking
LogPluginManager: Mounting plugin SteamVR
LogPluginManager: Mounting plugin WindowsMoviePlayer
LogStreaming: Display: Took  0.868s to configure plugins.
LogInit: Using libcurl 7.47.1
LogInit:  - built for x86_64-pc-win32
LogInit:  - supports SSL with OpenSSL/1.0.2g
LogInit:  - supports HTTP deflate (compression) using libz 1.2.8
LogInit:  - other features:
LogInit:      CURL_VERSION_SSL
LogInit:      CURL_VERSION_LIBZ
LogInit:      CURL_VERSION_IPV6
LogInit:      CURL_VERSION_ASYNCHDNS
LogInit:      CURL_VERSION_LARGEFILE
LogInit:      CURL_VERSION_IDN
LogInit:  CurlRequestOptions (configurable via config and command line):
LogInit:  - bVerifyPeer = false  - Libcurl will NOT verify peer certificate
LogInit:  - bUseHttpProxy = false  - Libcurl will NOT use HTTP proxy
LogInit:  - bDontReuseConnections = false  - Libcurl will reuse connections
LogInit:  - CertBundlePath = nullptr  - Libcurl will use whatever was configured at build time.
LogInit:  - MaxHostConnections = 16  - Libcurl will limit the number of connections to a host
LogInit:  - LocalHostAddr = Default
LogInit: WinSock: version 1.1 (2.2), MaxSocks=32767, MaxUdp=65467
LogInit: WinSock: I am DESKTOP-VOKIBB8 (172.30.1.3:0)
LogInit: Build: ++UE4+Release-4.19-CL-4033788
LogInit: Engine Version: 4.19.2-4033788+++UE4+Release-4.19
LogInit: Compatible Engine Version: 4.19.0-3944462+++UE4+Release-4.19
LogInit: Net CL: 3944462
LogDevObjectVersion: Number of dev versions registered: 18
LogDevObjectVersion:   Dev-Blueprints (B0D832E4-1F89-4F0D-ACCF-7EB736FD4AA2): 10
LogDevObjectVersion:   Dev-Build (E1C64328-A22C-4D53-A36C-8E866417BD8C): 0
LogDevObjectVersion:   Dev-Core (375EC13C-06E4-48FB-B500-84F0262A717E): 2
LogDevObjectVersion:   Dev-Editor (E4B068ED-F494-42E9-A231-DA0B2E46BB41): 23
LogDevObjectVersion:   Dev-Framework (CFFC743F-43B0-4480-9391-14DF171D2073): 33
LogDevObjectVersion:   Dev-Mobile (B02B49B5-BB20-44E9-A304-32B752E40360): 2
LogDevObjectVersion:   Dev-Networking (A4E4105C-59A1-49B5-A7C5-40C4547EDFEE): 0
LogDevObjectVersion:   Dev-Online (39C831C9-5AE6-47DC-9A44-9C173E1C8E7C): 0
LogDevObjectVersion:   Dev-Physics (78F01B33-EBEA-4F98-B9B4-84EACCB95AA2): 0
LogDevObjectVersion:   Dev-Platform (6631380F-2D4D-43E0-8009-CF276956A95A): 0
LogDevObjectVersion:   Dev-Rendering (12F88B9F-8875-4AFC-A67C-D90C383ABD29): 25
LogDevObjectVersion:   Dev-Sequencer (7B5AE74C-D270-4C10-A958-57980B212A5A): 6
LogDevObjectVersion:   Dev-VR (D7296918-1DD6-4BDD-9DE2-64A83CC13884): 1
LogDevObjectVersion:   Dev-LoadTimes (C2A15278-BFE7-4AFE-6C17-90FF531DF755): 1
LogDevObjectVersion:   Private-Geometry (6EACA3D4-40EC-4CC1-B786-8BED09428FC5): 2
LogDevObjectVersion:   Dev-AnimPhys (29E575DD-E0A3-4627-9D10-D276232CDCEA): 16
LogDevObjectVersion:   Dev-ReflectionCapture (6B266CEC-1EC7-4B8F-A30B-E4D90942FC07): 1
LogDevObjectVersion:   Dev-Automation (0DF73D61-A23F-47EA-B727-89E90C41499A): 1
LogInit: Compiled (64-bit): Apr 27 2018 02:06:57
LogInit: Compiled with Visual C++: 19.00.24215.01
LogInit: Build Configuration: Development
LogInit: Branch Name: ++UE4+Release-4.19
LogInit: Command Line: -EpicPortal  -epicusername="mmindoong" -epicuserid=e896afdaab544be5ba68f6d3e5458d58 -epiclocale=ko
LogInit: Base Directory: C:/Program Files/Epic Games/UE_4.19/Engine/Binaries/Win64/
LogInit: Installed Engine Build: 1
LogStreaming: Display: Took  0.001s to delete old logs.
LogInit: Presizing for max 8388607 objects, including 0 objects not considered by GC, pre-allocating 0 bytes for permanent pool.
LogInit: Object subsystem initialized
[2021.07.28-14.53.17:996][  0]LogInit: Selected Device Profile: [Windows]
[2021.07.28-14.53.17:996][  0]LogInit: Applying CVar settings loaded from the selected device profile: [Windows]
[2021.07.28-14.53.18:007][  0]LogInit: Computer: DESKTOP-VOKIBB8
[2021.07.28-14.53.18:007][  0]LogInit: User: MJ
[2021.07.28-14.53.18:007][  0]LogInit: CPU Page size=4096, Cores=4
[2021.07.28-14.53.18:007][  0]LogInit: High frequency timer resolution =10.000000 MHz
[2021.07.28-14.53.18:007][  0]LogMemory: Memory total: Physical=7.7GB (8GB approx)
[2021.07.28-14.53.18:007][  0]LogMemory: Platform Memory Stats for Windows
[2021.07.28-14.53.18:007][  0]LogMemory: Process Physical Memory: 275.43 MB used, 275.44 MB peak
[2021.07.28-14.53.18:007][  0]LogMemory: Process Virtual Memory: 264.59 MB used, 264.59 MB peak
[2021.07.28-14.53.18:007][  0]LogMemory: Physical Memory: 6227.02 MB used,  1674.64 MB free, 7901.66 MB total
[2021.07.28-14.53.18:007][  0]LogMemory: Virtual Memory: 4779.51 MB used,  1674.64 MB free, 134217728.00 MB total
[2021.07.28-14.53.18:022][  0]LogInit: Using OS detected language (ko-KR).
[2021.07.28-14.53.18:023][  0]LogInit: Using OS detected locale (ko-KR).
[2021.07.28-14.53.18:027][  0]LogTextLocalizationManager: No specific localization for 'ko-KR' exists, so the 'ko' localization will be used.
[2021.07.28-14.53.18:429][  0]LogStreaming: Display: Took  0.407s to EndInitTextLocalization.
[2021.07.28-14.53.18:430][  0]LogInit: Setting process to per monitor DPI aware
[2021.07.28-14.53.18:501][  0]LogSlate: New Slate User Created.  User Index 0, Is Virtual User: 0
[2021.07.28-14.53.18:501][  0]LogSlate: Slate User Registered.  User Index 0, Is Virtual User: 0
[2021.07.28-14.53.18:700][  0]LogD3D11RHI: D3D11 adapters:
[2021.07.28-14.53.18:847][  0]LogD3D11RHI:    0. 'Intel(R) Iris(R) Plus Graphics' (Feature Level 11_0)
[2021.07.28-14.53.18:847][  0]LogD3D11RHI:       128/0/3950 MB DedicatedVideo/DedicatedSystem/SharedSystem, Outputs:2, VendorId:0x8086
[2021.07.28-14.53.18:849][  0]LogD3D11RHI:    1. 'Microsoft Basic Render Driver' (Feature Level 11_0)
[2021.07.28-14.53.18:849][  0]LogD3D11RHI:       0/0/3950 MB DedicatedVideo/DedicatedSystem/SharedSystem, Outputs:0, VendorId:0x1414
[2021.07.28-14.53.18:849][  0]LogD3D11RHI: Chosen D3D11 Adapter: 0
[2021.07.28-14.53.18:856][  0]LogD3D11RHI: Creating new Direct3DDevice
[2021.07.28-14.53.18:856][  0]LogD3D11RHI:     GPU DeviceId: 0x8a52 (for the marketing name, search the web for "GPU Device Id")
[2021.07.28-14.53.18:856][  0]LogWindows: EnumDisplayDevices:
[2021.07.28-14.53.18:856][  0]LogWindows:    0. 'Intel(R) Iris(R) Plus Graphics' (P:0 D:1)
[2021.07.28-14.53.18:857][  0]LogWindows:    1. 'Intel(R) Iris(R) Plus Graphics' (P:1 D:1)
[2021.07.28-14.53.18:857][  0]LogWindows:    2. 'Intel(R) Iris(R) Plus Graphics' (P:0 D:0)
[2021.07.28-14.53.18:857][  0]LogWindows: DebugString: GetVideoDriverDetailsInvalid PrimaryIsNotTheChoosenAdapter GetVideoDriverDetailsInvalid PrimaryIsNotTheChoosenAdapter GetVideoDriverDetailsInvalid PrimaryIsNotTheChoosenAdapter FoundDriverCount:0 
[2021.07.28-14.53.18:858][  0]LogD3D11RHI:     Adapter Name: Intel(R) Iris(R) Plus Graphics
[2021.07.28-14.53.18:858][  0]LogD3D11RHI:   Driver Version: Unknown (internal:Unknown, unified:Unknown)
[2021.07.28-14.53.18:858][  0]LogD3D11RHI:      Driver Date: Unknown
[2021.07.28-14.53.18:858][  0]LogRHI: Texture pool is 1472 MB (70% of 2103 MB)
[2021.07.28-14.53.18:996][  0]LogD3D11RHI: Async texture creation enabled
[2021.07.28-14.53.19:000][  0]LogD3D11RHI: GPU Timing Frequency: 19.200000 (Debug: 2 0)
[2021.07.28-14.53.19:001][  0]LogShaderCompilers: Guid format shader working directory is -23 characters bigger than the processId version (../../../../../../Users/alswj/Documents/Unreal Projects/SecondProject/Intermediate/Shaders/WorkingDirectory/1808/).
[2021.07.28-14.53.19:001][  0]LogShaderCompilers: Cleaned the shader compiler working directory 'C:/Users/alswj/AppData/Local/Temp/UnrealShaderWorkingDir/D7BCBF6F47743CF954C1E59ABF6ACBB2/'.
[2021.07.28-14.53.19:208][  0]LogTemp: Display: Loaded TP AllDesktopTargetPlatform
[2021.07.28-14.53.19:221][  0]LogTemp: Display: Loaded TP MacClientTargetPlatform
[2021.07.28-14.53.19:235][  0]LogTemp: Display: Loaded TP MacNoEditorTargetPlatform
[2021.07.28-14.53.19:248][  0]LogTemp: Display: Loaded TP MacServerTargetPlatform
[2021.07.28-14.53.19:261][  0]LogTemp: Display: Loaded TP MacTargetPlatform
[2021.07.28-14.53.19:274][  0]LogTemp: Display: Loaded TP WindowsClientTargetPlatform
[2021.07.28-14.53.19:287][  0]LogTemp: Display: Loaded TP WindowsNoEditorTargetPlatform
[2021.07.28-14.53.19:300][  0]LogTemp: Display: Loaded TP WindowsServerTargetPlatform
[2021.07.28-14.53.19:307][  0]LogTemp: Display: Loaded TP WindowsTargetPlatform
[2021.07.28-14.53.19:319][  0]LogTemp: Display: Loaded TP Android_ASTCTargetPlatform
[2021.07.28-14.53.19:330][  0]LogTemp: Display: Loaded TP Android_ATCTargetPlatform
[2021.07.28-14.53.19:342][  0]LogTemp: Display: Loaded TP Android_DXTTargetPlatform
[2021.07.28-14.53.19:354][  0]LogTemp: Display: Loaded TP Android_ETC1aTargetPlatform
[2021.07.28-14.53.19:366][  0]LogTemp: Display: Loaded TP Android_ETC1TargetPlatform
[2021.07.28-14.53.19:378][  0]LogTemp: Display: Loaded TP Android_ETC2TargetPlatform
[2021.07.28-14.53.19:402][  0]LogTemp: Display: Loaded TP Android_MultiTargetPlatform
[2021.07.28-14.53.19:402][  0]LogTemp: Display: Loaded TP Android_PVRTCTargetPlatform
[2021.07.28-14.53.19:415][  0]LogTemp: Display: Loaded TP AndroidTargetPlatform
[2021.07.28-14.53.19:417][  0]LogTemp: Display: Loaded TP HTML5TargetPlatform
[2021.07.28-14.53.19:457][  0]LogTemp: Display: Loaded TP IOSTargetPlatform
[2021.07.28-14.53.19:468][  0]LogTemp: Display: Loaded TP TVOSTargetPlatform
[2021.07.28-14.53.19:481][  0]LogTemp: Display: Loaded TP LinuxClientTargetPlatform
[2021.07.28-14.53.19:493][  0]LogTemp: Display: Loaded TP LinuxNoEditorTargetPlatform
[2021.07.28-14.53.19:504][  0]LogTemp: Display: Loaded TP LinuxServerTargetPlatform
[2021.07.28-14.53.19:517][  0]LogTemp: Display: Loaded TP LinuxTargetPlatform
[2021.07.28-14.53.19:517][  0]LogTargetPlatformManager: Display: Building Assets For Windows
[2021.07.28-14.53.19:612][  0]LogXGEController: Cannot use XGE Controller as Incredibuild is not installed on this machine.
[2021.07.28-14.53.19:612][  0]LogShaderCompilers: Cannot use XGE Shader Compiler as Incredibuild is not installed on this machine.
[2021.07.28-14.53.19:612][  0]LogShaderCompilers: Display: Using Local Shader Compiler.
[2021.07.28-14.53.20:254][  0]LogDerivedDataCache: Display: Max Cache Size: 512 MB
[2021.07.28-14.53.20:317][  0]LogDerivedDataCache: Loaded boot cache 0.06s 74MB C:/Users/alswj/AppData/Local/UnrealEngine/4.19/DerivedDataCache/Boot.ddc.
[2021.07.28-14.53.20:317][  0]LogDerivedDataCache: Display: Loaded Boot cache: C:/Users/alswj/AppData/Local/UnrealEngine/4.19/DerivedDataCache/Boot.ddc
[2021.07.28-14.53.20:317][  0]LogDerivedDataCache: FDerivedDataBackendGraph:  Pak pak cache file ../../../../../../Users/alswj/Documents/Unreal Projects/SecondProject/DerivedDataCache/DDC.ddp not found, will not use a pak cache.
[2021.07.28-14.53.20:317][  0]LogDerivedDataCache: Unable to find inner node Pak for hierarchical cache Hierarchy.
[2021.07.28-14.53.20:317][  0]LogDerivedDataCache: FDerivedDataBackendGraph:  CompressedPak pak cache file ../../../../../../Users/alswj/Documents/Unreal Projects/SecondProject/DerivedDataCache/Compressed.ddp not found, will not use a pak cache.
[2021.07.28-14.53.20:317][  0]LogDerivedDataCache: Unable to find inner node CompressedPak for hierarchical cache Hierarchy.
[2021.07.28-14.53.20:331][  0]LogDerivedDataCache: Display: Pak cache opened for reading ../../../Engine/DerivedDataCache/Compressed.ddp.
[2021.07.28-14.53.20:343][  0]LogDerivedDataCache: Using Local data cache path C:/Users/alswj/AppData/Local/UnrealEngine/Common/DerivedDataCache: Writable
[2021.07.28-14.53.20:343][  0]LogDerivedDataCache: Shared data cache path not found in *engine.ini, will not use an Shared cache.
[2021.07.28-14.53.20:343][  0]LogDerivedDataCache: Unable to find inner node Shared for hierarchical cache Hierarchy.
[2021.07.28-14.53.20:353][  0]LogMaterial: Verifying Global Shaders for PCD3D_SM5
[2021.07.28-14.53.20:354][  0]LogSlate: Using Freetype 2.6.0
[2021.07.28-14.53.20:354][  0]LogSlate: SlateFontCache - WITH_FREETYPE: 1, WITH_HARFBUZZ: 1
[2021.07.28-14.53.20:354][  0]LogSlate: SlateFontCache - WITH_FREETYPE: 1, WITH_HARFBUZZ: 1
[2021.07.28-14.53.20:473][  0]LogAssetRegistry: FAssetRegistry took 0.0282 seconds to start up
[2021.07.28-14.53.20:743][  0]LogInit: Selected Device Profile: [Windows]
[2021.07.28-14.53.20:874][  0]LogSimplygon: Simplygon DLL not present - disabling.
[2021.07.28-14.53.20:876][  0]LogMeshReduction: Using SimplygonSwarm for distributed automatic mesh merging
[2021.07.28-14.53.20:876][  0]LogMeshReduction: Using QuadricMeshReduction for automatic static mesh reduction
[2021.07.28-14.53.20:876][  0]LogMeshReduction: No automatic skeletal mesh reduction module available
[2021.07.28-14.53.20:876][  0]LogMeshReduction: No automatic mesh merging module available
[2021.07.28-14.53.20:876][  0]LogMeshMerging: No automatic mesh merging module available
[2021.07.28-14.53.20:910][  0]LogNetVersion: SecondProject , NetCL: 3944462, EngineNetVer: 2, GameNetVer: 0 (Checksum: 2937410924)
[2021.07.28-14.53.21:335][  0]LogPackageLocalizationCache: Processed 9 localized package path(s) for 2 prioritized culture(s) in 0.079742 seconds
[2021.07.28-14.53.21:340][  0]LogUObjectArray: 36728 objects as part of root set at end of initial load.
[2021.07.28-14.53.21:340][  0]LogUObjectAllocator: 7314312 out of 0 bytes used by permanent object pool.
[2021.07.28-14.53.21:340][  0]LogUObjectArray: CloseDisregardForGC: 0/0 objects in disregard for GC pool
[2021.07.28-14.53.22:777][  0]LogTcpMessaging: Initializing TcpMessaging bridge
[2021.07.28-14.53.22:803][  0]LogUdpMessaging: Initializing bridge on interface 0.0.0.0:0 to multicast group 230.0.0.1:6666.
[2021.07.28-14.53.23:113][  0]SourceControl: 소스 콘트롤이 꺼졌습니다.
[2021.07.28-14.53.23:113][  0]SourceControl: 소스 콘트롤이 꺼졌습니다.
[2021.07.28-14.53.23:128][  0]SourceControl: 소스 콘트롤이 꺼졌습니다.
[2021.07.28-14.53.23:143][  0]SourceControl: 소스 콘트롤이 꺼졌습니다.
[2021.07.28-14.53.23:569][  0]LogAndroidPermission: UAndroidPermissionCallbackProxy::GetInstance
[2021.07.28-14.53.23:724][  0]LogOcInput: OculusInput pre-init called
[2021.07.28-14.53.23:821][  0]LogEngine: Initializing Engine...
[2021.07.28-14.53.23:823][  0]LogHMD: Failed to initialize OpenVR with code 110
[2021.07.28-14.53.23:824][  0]LogStats: UGameplayTagsManager::ConstructGameplayTagTree: Construct from data asset -  0.000 s
[2021.07.28-14.53.23:824][  0]LogStats: UGameplayTagsManager::ConstructGameplayTagTree: GameplayTagTreeChangedEvent.Broadcast -  0.000 s
[2021.07.28-14.53.24:056][  0]LogAIModule: Creating AISystem for world Untitled
[2021.07.28-14.53.24:072][  0]LogInit: XAudio2 using 'Speakers(Synaptics SmartAudio HD)' : 2 channels at 48 kHz using 32 bits per sample (channel mask 0x3)
[2021.07.28-14.53.24:131][  0]LogInit: FAudioDevice initialized.
[2021.07.28-14.53.24:173][  0]LogDerivedDataCache: Saved boot cache 0.04s 74MB C:/Users/alswj/AppData/Local/UnrealEngine/4.19/DerivedDataCache/Boot.ddc.
[2021.07.28-14.53.24:187][  0]LogInit: Texture streaming: Enabled
[2021.07.28-14.53.24:203][  0]LogEngineSessionManager: EngineSessionManager initialized
[2021.07.28-14.53.24:214][  0]LogInit: Transaction tracking system initialized
[2021.07.28-14.53.24:235][  0]BlueprintLog: New page: 에디터 로드
[2021.07.28-14.53.24:312][  0]LocalizationService: 현지화 서비스가 비활성화되었습니다.
[2021.07.28-14.53.24:415][  0]LogConsoleResponse: Display: 
[2021.07.28-14.53.24:541][  0]LogCook: Display: Max memory allowance for cook 16384mb min free memory 0mb
[2021.07.28-14.53.24:541][  0]LogCook: Display: Mobile HDR setting 1
[2021.07.28-14.53.24:541][  0]LogGameplayTags: Display: UGameplayTagsManager::DoneAddingNativeTags. DelegateIsBound: 0
[2021.07.28-14.53.24:541][  0]LogStats: UGameplayTagsManager::ConstructGameplayTagTree: Construct from data asset -  0.000 s
[2021.07.28-14.53.24:541][  0]LogStats: UGameplayTagsManager::ConstructGameplayTagTree: GameplayTagTreeChangedEvent.Broadcast -  0.000 s
[2021.07.28-14.53.24:845][  0]LogFileCache: Scanning file cache for directory 'C:/Users/alswj/Documents/Unreal Projects/SecondProject/Content/' took 0.01s
[2021.07.28-14.53.24:845][  0]SourceControl: 소스 콘트롤이 꺼졌습니다.
[2021.07.28-14.53.24:845][  0]Cmd: MAP LOAD FILE="../../../../../../Users/alswj/Documents/Unreal Projects/SecondProject/Content/Maps/Stage01/PNStage01_Top.umap" TEMPLATE=0 SHOWPROGRESS=1 FEATURELEVEL=3
[2021.07.28-14.53.24:845][  0]LightingResults: New page: 라이팅 빌드
[2021.07.28-14.53.24:848][  0]MapCheck: New page: 맵 체크
[2021.07.28-14.53.24:848][  0]LightingResults: New page: 라이팅 빌드
[2021.07.28-14.53.24:877][  0]LogAIModule: Creating AISystem for world PNStage01_Top
[2021.07.28-14.53.24:878][  0]LogStreaming: Display: ULevelStreaming::RequestLevel(/Game/Maps/Stage01/PNStage01_GB) is flushing async loading
[2021.07.28-14.53.24:963][  0]LogUObjectGlobals: Created PersistentFrame Addr=0x000001be1a296340, Size=304, Default__PNGateActor_C Function /Game/Blueprints/PNGateActor.PNGateActor_C:ExecuteUbergraph_PNGateActor
[2021.07.28-14.53.24:967][  0]LogUObjectGlobals: Destroyed PersistentFrame Addr=0x000001be1a296340, Size=304
[2021.07.28-14.53.24:967][  0]LogUObjectGlobals: Created PersistentFrame Addr=0x000001be1a296340, Size=304, Default__PNGateActor_C Function /Engine/Transient.REINST_PNGateActor_C_1:ExecuteUbergraph_PNGateActor
[2021.07.28-14.53.24:970][  0]LogUObjectGlobals: Created PersistentFrame Addr=0x000001be1a296200, Size=304, Default__PNGateActor_C Function /Game/Blueprints/PNGateActor.PNGateActor_C:ExecuteUbergraph_PNGateActor
[2021.07.28-14.53.25:082][  0]LogUObjectGlobals: Created PersistentFrame Addr=0x000001be3d9c7a00, Size=240, Default__PNPlayerPawn_C Function /Game/Blueprints/PNPlayerPawn.PNPlayerPawn_C:ExecuteUbergraph_PNPlayerPawn
[2021.07.28-14.53.25:087][  0]LogUObjectGlobals: Destroyed PersistentFrame Addr=0x000001be3d9c7a00, Size=240
[2021.07.28-14.53.25:087][  0]LogUObjectGlobals: Created PersistentFrame Addr=0x000001be3d9c7a00, Size=240, Default__PNPlayerPawn_C Function /Engine/Transient.REINST_PNPlayerPawn_C_7:ExecuteUbergraph_PNPlayerPawn
[2021.07.28-14.53.25:093][  0]LogUObjectGlobals: Created PersistentFrame Addr=0x000001be3d9bca00, Size=240, Default__PNPlayerPawn_C Function /Game/Blueprints/PNPlayerPawn.PNPlayerPawn_C:ExecuteUbergraph_PNPlayerPawn
[2021.07.28-14.53.25:125][  0]LogUObjectGlobals: Created PersistentFrame Addr=0x000001be2733f100, Size=352, Default__PNPickupCoinActor_C Function /Game/Blueprints/PNPickupCoinActor.PNPickupCoinActor_C:ExecuteUbergraph_PNPickupCoinActor
[2021.07.28-14.53.25:127][  0]LogUObjectGlobals: Destroyed PersistentFrame Addr=0x000001be2733f100, Size=352
[2021.07.28-14.53.25:127][  0]LogUObjectGlobals: Created PersistentFrame Addr=0x000001be3de7a080, Size=352, Default__PNPickupCoinActor_C Function /Engine/Transient.REINST_PNPickupCoinActor_C_9:ExecuteUbergraph_PNPickupCoinActor
[2021.07.28-14.53.25:129][  0]LogUObjectGlobals: Created PersistentFrame Addr=0x000001be3de68280, Size=352, Default__PNPickupCoinActor_C Function /Game/Blueprints/PNPickupCoinActor.PNPickupCoinActor_C:ExecuteUbergraph_PNPickupCoinActor
[2021.07.28-14.53.25:163][  0]LogUObjectGlobals: Created PersistentFrame Addr=0x000001be3de96440, Size=184, Default__PNPickupScroll_C Function /Game/Blueprints/PNPickupScroll.PNPickupScroll_C:ExecuteUbergraph_PNPickupScroll
[2021.07.28-14.53.25:165][  0]LogUObjectGlobals: Destroyed PersistentFrame Addr=0x000001be3de96440, Size=184
[2021.07.28-14.53.25:165][  0]LogUObjectGlobals: Created PersistentFrame Addr=0x000001be3de96440, Size=184, Default__PNPickupScroll_C Function /Engine/Transient.REINST_PNPickupScroll_C_11:ExecuteUbergraph_PNPickupScroll
[2021.07.28-14.53.25:166][  0]LogUObjectGlobals: Created PersistentFrame Addr=0x000001be3de956c0, Size=184, Default__PNPickupScroll_C Function /Game/Blueprints/PNPickupScroll.PNPickupScroll_C:ExecuteUbergraph_PNPickupScroll
[2021.07.28-14.53.25:176][  0]LogUObjectGlobals: Created PersistentFrame Addr=0x000001be3de32980, Size=344, Default__PNSwitchActor_C Function /Game/Blueprints/PNSwitchActor.PNSwitchActor_C:ExecuteUbergraph_PNSwitchActor
[2021.07.28-14.53.25:180][  0]LogUObjectGlobals: Destroyed PersistentFrame Addr=0x000001be3de32980, Size=344
[2021.07.28-14.53.25:180][  0]LogUObjectGlobals: Created PersistentFrame Addr=0x000001be3eae5600, Size=344, Default__PNSwitchActor_C Function /Engine/Transient.REINST_PNSwitchActor_C_13:ExecuteUbergraph_PNSwitchActor
[2021.07.28-14.53.25:182][  0]LogUObjectGlobals: Created PersistentFrame Addr=0x000001be3eaca080, Size=344, Default__PNSwitchActor_C Function /Game/Blueprints/PNSwitchActor.PNSwitchActor_C:ExecuteUbergraph_PNSwitchActor
[2021.07.28-14.53.25:221][  0]LogUObjectGlobals: Created PersistentFrame Addr=0x000001be3d9cc680, Size=288, Default__PNStage01_GB_C Function /Game/Maps/Stage01/PNStage01_GB.PNStage01_GB_C:ExecuteUbergraph_PNStage01_GB
[2021.07.28-14.53.25:224][  0]LogUObjectGlobals: Destroyed PersistentFrame Addr=0x000001be3d9cc680, Size=288
[2021.07.28-14.53.25:224][  0]LogUObjectGlobals: Created PersistentFrame Addr=0x000001be3de07600, Size=288, Default__PNStage01_GB_C Function /Engine/Transient.REINST_PNStage01_GB_C_15:ExecuteUbergraph_PNStage01_GB
[2021.07.28-14.53.25:227][  0]LogUObjectGlobals: Created PersistentFrame Addr=0x000001be3de06e80, Size=288, Default__PNStage01_GB_C Function /Game/Maps/Stage01/PNStage01_GB.PNStage01_GB_C:ExecuteUbergraph_PNStage01_GB
[2021.07.28-14.53.25:525][  0]LogSkeletalMesh: Skeletal Mesh found in DDC [6.634200ms] /Game/Characters/SK_Ninja.SK_Ninja
[2021.07.28-14.53.25:613][  0]LogStreaming: Display: ULevelStreaming::RequestLevel(/Game/Maps/Stage01/PNStage01_SM) is flushing async loading
[2021.07.28-14.53.25:858][  0]LogEditorServer: Finished looking for orphan Actors (0.000 secs)
[2021.07.28-14.53.25:871][  0]LogUObjectGlobals: Destroyed PersistentFrame Addr=0x000001be1a296340, Size=304
[2021.07.28-14.53.25:871][  0]LogUObjectGlobals: Destroyed PersistentFrame Addr=0x000001be3d9c7a00, Size=240
[2021.07.28-14.53.25:871][  0]LogUObjectGlobals: Destroyed PersistentFrame Addr=0x000001be3de7a080, Size=352
[2021.07.28-14.53.25:871][  0]LogUObjectGlobals: Destroyed PersistentFrame Addr=0x000001be3de96440, Size=184
[2021.07.28-14.53.25:871][  0]LogUObjectGlobals: Destroyed PersistentFrame Addr=0x000001be3eae5600, Size=344
[2021.07.28-14.53.25:872][  0]LogUObjectGlobals: Destroyed PersistentFrame Addr=0x000001be3de07600, Size=288
[2021.07.28-14.53.25:873][  0]Cmd: MAP CHECKDEP NOCLEARLOG
[2021.07.28-14.53.25:926][  0]MapCheck: 맵 체크 완료: 오류 0 회, 경고 0 회, 소요 시간 53.932ms.
[2021.07.28-14.53.25:926][  0]LogFileHelpers: Loading map 'PNStage01_Top' took 1.082
[2021.07.28-14.53.26:170][  0]LogCollectionManager: Loaded 0 collections in 0.001339 seconds
[2021.07.28-14.53.26:225][  0]LogFileCache: Scanning file cache for directory 'C:/Users/alswj/Documents/Unreal Projects/SecondProject/Saved/Collections/' took 0.01s
[2021.07.28-14.53.26:225][  0]LogFileCache: Scanning file cache for directory 'C:/Users/alswj/Documents/Unreal Projects/SecondProject/Content/Developers/MJ/Collections/' took 0.01s
[2021.07.28-14.53.26:225][  0]LogFileCache: Scanning file cache for directory 'C:/Users/alswj/Documents/Unreal Projects/SecondProject/Content/Collections/' took 0.01s
[2021.07.28-14.53.26:225][  0]LogCollectionManager: Rebuilt the GUID cache for 0 collections in 0.000000 seconds
[2021.07.28-14.53.26:235][  0]LogContentBrowser: Native class hierarchy populated in 0.0090 seconds. Added 2452 classes and 558 folders.
[2021.07.28-14.53.26:246][  0]LogContentBrowser: Native class hierarchy updated for 'WidgetCarousel' in 0.0005 seconds. Added 0 classes and 0 folders.
[2021.07.28-14.53.26:612][  0]LogContentBrowser: Native class hierarchy updated for 'AddContentDialog' in 0.0002 seconds. Added 0 classes and 0 folders.
[2021.07.28-14.53.26:625][  0]LogContentBrowser: Native class hierarchy updated for 'SceneOutliner' in 0.0002 seconds. Added 1 classes and 2 folders.
[2021.07.28-14.53.26:649][  0]LogContentBrowser: Native class hierarchy updated for 'WorldBrowser' in 0.0003 seconds. Added 2 classes and 3 folders.
[2021.07.28-14.53.26:793][  0]LogSlate: Took 0.000233 seconds to synchronously load lazily loaded font '../../../Engine/Content/Slate/Fonts/Roboto-Regular.ttf' (155K)
[2021.07.28-14.53.26:798][  0]LogSlate: Took 0.002870 seconds to synchronously load lazily loaded font '../../../Engine/Content/Editor/Slate/Fonts/NanumGothic.ttf' (4243K)
[2021.07.28-14.53.26:801][  0]LogSlate: Took 0.002686 seconds to synchronously load lazily loaded font '../../../Engine/Content/Editor/Slate/Fonts/NanumGothicBold.ttf' (4188K)
[2021.07.28-14.53.26:802][  0]LogSlate: Took 0.000279 seconds to synchronously load lazily loaded font '../../../Engine/Content/Slate/Fonts/Roboto-Bold.ttf' (160K)
[2021.07.28-14.53.26:820][  0]LogSlate: Took 0.007819 seconds to synchronously load lazily loaded font '../../../Engine/Content/Editor/Slate/Fonts/FontAwesome.ttf' (139K)
[2021.07.28-14.53.27:026][  0]LogRenderer: Reallocating scene render targets to support 1240x576 Format 10 NumSamples 1 (Frame:1).
[2021.07.28-14.53.27:247][  0]LogContentBrowser: Native class hierarchy updated for 'HierarchicalLODOutliner' in 0.0002 seconds. Added 0 classes and 0 folders.
[2021.07.28-14.53.27:248][  0]LogLoad: (Engine Initialization) Total time: 11.52 seconds
[2021.07.28-14.53.27:248][  0]LogLoad: (Engine Initialization) Total Blueprint compile time: 0.00 seconds
[2021.07.28-14.53.27:288][  0]LogContentStreaming: Texture pool size now 1000 MB
[2021.07.28-14.53.27:327][  0]LogSlate: Took 0.007397 seconds to synchronously load lazily loaded font '../../../Engine/Content/Slate/Fonts/Roboto-Light.ttf' (167K)
[2021.07.28-14.53.27:392][  1]LogAssetRegistry: Asset discovery search completed in 6.9419 seconds
[2021.07.28-14.53.27:395][  1]LogCollectionManager: Rebuilt the object cache for 0 collections in 0.000000 seconds (found 0 objects)
[2021.07.28-14.53.27:395][  1]LogCollectionManager: Fixed up redirectors for 0 collections in 0.000099 seconds (updated 0 objects)
[2021.07.28-14.53.28:153][ 13]LogContentStreaming: Texture: "LightMapTexture2D /Game/Maps/Stage01/PNStage01_SM_BuiltData.PNStage01_SM_BuiltData:HQ_Lightmap0_1", ResidentMips: 7/11, RequestedMips: 11, WantedMips: 11, Boost: 0.2 (updated)
[2021.07.28-14.53.30:120][130]LogSlate: FSceneViewport::OnFocusLost() reason 0
[2021.07.28-14.53.30:199][135]LogSlate: Window '메시지 로그' being destroyed
[2021.07.28-14.53.30:206][135]LogSlate: Window '메시지 로그' being destroyed
[2021.07.28-14.53.32:858][198]LogSlate: FSceneViewport::OnFocusLost() reason 0
[2021.07.28-14.53.41:320][582]LogSlate: Took 0.000203 seconds to synchronously load lazily loaded font '../../../Engine/Content/Slate/Fonts/Roboto-Light.ttf' (167K)
[2021.07.28-14.53.43:147][582]LogUObjectGlobals: Created PersistentFrame Addr=0x000001be4d792020, Size=4, Default__StarterMap_C Function /Game/StarterContent/Maps/StarterMap.StarterMap_C:ExecuteUbergraph_StarterMap
[2021.07.28-14.53.43:151][582]LogUObjectGlobals: Destroyed PersistentFrame Addr=0x000001be4d792020, Size=4
[2021.07.28-14.53.43:151][582]LogUObjectGlobals: Created PersistentFrame Addr=0x000001be4d792020, Size=4, Default__StarterMap_C Function /Engine/Transient.REINST_StarterMap_C_29:ExecuteUbergraph_StarterMap
[2021.07.28-14.53.43:153][582]LogUObjectGlobals: Created PersistentFrame Addr=0x000001be4d791f68, Size=4, Default__StarterMap_C Function /Game/StarterContent/Maps/StarterMap.StarterMap_C:ExecuteUbergraph_StarterMap
[2021.07.28-14.53.43:901][582]LogAIModule: Creating AISystem for world StarterMap
[2021.07.28-14.53.43:965][582]LogUObjectGlobals: Destroyed PersistentFrame Addr=0x000001be4d792020, Size=4
[2021.07.28-14.53.43:969][582]Cmd: MAP LOAD FILE="../../../../../../Users/alswj/Documents/Unreal Projects/SecondProject/Content/StarterContent/Maps/StarterMap.umap" TEMPLATE=0 SHOWPROGRESS=1 FEATURELEVEL=3
[2021.07.28-14.53.43:969][582]LightingResults: New page: 라이팅 빌드
[2021.07.28-14.53.43:970][582]LoadErrors: New page: 맵 로드중: StarterMap.umap
[2021.07.28-14.53.43:978][582]MapCheck: New page: 맵 체크
[2021.07.28-14.53.43:978][582]LightingResults: New page: 라이팅 빌드
[2021.07.28-14.53.43:989][582]LogUObjectGlobals: Destroyed PersistentFrame Addr=0x000001be3de06e80, Size=288
[2021.07.28-14.53.44:072][582]LogEditorServer: Finished looking for orphan Actors (0.000 secs)
[2021.07.28-14.53.44:104][582]Cmd: MAP CHECKDEP NOCLEARLOG
[2021.07.28-14.53.44:194][582]MapCheck: 맵 체크 완료: 오류 0 회, 경고 0 회, 소요 시간 89.325ms.
[2021.07.28-14.53.44:196][582]LogFileHelpers: Loading map 'StarterMap' took 0.229
[2021.07.28-14.53.46:198][659]LogAIModule: Creating AISystem for world Minimal_Default
[2021.07.28-14.53.46:215][659]Cmd: MAP LOAD FILE="../../../../../../Users/alswj/Documents/Unreal Projects/SecondProject/Content/StarterContent/Maps/Minimal_Default.umap" TEMPLATE=0 SHOWPROGRESS=1 FEATURELEVEL=3
[2021.07.28-14.53.46:215][659]LightingResults: New page: 라이팅 빌드
[2021.07.28-14.53.46:216][659]LoadErrors: New page: 맵 로드중: Minimal_Default.umap
[2021.07.28-14.53.46:219][659]MapCheck: New page: 맵 체크
[2021.07.28-14.53.46:219][659]LightingResults: New page: 라이팅 빌드
[2021.07.28-14.53.46:231][659]LogUObjectGlobals: Destroyed PersistentFrame Addr=0x000001be4d791f68, Size=4
[2021.07.28-14.53.46:302][659]LogEditorServer: Finished looking for orphan Actors (0.000 secs)
[2021.07.28-14.53.46:334][659]Cmd: MAP CHECKDEP NOCLEARLOG
[2021.07.28-14.53.46:424][659]MapCheck: 맵 체크 완료: 오류 0 회, 경고 0 회, 소요 시간 90.806ms.
[2021.07.28-14.53.46:425][659]LogFileHelpers: Loading map 'Minimal_Default' took 0.211
[2021.07.28-14.53.46:722][671]LogContentStreaming: Texture: "LightMapTexture2D /Game/StarterContent/Maps/Minimal_Default_BuiltData.Minimal_Default_BuiltData:HQ_Lightmap0_1", ResidentMips: 7/10, RequestedMips: 10, WantedMips: 10, Boost: 0.2 (updated)
[2021.07.28-14.54.45:235][768]LogSlate: FSceneViewport::OnFocusLost() reason 0
[2021.07.28-15.15.33:100][179]LogSlate: Took 0.009938 seconds to synchronously load lazily loaded font '../../../Engine/Content/Slate/Fonts/DroidSansMono.ttf' (77K)
[2021.07.28-15.15.33:152][179]LogSlate: Took 0.014682 seconds to synchronously load lazily loaded font '../../../Engine/Content/Editor/Slate/Fonts/NanumGothicExtraBold.ttf' (4074K)
[2021.07.28-15.28.01:418][187]LogRenderer: Reallocating scene render targets to support 1564x576 Format 10 NumSamples 1 (Frame:41).
[2021.07.28-15.28.05:074][398]LogSlate: Window '모드' being destroyed
[2021.07.28-15.28.20:122][199]LogSlate: FSceneViewport::OnFocusLost() reason 0
[2021.07.28-15.44.47:791][305]LogAIModule: Creating AISystem for world PNStage01_Top
[2021.07.28-15.44.47:807][305]Cmd: MAP LOAD FILE="../../../../../../Users/alswj/Documents/Unreal Projects/SecondProject/Content/Maps/Stage01/PNStage01_Top.umap" TEMPLATE=0 SHOWPROGRESS=1 FEATURELEVEL=3
[2021.07.28-15.44.47:808][305]LightingResults: New page: 라이팅 빌드
[2021.07.28-15.44.47:809][305]LoadErrors: New page: 맵 로드중: PNStage01_Top.umap
[2021.07.28-15.44.47:810][305]MapCheck: New page: 맵 체크
[2021.07.28-15.44.47:811][305]LightingResults: New page: 라이팅 빌드
[2021.07.28-15.44.47:827][305]LogStreaming: Display: ULevelStreaming::RequestLevel(/Game/Maps/Stage01/PNStage01_GB) is flushing async loading
[2021.07.28-15.44.47:840][305]LogUObjectGlobals: Created PersistentFrame Addr=0x000001be8d304e00, Size=288, Default__PNStage01_GB_C Function /Game/Maps/Stage01/PNStage01_GB.PNStage01_GB_C:ExecuteUbergraph_PNStage01_GB
[2021.07.28-15.44.47:844][305]LogUObjectGlobals: Destroyed PersistentFrame Addr=0x000001be8d304e00, Size=288
[2021.07.28-15.44.47:844][305]LogUObjectGlobals: Created PersistentFrame Addr=0x000001be91454a40, Size=288, Default__PNStage01_GB_C Function /Engine/Transient.REINST_PNStage01_GB_C_31:ExecuteUbergraph_PNStage01_GB
[2021.07.28-15.44.47:847][305]LogUObjectGlobals: Created PersistentFrame Addr=0x000001be8d348a40, Size=288, Default__PNStage01_GB_C Function /Game/Maps/Stage01/PNStage01_GB.PNStage01_GB_C:ExecuteUbergraph_PNStage01_GB
[2021.07.28-15.44.47:874][305]LogStreaming: Display: ULevelStreaming::RequestLevel(/Game/Maps/Stage01/PNStage01_SM) is flushing async loading
[2021.07.28-15.44.47:971][305]LogEditorServer: Finished looking for orphan Actors (0.000 secs)
[2021.07.28-15.44.47:985][305]LogUObjectGlobals: Destroyed PersistentFrame Addr=0x000001be91454a40, Size=288
[2021.07.28-15.44.48:003][305]Cmd: MAP CHECKDEP NOCLEARLOG
[2021.07.28-15.44.48:084][305]MapCheck: 맵 체크 완료: 오류 0 회, 경고 0 회, 소요 시간 80.301ms.
[2021.07.28-15.44.48:084][305]LogFileHelpers: Loading map 'PNStage01_Top' took 0.278
[2021.07.28-15.44.50:598][439]LogEditorViewport: Clicking on Actor (LMB): StaticMeshActor (SM_Wall_SM_Wall_M66)
[2021.07.28-15.44.52:221][492]LogEditorViewport: Clicking on Actor (LMB): StaticMeshActor (SM_Floor_PN_SM_Floor_92)
[2021.07.28-15.44.53:089][526]LogEditorViewport: Clicking on Actor (LMB): BlockingVolume (PlatformBrush)
[2021.07.28-15.45.01:875][ 45]LogSlate: FSceneViewport::OnFocusLost() reason 0
[2021.07.28-16.25.50:068][221]LogSlate: Window '콘텐츠 브라우저' being destroyed
[2021.07.28-16.25.50:090][221]LogSlate: Window 'SecondProject - 언리얼 에디터' being destroyed
[2021.07.28-16.25.50:102][221]LogWindowsTextInputMethodSystem: Display: IME system now activated using TSF (Microsoft 입력기).
[2021.07.28-16.25.50:535][222]Cmd: QUIT_EDITOR
[2021.07.28-16.25.50:587][222]LogSlate: Slate User Destroyed.  User Index 0, Is Virtual User: 0
[2021.07.28-16.25.50:588][222]LogExit: Preparing to exit.
[2021.07.28-16.25.51:854][222]LogDirectoryWatcher: A directory notification for 'C:/Users/alswj/Documents/Unreal Projects/SecondProject/Content/' was aborted.
[2021.07.28-16.25.52:086][222]LogExit: Editor shut down
[2021.07.28-16.25.52:152][222]LogExit: Transaction tracking system shut down
[2021.07.28-16.25.52:154][222]LogUObjectGlobals: Destroyed PersistentFrame Addr=0x000001be1a296200, Size=304
[2021.07.28-16.25.52:159][222]LogUObjectGlobals: Destroyed PersistentFrame Addr=0x000001be3d9bca00, Size=240
[2021.07.28-16.25.52:160][222]LogUObjectGlobals: Destroyed PersistentFrame Addr=0x000001be3de68280, Size=352
[2021.07.28-16.25.52:162][222]LogUObjectGlobals: Destroyed PersistentFrame Addr=0x000001be3de956c0, Size=184
[2021.07.28-16.25.52:164][222]LogUObjectGlobals: Destroyed PersistentFrame Addr=0x000001be3eaca080, Size=344
[2021.07.28-16.25.52:167][222]LogUObjectGlobals: Destroyed PersistentFrame Addr=0x000001be8d348a40, Size=288
[2021.07.28-16.25.52:297][222]LogDirectoryWatcher: A directory notification for '../../../Engine/Content/' was aborted.
[2021.07.28-16.25.52:298][222]LogDirectoryWatcher: A directory notification for '../../../../../../Users/alswj/Documents/Unreal Projects/SecondProject/Content/' was aborted.
[2021.07.28-16.25.52:298][222]LogDirectoryWatcher: A directory notification for '../../Plugins/2D/Paper2D/Content/' was aborted.
[2021.07.28-16.25.52:298][222]LogDirectoryWatcher: A directory notification for '../../Plugins/Enterprise/DatasmithContent/Content/' was aborted.
[2021.07.28-16.25.52:298][222]LogDirectoryWatcher: A directory notification for '../../Plugins/Media/MediaCompositing/Content/' was aborted.
[2021.07.28-16.25.52:298][222]LogDirectoryWatcher: A directory notification for '../../Plugins/Runtime/AppleARKit/Content/' was aborted.
[2021.07.28-16.25.52:298][222]LogDirectoryWatcher: A directory notification for '../../Plugins/Runtime/Oculus/OculusVR/Content/' was aborted.
[2021.07.28-16.25.52:298][222]LogDirectoryWatcher: A directory notification for '../../Plugins/Runtime/Steam/SteamVR/Content/' was aborted.
[2021.07.28-16.25.52:895][222]LogExit: Object subsystem successfully closed.
[2021.07.28-16.25.52:943][222]LogShaderCompilers: Display: Shaders left to compile 0
[2021.07.28-16.25.52:955][222]LogD3D11RHI: Shutdown
[2021.07.28-16.25.52:955][222]LogD3D11RHI: CleanupD3DDevice
[2021.07.28-16.25.52:989][222]LogD3D11RHI: ~FD3D11DynamicRHI
[2021.07.28-16.25.53:033][222]LogModuleManager: Shutting down and abandoning module HierarchicalLODOutliner (576)
[2021.07.28-16.25.53:033][222]LogModuleManager: Shutting down and abandoning module WorldBrowser (574)
[2021.07.28-16.25.53:033][222]LogModuleManager: Shutting down and abandoning module SceneOutliner (572)
[2021.07.28-16.25.53:034][222]LogModuleManager: Shutting down and abandoning module AddContentDialog (570)
[2021.07.28-16.25.53:034][222]LogDirectoryWatcher: A directory notification for 'C:/Program Files/Epic Games/UE_4.19/FeaturePacks/' was aborted.
[2021.07.28-16.25.53:044][222]LogModuleManager: Shutting down and abandoning module WidgetCarousel (569)
[2021.07.28-16.25.53:045][222]LogModuleManager: Shutting down and abandoning module EditorWidgets (566)
[2021.07.28-16.25.53:045][222]LogModuleManager: Shutting down and abandoning module CollectionManager (564)
[2021.07.28-16.25.53:045][222]LogDirectoryWatcher: A directory notification for 'C:/Users/alswj/Documents/Unreal Projects/SecondProject/Content/Collections/' was aborted.
[2021.07.28-16.25.53:045][222]LogDirectoryWatcher: A directory notification for 'C:/Users/alswj/Documents/Unreal Projects/SecondProject/Content/Developers/MJ/Collections/' was aborted.
[2021.07.28-16.25.53:045][222]LogDirectoryWatcher: A directory notification for 'C:/Users/alswj/Documents/Unreal Projects/SecondProject/Saved/Collections/' was aborted.
[2021.07.28-16.25.53:045][222]LogModuleManager: Shutting down and abandoning module StatsViewer (562)
[2021.07.28-16.25.53:045][222]LogModuleManager: Shutting down and abandoning module FoliageEdit (560)
[2021.07.28-16.25.53:045][222]LogModuleManager: Shutting down and abandoning module LandscapeEditor (558)
[2021.07.28-16.25.53:046][222]LogModuleManager: Shutting down and abandoning module MeshPaintMode (556)
[2021.07.28-16.25.53:046][222]LogModuleManager: Shutting down and abandoning module SceneDepthPickerMode (554)
[2021.07.28-16.25.53:046][222]LogModuleManager: Shutting down and abandoning module ActorPickerMode (552)
[2021.07.28-16.25.53:046][222]LogModuleManager: Shutting down and abandoning module GeometryMode (550)
[2021.07.28-16.25.53:046][222]LogModuleManager: Shutting down and abandoning module TextureAlignMode (548)
[2021.07.28-16.25.53:046][222]LogModuleManager: Shutting down and abandoning module BspMode (546)
[2021.07.28-16.25.53:046][222]LogModuleManager: Shutting down and abandoning module PIEPreviewDeviceProfileSelector (544)
[2021.07.28-16.25.53:046][222]LogModuleManager: Shutting down and abandoning module HardwareSurvey (542)
[2021.07.28-16.25.53:046][222]LogModuleManager: Shutting down and abandoning module SequenceRecorderSections (540)
[2021.07.28-16.25.53:046][222]LogModuleManager: Shutting down and abandoning module AutomationWorker (538)
[2021.07.28-16.25.53:046][222]LogModuleManager: Shutting down and abandoning module AudioCaptureEditor (536)
[2021.07.28-16.25.53:046][222]LogModuleManager: Shutting down and abandoning module SequenceRecorder (535)
[2021.07.28-16.25.53:047][222]LogModuleManager: Shutting down and abandoning module MatineeToLevelSequence (532)
[2021.07.28-16.25.53:047][222]LogModuleManager: Shutting down and abandoning module LevelSequenceEditor (530)
[2021.07.28-16.25.53:049][222]LogModuleManager: Shutting down and abandoning module PlacementMode (529)
[2021.07.28-16.25.53:049][222]LogModuleManager: Shutting down and abandoning module MaterialEditor (528)
[2021.07.28-16.25.53:052][222]LogModuleManager: Shutting down and abandoning module WmfMediaFactory (524)
[2021.07.28-16.25.53:052][222]LogModuleManager: Shutting down and abandoning module WmfMediaEditor (522)
[2021.07.28-16.25.53:052][222]LogModuleManager: Shutting down and abandoning module MediaPlayerEditor (520)
[2021.07.28-16.25.53:054][222]LogModuleManager: Shutting down and abandoning module OpenExrWrapper (518)
[2021.07.28-16.25.53:054][222]LogModuleManager: Shutting down and abandoning module ImgMediaFactory (516)
[2021.07.28-16.25.53:054][222]LogModuleManager: Shutting down and abandoning module ImgMediaEditor (514)
[2021.07.28-16.25.53:054][222]LogModuleManager: Shutting down and abandoning module AvfMediaFactory (512)
[2021.07.28-16.25.53:054][222]LogModuleManager: Shutting down and abandoning module AvfMediaEditor (510)
[2021.07.28-16.25.53:054][222]LogModuleManager: Shutting down and abandoning module AndroidMediaFactory (508)
[2021.07.28-16.25.53:054][222]LogModuleManager: Shutting down and abandoning module AndroidMediaEditor (506)
[2021.07.28-16.25.53:054][222]LogModuleManager: Shutting down and abandoning module CharacterAI (504)
[2021.07.28-16.25.53:054][222]LogModuleManager: Shutting down and abandoning module SmartSnapping (502)
[2021.07.28-16.25.53:054][222]LogModuleManager: Shutting down and abandoning module SessionServices (500)
[2021.07.28-16.25.53:054][222]LogModuleManager: Shutting down and abandoning module ViewportSnapping (498)
[2021.07.28-16.25.53:054][222]LogModuleManager: Shutting down and abandoning module ViewportInteraction (496)
[2021.07.28-16.25.53:054][222]LogModuleManager: Shutting down and abandoning module ClothPainter (494)
[2021.07.28-16.25.53:055][222]LogModuleManager: Shutting down and abandoning module SkeletalMeshEditor (493)
[2021.07.28-16.25.53:056][222]LogModuleManager: Shutting down and abandoning module LogVisualizer (490)
[2021.07.28-16.25.53:057][222]LogModuleManager: Shutting down and abandoning module IntroTutorials (488)
[2021.07.28-16.25.53:058][222]LogModuleManager: Shutting down and abandoning module GameProjectGeneration (487)
[2021.07.28-16.25.53:059][222]LogModuleManager: Shutting down and abandoning module IOSPlatformEditor (484)
[2021.07.28-16.25.53:059][222]LogModuleManager: Shutting down and abandoning module HTML5PlatformEditor (482)
[2021.07.28-16.25.53:059][222]LogModuleManager: Shutting down and abandoning module AndroidPlatformEditor (480)
[2021.07.28-16.25.53:059][222]LogModuleManager: Shutting down and abandoning module AndroidDeviceDetection (479)
[2021.07.28-16.25.53:501][222]LogModuleManager: Shutting down and abandoning module WindowsPlatformEditor (476)
[2021.07.28-16.25.53:502][222]LogModuleManager: Shutting down and abandoning module IOSRuntimeSettings (474)
[2021.07.28-16.25.53:502][222]LogModuleManager: Shutting down and abandoning module AndroidRuntimeSettings (472)
[2021.07.28-16.25.53:502][222]LogModuleManager: Shutting down and abandoning module InputBindingEditor (470)
[2021.07.28-16.25.53:503][222]LogModuleManager: Shutting down and abandoning module MergeActors (468)
[2021.07.28-16.25.53:504][222]LogModuleManager: Shutting down and abandoning module LocalizationDashboard (466)
[2021.07.28-16.25.53:505][222]LogModuleManager: Shutting down and abandoning module LocalizationService (465)
[2021.07.28-16.25.53:505][222]LogModuleManager: Shutting down and abandoning module HardwareTargeting (462)
[2021.07.28-16.25.53:505][222]LogModuleManager: Shutting down and abandoning module DeviceProfileEditor (460)
[2021.07.28-16.25.53:506][222]LogModuleManager: Shutting down and abandoning module UndoHistory (458)
[2021.07.28-16.25.53:506][222]LogModuleManager: Shutting down and abandoning module XmlParser (456)
[2021.07.28-16.25.53:507][222]LogModuleManager: Shutting down and abandoning module Blutility (454)
[2021.07.28-16.25.53:507][222]LogModuleManager: Shutting down and abandoning module ProjectSettingsViewer (452)
[2021.07.28-16.25.53:507][222]LogModuleManager: Shutting down and abandoning module ProjectTargetPlatformEditor (451)
[2021.07.28-16.25.53:508][222]LogModuleManager: Shutting down and abandoning module EditorSettingsViewer (448)
[2021.07.28-16.25.53:509][222]LogModuleManager: Shutting down and abandoning module SettingsEditor (446)
[2021.07.28-16.25.53:510][222]LogModuleManager: Shutting down and abandoning module ProjectLauncher (444)
[2021.07.28-16.25.53:510][222]LogModuleManager: Shutting down and abandoning module SessionFrontend (442)
[2021.07.28-16.25.53:510][222]LogModuleManager: Shutting down and abandoning module ProfilerClient (440)
[2021.07.28-16.25.53:511][222]LogModuleManager: Shutting down and abandoning module DeviceManager (438)
[2021.07.28-16.25.53:511][222]LogModuleManager: Shutting down and abandoning module TargetDeviceServices (437)
[2021.07.28-16.25.53:553][222]LogModuleManager: Shutting down and abandoning module AutomationController (434)
[2021.07.28-16.25.53:554][222]LogModuleManager: Shutting down and abandoning module AutomationWindow (432)
[2021.07.28-16.25.53:555][222]LogModuleManager: Shutting down and abandoning module Layers (430)
[2021.07.28-16.25.53:555][222]LogModuleManager: Shutting down and abandoning module ComponentVisualizers (428)
[2021.07.28-16.25.53:555][222]LogModuleManager: Shutting down and abandoning module DetailCustomizations (426)
[2021.07.28-16.25.53:556][222]LogModuleManager: Shutting down and abandoning module PackagesDialog (424)
[2021.07.28-16.25.53:557][222]LogModuleManager: Shutting down and abandoning module Persona (422)
[2021.07.28-16.25.53:558][222]LogModuleManager: Shutting down and abandoning module AdvancedPreviewScene (421)
[2021.07.28-16.25.53:558][222]LogModuleManager: Shutting down and abandoning module AnimGraph (419)
[2021.07.28-16.25.53:558][222]LogModuleManager: Shutting down and abandoning module Kismet (416)
[2021.07.28-16.25.53:560][222]LogModuleManager: Shutting down and abandoning module GraphEditor (414)
[2021.07.28-16.25.53:561][222]LogModuleManager: Shutting down and abandoning module ClassViewer (412)
[2021.07.28-16.25.53:561][222]LogModuleManager: Shutting down and abandoning module Toolbox (410)
[2021.07.28-16.25.53:561][222]LogModuleManager: Shutting down and abandoning module ModuleUI (408)
[2021.07.28-16.25.53:562][222]LogModuleManager: Shutting down and abandoning module MovieSceneTools (406)
[2021.07.28-16.25.53:562][222]LogModuleManager: Shutting down and abandoning module OutputLog (404)
[2021.07.28-16.25.53:562][222]LogModuleManager: Shutting down and abandoning module GammaUI (402)
[2021.07.28-16.25.53:563][222]LogModuleManager: Shutting down and abandoning module Documentation (400)
[2021.07.28-16.25.53:563][222]LogModuleManager: Shutting down and abandoning module MovieSceneTracks (398)
[2021.07.28-16.25.53:563][222]LogModuleManager: Shutting down and abandoning module MovieScene (396)
[2021.07.28-16.25.53:563][222]LogModuleManager: Shutting down and abandoning module StreamingPauseRendering (394)
[2021.07.28-16.25.53:563][222]LogModuleManager: Shutting down and abandoning module LauncherPlatform (392)
[2021.07.28-16.25.53:563][222]LogModuleManager: Shutting down and abandoning module AnalyticsET (390)
[2021.07.28-16.25.53:563][222]LogModuleManager: Shutting down and abandoning module PortalServices (388)
[2021.07.28-16.25.53:563][222]LogModuleManager: Shutting down and abandoning module PortalRpc (386)
[2021.07.28-16.25.53:563][222]LogModuleManager: Shutting down and abandoning module MessagingRpc (384)
[2021.07.28-16.25.53:563][222]LogModuleManager: Shutting down and abandoning module AIModule (382)
[2021.07.28-16.25.53:563][222]LogModuleManager: Shutting down and abandoning module GameplayDebugger (381)
[2021.07.28-16.25.53:563][222]LogModuleManager: Shutting down and abandoning module AITestSuite (379)
[2021.07.28-16.25.53:563][222]LogModuleManager: Shutting down and abandoning module DesktopPlatform (376)
[2021.07.28-16.25.53:563][222]LogModuleManager: Shutting down and abandoning module ProfilerService (374)
[2021.07.28-16.25.53:697][222]LogModuleManager: Shutting down and abandoning module TaskGraph (372)
[2021.07.28-16.25.53:698][222]LogModuleManager: Shutting down and abandoning module SteamVRController (370)
[2021.07.28-16.25.53:698][222]LogModuleManager: Shutting down and abandoning module ProceduralMeshComponentEditor (368)
[2021.07.28-16.25.53:698][222]LogModuleManager: Shutting down and abandoning module ProceduralMeshComponent (366)
[2021.07.28-16.25.53:698][222]LogModuleManager: Shutting down and abandoning module OculusInput (364)
[2021.07.28-16.25.53:698][222]LogModuleManager: Shutting down and abandoning module MobilePatchingUtils (362)
[2021.07.28-16.25.53:698][222]LogModuleManager: Shutting down and abandoning module CustomMeshComponent (360)
[2021.07.28-16.25.53:698][222]LogModuleManager: Shutting down and abandoning module CableComponent (358)
[2021.07.28-16.25.53:699][222]LogModuleManager: Shutting down and abandoning module AudioCapture (356)
[2021.07.28-16.25.53:699][222]LogModuleManager: Shutting down and abandoning module ArchVisCharacter (354)
[2021.07.28-16.25.53:699][222]LogModuleManager: Shutting down and abandoning module AndroidPermission (352)
[2021.07.28-16.25.53:699][222]LogModuleManager: Shutting down and abandoning module NUTUnrealEngine4 (348)
[2021.07.28-16.25.53:699][222]LogModuleManager: Shutting down and abandoning module NetcodeUnitTest (346)
[2021.07.28-16.25.53:700][222]LogModuleManager: Shutting down and abandoning module MediaCompositingEditor (344)
[2021.07.28-16.25.53:701][222]LogModuleManager: Shutting down and abandoning module MediaCompositing (342)
[2021.07.28-16.25.53:701][222]LogModuleManager: Shutting down and abandoning module LinearTimecode (340)
[2021.07.28-16.25.53:701][222]LogModuleManager: Shutting down and abandoning module ImgMedia (338)
[2021.07.28-16.25.53:710][222]LogModuleManager: Shutting down and abandoning module HTML5Networking (336)
[2021.07.28-16.25.53:710][222]LogModuleManager: Shutting down and abandoning module AlembicImporter (334)
[2021.07.28-16.25.53:710][222]LogModuleManager: Shutting down and abandoning module AlembicLibrary (333)
[2021.07.28-16.25.53:710][222]LogModuleManager: Shutting down and abandoning module GeometryCache (332)
[2021.07.28-16.25.53:710][222]LogModuleManager: Shutting down and abandoning module GeometryCacheEd (331)
[2021.07.28-16.25.53:710][222]LogModuleManager: Shutting down and abandoning module DatasmithContent (326)
[2021.07.28-16.25.53:710][222]LogModuleManager: Shutting down and abandoning module SpeedTreeImporter (324)
[2021.07.28-16.25.53:710][222]LogModuleManager: Shutting down and abandoning module PluginBrowser (322)
[2021.07.28-16.25.53:712][222]LogModuleManager: Shutting down and abandoning module MobileLauncherProfileWizard (320)
[2021.07.28-16.25.53:713][222]LogModuleManager: Shutting down and abandoning module CryptoKeysOpenSSL (318)
[2021.07.28-16.25.53:713][222]LogModuleManager: Shutting down and abandoning module CryptoKeys (316)
[2021.07.28-16.25.53:713][222]LogModuleManager: Shutting down and abandoning module VisualStudioSourceCodeAccess (314)
[2021.07.28-16.25.53:713][222]LogModuleManager: Shutting down and abandoning module VisualStudioCodeSourceCodeAccess (312)
[2021.07.28-16.25.53:713][222]LogModuleManager: Shutting down and abandoning module UObjectPlugin (310)
[2021.07.28-16.25.53:713][222]LogModuleManager: Shutting down and abandoning module SubversionSourceControl (308)
[2021.07.28-16.25.53:714][222]LogModuleManager: Shutting down and abandoning module PerforceSourceControl (306)
[2021.07.28-16.25.53:715][222]LogModuleManager: Shutting down and abandoning module GitSourceControl (304)
[2021.07.28-16.25.53:716][222]LogModuleManager: Shutting down and abandoning module SourceControl (303)
[2021.07.28-16.25.53:716][222]LogModuleManager: Shutting down and abandoning module CLionSourceCodeAccess (300)
[2021.07.28-16.25.53:717][222]LogModuleManager: Shutting down and abandoning module LightPropagationVolumeEditor (298)
[2021.07.28-16.25.53:717][222]LogModuleManager: Shutting down and abandoning module PaperTiledImporter (296)
[2021.07.28-16.25.53:717][222]LogModuleManager: Shutting down and abandoning module PaperSpriteSheetImporter (294)
[2021.07.28-16.25.53:717][222]LogModuleManager: Shutting down and abandoning module Paper2DEditor (292)
[2021.07.28-16.25.53:717][222]LogModuleManager: Shutting down and abandoning module MeshPaint (291)
[2021.07.28-16.25.53:718][222]LogModuleManager: Shutting down and abandoning module RuntimePhysXCooking (288)
[2021.07.28-16.25.53:718][222]LogModuleManager: Shutting down and abandoning module PhysXVehiclesEditor (286)
[2021.07.28-16.25.53:719][222]LogModuleManager: Shutting down and abandoning module PhysXVehicles (284)
[2021.07.28-16.25.53:719][222]LogModuleManager: Shutting down and abandoning module OculusEditor (282)
[2021.07.28-16.25.53:719][222]LogModuleManager: Shutting down and abandoning module LocationServicesBPLibrary (280)
[2021.07.28-16.25.53:719][222]LogModuleManager: Shutting down and abandoning module ImmediatePhysicsEditor (278)
[2021.07.28-16.25.53:719][222]LogModuleManager: Shutting down and abandoning module ImmediatePhysics (276)
[2021.07.28-16.25.53:719][222]LogModuleManager: Shutting down and abandoning module ActorSequence (274)
[2021.07.28-16.25.53:720][222]LogModuleManager: Shutting down and abandoning module UdpMessaging (272)
[2021.07.28-16.25.53:820][222]LogModuleManager: Shutting down and abandoning module TcpMessaging (270)
[2021.07.28-16.25.53:920][222]LogModuleManager: Shutting down and abandoning module GameplayTagsEditor (268)
[2021.07.28-16.25.53:921][222]LogModuleManager: Shutting down and abandoning module FacialAnimationEditor (266)
[2021.07.28-16.25.53:921][222]LogModuleManager: Shutting down and abandoning module FacialAnimation (264)
[2021.07.28-16.25.53:921][222]LogModuleManager: Shutting down and abandoning module DataValidation (262)
[2021.07.28-16.25.53:921][222]LogModuleManager: Shutting down and abandoning module AssetManagerEditor (260)
[2021.07.28-16.25.53:921][222]LogModuleManager: Shutting down and abandoning module LevelEditor (259)
[2021.07.28-16.25.53:923][222]LogModuleManager: Shutting down and abandoning module PixelInspectorModule (258)
[2021.07.28-16.25.53:924][222]LogModuleManager: Shutting down and abandoning module CommonMenuExtensions (256)
[2021.07.28-16.25.53:924][222]LogModuleManager: Shutting down and abandoning module MainFrame (254)
[2021.07.28-16.25.53:924][222]LogModuleManager: Shutting down and abandoning module HotReload (253)
[2021.07.28-16.25.53:924][222]LogModuleManager: Shutting down and abandoning module ContentBrowser (249)
[2021.07.28-16.25.53:927][222]LogModuleManager: Shutting down and abandoning module TreeMap (247)
[2021.07.28-16.25.53:928][222]LogModuleManager: Shutting down and abandoning module LightPropagationVolumeRuntime (244)
[2021.07.28-16.25.53:928][222]LogModuleManager: Shutting down and abandoning module LiveLinkEditor (242)
[2021.07.28-16.25.53:929][222]LogModuleManager: Shutting down and abandoning module LiveLink (240)
[2021.07.28-16.25.54:683][222]LogModuleManager: Shutting down and abandoning module Paper2D (238)
[2021.07.28-16.25.54:684][222]LogModuleManager: Shutting down and abandoning module WindowsMoviePlayer (236)
[2021.07.28-16.25.54:685][222]LogModuleManager: Shutting down and abandoning module WmfMedia (234)
[2021.07.28-16.25.54:686][222]LogModuleManager: Shutting down and abandoning module Media (233)
[2021.07.28-16.25.54:693][222]LogModuleManager: Shutting down and abandoning module PacketHandler (230)
[2021.07.28-16.25.54:693][222]LogModuleManager: Shutting down and abandoning module ClothingSystemEditor (228)
[2021.07.28-16.25.54:694][222]LogModuleManager: Shutting down and abandoning module ClothingSystemRuntime (226)
[2021.07.28-16.25.54:694][222]LogModuleManager: Shutting down and abandoning module MediaAssets (224)
[2021.07.28-16.25.54:694][222]LogModuleManager: Shutting down and abandoning module Overlay (222)
[2021.07.28-16.25.54:694][222]LogModuleManager: Shutting down and abandoning module OverlayEditor (221)
[2021.07.28-16.25.54:694][222]LogModuleManager: Shutting down and abandoning module VREditor (218)
[2021.07.28-16.25.54:695][222]LogModuleManager: Shutting down and abandoning module StringTableEditor (216)
[2021.07.28-16.25.54:696][222]LogModuleManager: Shutting down and abandoning module GameplayTasksEditor (214)
[2021.07.28-16.25.54:696][222]LogModuleManager: Shutting down and abandoning module BehaviorTreeEditor (212)
[2021.07.28-16.25.54:697][222]LogModuleManager: Shutting down and abandoning module FunctionalTesting (210)
[2021.07.28-16.25.54:697][222]LogModuleManager: Shutting down and abandoning module CollisionAnalyzer (208)
[2021.07.28-16.25.54:698][222]LogModuleManager: Shutting down and abandoning module WorkspaceMenuStructure (207)
[2021.07.28-16.25.54:698][222]LogModuleManager: Shutting down and abandoning module UMG (204)
[2021.07.28-16.25.54:698][222]LogModuleManager: Shutting down and abandoning module UMGEditor (203)
[2021.07.28-16.25.54:700][222]LogModuleManager: Shutting down and abandoning module Sequencer (202)
[2021.07.28-16.25.54:702][222]LogModuleManager: Shutting down and abandoning module MessageLog (199)
[2021.07.28-16.25.54:702][222]LogModuleManager: Shutting down and abandoning module SlateReflector (194)
[2021.07.28-16.25.54:703][222]LogModuleManager: Shutting down and abandoning module Slate (192)
[2021.07.28-16.25.54:703][222]LogModuleManager: Shutting down and abandoning module EditorStyle (190)
[2021.07.28-16.25.54:709][222]LogModuleManager: Shutting down and abandoning module MRMesh (188)
[2021.07.28-16.25.54:710][222]LogModuleManager: Shutting down and abandoning module SourceCodeAccess (186)
[2021.07.28-16.25.54:710][222]LogModuleManager: Shutting down and abandoning module HeadMountedDisplay (184)
[2021.07.28-16.25.54:710][222]LogModuleManager: Shutting down and abandoning module XAudio2 (182)
[2021.07.28-16.25.54:710][222]LogModuleManager: Shutting down and abandoning module Networking (180)
[2021.07.28-16.25.54:710][222]LogModuleManager: Shutting down and abandoning module Core (178)
[2021.07.28-16.25.54:710][222]LogModuleManager: Shutting down and abandoning module LevelSequence (176)
[2021.07.28-16.25.54:710][222]LogModuleManager: Shutting down and abandoning module KismetCompiler (174)
[2021.07.28-16.25.54:710][222]LogModuleManager: Shutting down and abandoning module MeshUtilities (172)
[2021.07.28-16.25.54:711][222]LogModuleManager: Shutting down and abandoning module MeshMergeUtilities (171)
[2021.07.28-16.25.54:711][222]LogModuleManager: Shutting down and abandoning module MeshReductionInterface (170)
[2021.07.28-16.25.54:711][222]LogModuleManager: Shutting down and abandoning module SimplygonSwarm (169)
[2021.07.28-16.25.54:711][222]LogModuleManager: Shutting down and abandoning module SimplygonMeshReduction (167)
[2021.07.28-16.25.54:712][222]LogModuleManager: Shutting down and abandoning module QuadricMeshReduction (165)
[2021.07.28-16.25.54:712][222]LogModuleManager: Shutting down and abandoning module MaterialBaking (161)
[2021.07.28-16.25.54:712][222]LogModuleManager: Shutting down and abandoning module DirectoryWatcher (157)
[2021.07.28-16.25.54:722][222]LogModuleManager: Shutting down and abandoning module DerivedDataCache (154)
[2021.07.28-16.25.54:819][222]LogDerivedDataCache: Shutdown
[2021.07.28-16.25.54:819][222]LogModuleManager: Shutting down and abandoning module XGEController (152)
[2021.07.28-16.25.54:821][222]LogModuleManager: Shutting down and abandoning module TargetPlatform (150)
[2021.07.28-16.25.54:832][222]LogModuleManager: Shutting down and abandoning module VulkanShaderFormat (149)
[2021.07.28-16.25.54:834][222]LogModuleManager: Shutting down and abandoning module ShaderFormatVectorVM (147)
[2021.07.28-16.25.54:834][222]LogModuleManager: Shutting down and abandoning module ShaderFormatOpenGL (145)
[2021.07.28-16.25.54:835][222]LogModuleManager: Shutting down and abandoning module ShaderFormatD3D (143)
[2021.07.28-16.25.54:835][222]LogModuleManager: Shutting down and abandoning module MetalShaderFormat (141)
[2021.07.28-16.25.54:835][222]LogModuleManager: Shutting down and abandoning module TextureFormatUncompressed (139)
[2021.07.28-16.25.54:835][222]LogModuleManager: Shutting down and abandoning module TextureFormatPVR (137)
[2021.07.28-16.25.54:835][222]LogModuleManager: Shutting down and abandoning module TextureFormatDXT (135)
[2021.07.28-16.25.54:836][222]LogModuleManager: Shutting down and abandoning module TextureFormatIntelISPCTexComp (133)
[2021.07.28-16.25.54:836][222]LogModuleManager: Shutting down and abandoning module TextureFormatASTC (131)
[2021.07.28-16.25.54:836][222]LogModuleManager: Shutting down and abandoning module ImageWrapper (130)
[2021.07.28-16.25.54:836][222]LogModuleManager: Shutting down and abandoning module TextureFormatAndroid (127)
[2021.07.28-16.25.54:836][222]LogModuleManager: Shutting down and abandoning module AudioFormatOpus (125)
[2021.07.28-16.25.54:836][222]LogModuleManager: Shutting down and abandoning module AudioFormatOgg (123)
[2021.07.28-16.25.54:836][222]LogModuleManager: Shutting down and abandoning module AudioFormatADPCM (121)
[2021.07.28-16.25.54:836][222]LogModuleManager: Shutting down and abandoning module LinuxTargetPlatform (119)
[2021.07.28-16.25.54:837][222]LogModuleManager: Shutting down and abandoning module LinuxServerTargetPlatform (117)
[2021.07.28-16.25.54:837][222]LogModuleManager: Shutting down and abandoning module LinuxNoEditorTargetPlatform (115)
[2021.07.28-16.25.54:837][222]LogModuleManager: Shutting down and abandoning module LinuxClientTargetPlatform (113)
[2021.07.28-16.25.54:837][222]LogModuleManager: Shutting down and abandoning module TVOSTargetPlatform (111)
[2021.07.28-16.25.54:837][222]LogModuleManager: Shutting down and abandoning module Messaging (109)
[2021.07.28-16.25.54:837][222]LogModuleManager: Shutting down and abandoning module IOSTargetPlatform (107)
[2021.07.28-16.25.54:837][222]LogModuleManager: Shutting down and abandoning module HTML5TargetPlatform (105)
[2021.07.28-16.25.54:837][222]LogModuleManager: Shutting down and abandoning module AndroidTargetPlatform (103)
[2021.07.28-16.25.54:837][222]LogModuleManager: Shutting down and abandoning module Android_PVRTCTargetPlatform (101)
[2021.07.28-16.25.54:837][222]LogModuleManager: Shutting down and abandoning module Android_MultiTargetPlatform (99)
[2021.07.28-16.25.54:837][222]LogModuleManager: Shutting down and abandoning module Android_ETC2TargetPlatform (97)
[2021.07.28-16.25.54:838][222]LogModuleManager: Shutting down and abandoning module Android_ETC1TargetPlatform (95)
[2021.07.28-16.25.54:838][222]LogModuleManager: Shutting down and abandoning module Android_ETC1aTargetPlatform (93)
[2021.07.28-16.25.54:838][222]LogModuleManager: Shutting down and abandoning module Android_DXTTargetPlatform (91)
[2021.07.28-16.25.54:838][222]LogModuleManager: Shutting down and abandoning module Android_ATCTargetPlatform (89)
[2021.07.28-16.25.54:838][222]LogModuleManager: Shutting down and abandoning module Android_ASTCTargetPlatform (87)
[2021.07.28-16.25.54:838][222]LogModuleManager: Shutting down and abandoning module WindowsTargetPlatform (85)
[2021.07.28-16.25.54:838][222]LogModuleManager: Shutting down and abandoning module WindowsServerTargetPlatform (83)
[2021.07.28-16.25.54:841][222]LogModuleManager: Shutting down and abandoning module WindowsNoEditorTargetPlatform (81)
[2021.07.28-16.25.54:844][222]LogModuleManager: Shutting down and abandoning module WindowsClientTargetPlatform (79)
[2021.07.28-16.25.54:844][222]LogModuleManager: Shutting down and abandoning module MacTargetPlatform (77)
[2021.07.28-16.25.54:844][222]LogModuleManager: Shutting down and abandoning module MacServerTargetPlatform (75)
[2021.07.28-16.25.54:845][222]LogModuleManager: Shutting down and abandoning module MacNoEditorTargetPlatform (73)
[2021.07.28-16.25.54:847][222]LogModuleManager: Shutting down and abandoning module MacClientTargetPlatform (71)
[2021.07.28-16.25.54:847][222]LogModuleManager: Shutting down and abandoning module AllDesktopTargetPlatform (69)
[2021.07.28-16.25.54:848][222]LogModuleManager: Shutting down and abandoning module InputCore (66)
[2021.07.28-16.25.54:848][222]LogModuleManager: Shutting down and abandoning module Settings (64)
[2021.07.28-16.25.54:852][222]LogModuleManager: Shutting down and abandoning module PhysXCooking (62)
[2021.07.28-16.25.54:860][222]LogModuleManager: Shutting down and abandoning module SteamVR (60)
[2021.07.28-16.25.54:860][222]LogModuleManager: Shutting down and abandoning module OculusHMD (58)
[2021.07.28-16.25.54:863][222]LogModuleManager: Shutting down and abandoning module ExampleDeviceProfileSelector (56)
[2021.07.28-16.25.54:864][222]LogModuleManager: Shutting down and abandoning module AppleARKit (54)
[2021.07.28-16.25.54:864][222]LogModuleManager: Shutting down and abandoning module AugmentedReality (51)
[2021.07.28-16.25.54:864][222]LogModuleManager: Shutting down and abandoning module OnlineBlueprintSupport (48)
[2021.07.28-16.25.54:864][222]LogModuleManager: Shutting down and abandoning module OnlineSubsystem (44)
[2021.07.28-16.25.54:869][222]LogModuleManager: Shutting down and abandoning module XMPP (43)
[2021.07.28-16.25.54:871][222]LogModuleManager: Shutting down and abandoning module HTTP (41)
[2021.07.28-16.25.54:871][222]LogHttp: Display: Http module shutting down, but needs to wait on 1 outstanding Http requests:
[2021.07.28-16.25.54:872][222]LogHttp: Display: 	verb=[POST] url=[https://datarouter.ol.epicgames.com/datarouter/api/v1/public/data?SessionID=%7BF7F85B7F-4A3F-05BF-962E-23A1C040E3D8%7D&AppID=UEEditor.Rocket.Release&AppVersion=4.19.2-4033788%2B%2B%2BUE4%2BRelease-4.19&UserID=827661ce4b2b61f8d7cf33b3b8a588e5%7Ce896afdaab544be5ba68f6d3e5458d58%7Ccb31ac42-24cc-46b3-9823-c889a4c36331&AppEnvironment=datacollector-binary&UploadType=eteventstream] status=Processing
[2021.07.28-16.25.54:895][222]LogModuleManager: Shutting down and abandoning module SSL (40)
[2021.07.28-16.25.54:901][222]LogModuleManager: Shutting down and abandoning module AnimationModifiers (36)
[2021.07.28-16.25.54:903][222]LogModuleManager: Shutting down and abandoning module PropertyEditor (35)
[2021.07.28-16.25.54:904][222]LogModuleManager: Shutting down and abandoning module AudioEditor (32)
[2021.07.28-16.25.54:905][222]LogModuleManager: Shutting down and abandoning module TextureCompressor (30)
[2021.07.28-16.25.54:907][222]LogModuleManager: Shutting down and abandoning module ShaderCore (28)
[2021.07.28-16.25.54:907][222]LogModuleManager: Shutting down and abandoning module Landscape (26)
[2021.07.28-16.25.54:907][222]LogModuleManager: Shutting down and abandoning module SlateRHIRenderer (24)
[2021.07.28-16.25.54:964][222]LogModuleManager: Shutting down and abandoning module OpenGLDrv (22)
[2021.07.28-16.25.54:965][222]LogModuleManager: Shutting down and abandoning module D3D11RHI (20)
[2021.07.28-16.25.54:965][222]LogModuleManager: Shutting down and abandoning module AnimGraphRuntime (18)
[2021.07.28-16.25.54:965][222]LogModuleManager: Shutting down and abandoning module Renderer (16)
[2021.07.28-16.25.54:965][222]LogModuleManager: Shutting down and abandoning module Engine (14)
[2021.07.28-16.25.54:965][222]LogModuleManager: Shutting down and abandoning module CoreUObject (12)
[2021.07.28-16.25.54:965][222]LogModuleManager: Shutting down and abandoning module NetworkFile (10)
[2021.07.28-16.25.54:965][222]LogModuleManager: Shutting down and abandoning module CookedIterativeFile (8)
[2021.07.28-16.25.54:965][222]LogModuleManager: Shutting down and abandoning module StreamingFile (6)
[2021.07.28-16.25.54:966][222]LogModuleManager: Shutting down and abandoning module SandboxFile (4)
[2021.07.28-16.25.54:966][222]LogModuleManager: Shutting down and abandoning module PakFile (2)
[2021.07.28-16.25.54:987][222]LogExit: Exiting.
[2021.07.28-16.25.55:019][222]Log file closed, 07/29/21 01:25:55
